[0.010s] Invoking command in '/home/mhenkel/Documents/hi_decklink_ros2/build/hi_decklink_ros2': CMAKE_PREFIX_PATH=${CMAKE_PREFIX_PATH}:/opt/ros/jazzy DEBUGINFOD_URLS=https://debuginfod.ubuntu.com /usr/bin/cmake --build /home/mhenkel/Documents/hi_decklink_ros2/build/hi_decklink_ros2 -- -j8 -l8
[0.065s] [ 44%] Built target decklink
[0.093s] [ 51%] [32mBuilding CXX object CMakeFiles/publisher.dir/src/publisher.cpp.o[0m
[0.093s] [ 51%] [32mBuilding CXX object CMakeFiles/publisher.dir/src/decklink_camera_driver.cpp.o[0m
[0.095s] [ 59%] Built target deckquery
[0.096s] [ 66%] Built target deckmonitor
[0.096s] [ 74%] Built target deckstatus
[0.097s] [ 81%] Built target deckview
[0.103s] [ 88%] Built target img2ros
[0.105s] [ 96%] Built target deckoutput
[0.431s] In file included from [01m[K/home/mhenkel/Documents/hi_decklink_ros2/src/publisher.cpp:6[m[K:
[0.431s] [01m[K/home/mhenkel/Documents/hi_decklink_ros2/include/decklink_camera_driver.hpp:13:10:[m[K [01;31m[Kfatal error: [m[Kstd_srvs/std_srvs/srv/empty.hpp: No such file or directory
[0.431s]    13 | #include [01;31m[K<std_srvs/std_srvs/srv/empty.hpp>[m[K
[0.431s]       |          [01;31m[K^~~~~~~~~~~~~~~~~~~~~~~~~~~~~~~~~[m[K
[0.431s] compilation terminated.
[0.436s] gmake[2]: *** [CMakeFiles/publisher.dir/build.make:76: CMakeFiles/publisher.dir/src/publisher.cpp.o] Error 1
[0.436s] gmake[2]: *** Waiting for unfinished jobs....
[0.488s] In file included from [01m[K/home/mhenkel/Documents/hi_decklink_ros2/src/decklink_camera_driver.cpp:8[m[K:
[0.488s] [01m[K/home/mhenkel/Documents/hi_decklink_ros2/include/decklink_camera_driver.hpp:13:10:[m[K [01;31m[Kfatal error: [m[Kstd_srvs/std_srvs/srv/empty.hpp: No such file or directory
[0.488s]    13 | #include [01;31m[K<std_srvs/std_srvs/srv/empty.hpp>[m[K
[0.488s]       |          [01;31m[K^~~~~~~~~~~~~~~~~~~~~~~~~~~~~~~~~[m[K
[0.488s] compilation terminated.
[0.491s] gmake[2]: *** [CMakeFiles/publisher.dir/build.make:90: CMakeFiles/publisher.dir/src/decklink_camera_driver.cpp.o] Error 1
[0.492s] gmake[1]: *** [CMakeFiles/Makefile2:168: CMakeFiles/publisher.dir/all] Error 2
[0.492s] gmake: *** [Makefile:146: all] Error 2
[0.495s] Invoked command in '/home/mhenkel/Documents/hi_decklink_ros2/build/hi_decklink_ros2' returned '2': CMAKE_PREFIX_PATH=${CMAKE_PREFIX_PATH}:/opt/ros/jazzy DEBUGINFOD_URLS=https://debuginfod.ubuntu.com /usr/bin/cmake --build /home/mhenkel/Documents/hi_decklink_ros2/build/hi_decklink_ros2 -- -j8 -l8
