[0.009s] Invoking command in '/home/mhenkel/Documents/hi_decklink_ros2/build/hi_decklink_ros2': DEBUGINFOD_URLS=https://debuginfod.ubuntu.com /usr/bin/cmake /home/mhenkel/Documents/hi_decklink_ros2 -DCMAKE_INSTALL_PREFIX=/home/mhenkel/Documents/hi_decklink_ros2/install/hi_decklink_ros2
[0.031s] -- Could NOT find Doxygen (missing: DOXYGEN_EXECUTABLE) 
[0.031s] [0mDoxygen need to be installed to generate the doxygen documentation[0m
[0.034s] -- Found ament_cmake: 2.5.4 (/opt/ros/jazzy/share/ament_cmake/cmake)
[0.226s] -- Found rclcpp: 28.1.10 (/opt/ros/jazzy/share/rclcpp/cmake)
[0.252s] -- Found rosidl_generator_c: 4.6.5 (/opt/ros/jazzy/share/rosidl_generator_c/cmake)
[0.260s] -- Found rosidl_generator_cpp: 4.6.5 (/opt/ros/jazzy/share/rosidl_generator_cpp/cmake)
[0.272s] -- Using all available rosidl_typesupport_c: rosidl_typesupport_fastrtps_c;rosidl_typesupport_introspection_c
[0.284s] -- Using all available rosidl_typesupport_cpp: rosidl_typesupport_fastrtps_cpp;rosidl_typesupport_introspection_cpp
[0.346s] -- Found rmw_implementation_cmake: 7.3.2 (/opt/ros/jazzy/share/rmw_implementation_cmake/cmake)
[0.347s] -- Found rmw_fastrtps_cpp: 8.4.2 (/opt/ros/jazzy/share/rmw_fastrtps_cpp/cmake)
[0.407s] -- Using RMW implementation 'rmw_fastrtps_cpp' as default
[0.480s] -- Found image_transport: 5.1.7 (/opt/ros/jazzy/share/image_transport/cmake)
[0.544s] -- Found camera_info_manager: 5.1.7 (/opt/ros/jazzy/share/camera_info_manager/cmake)
[0.561s] -- Setting yaml-cpp_DIR to: '/opt/ros/jazzy/share/yaml_cpp_vendor/cmake/../../../opt/yaml_cpp_vendor/share/cmake/yaml-cpp'
[0.681s] -- Found cv_bridge: 4.1.0 (/opt/ros/jazzy/share/cv_bridge/cmake)
[0.727s] [31mCMake Error at CMakeLists.txt:67 (install):
[0.727s]   install TARGETS given target "publisher" which does not exist.
[0.727s] 
[0.728s] [0m
[0.814s] Error parsing '/home/mhenkel/Documents/hi_decklink_ros2/package.xml':
[4.825s] Traceback (most recent call last):
[4.826s]   File "/usr/lib/python3/dist-packages/catkin_pkg/package.py", line 610, in parse_package_string
[4.827s]     root = dom.parseString(data)
[4.827s]            ^^^^^^^^^^^^^^^^^^^^^
[4.828s]   File "/usr/lib/python3.12/xml/dom/minidom.py", line 2000, in parseString
[4.829s]     return expatbuilder.parseString(string)
[4.829s]            ^^^^^^^^^^^^^^^^^^^^^^^^^^^^^^^^
[4.829s]   File "/usr/lib/python3.12/xml/dom/expatbuilder.py", line 922, in parseString
[4.830s]     return builder.parseString(string)
[4.831s]            ^^^^^^^^^^^^^^^^^^^^^^^^^^^
[4.832s]   File "/usr/lib/python3.12/xml/dom/expatbuilder.py", line 220, in parseString
[4.833s]     parser.Parse(string, True)
[4.833s] xml.parsers.expat.ExpatError: XML or text declaration not at start of entity: line 5, column 0
[4.834s] 
[4.834s] During handling of the above exception, another exception occurred:
[4.835s] 
[4.836s] Traceback (most recent call last):
[4.836s]   File "/opt/ros/jazzy/share/ament_cmake_core/cmake/core/package_xml_2_cmake.py", line 150, in <module>
[4.837s]     main()
[4.837s]   File "/opt/ros/jazzy/share/ament_cmake_core/cmake/core/package_xml_2_cmake.py", line 53, in main
[4.838s]     raise e
[4.838s]   File "/opt/ros/jazzy/share/ament_cmake_core/cmake/core/package_xml_2_cmake.py", line 49, in main
[4.839s]     package = parse_package_string(
[4.839s]               ^^^^^^^^^^^^^^^^^^^^^
[4.839s]   File "/usr/lib/python3/dist-packages/catkin_pkg/package.py", line 612, in parse_package_string
[4.840s]     raise InvalidPackage('The manifest contains invalid XML:\n%s' % ex, filename)
[4.840s] catkin_pkg.package.InvalidPackage: Error(s) in package '/home/mhenkel/Documents/hi_decklink_ros2/package.xml':
[4.840s] The manifest contains invalid XML:
[4.841s] XML or text declaration not at start of entity: line 5, column 0
[4.892s] [31mCMake Error at /opt/ros/jazzy/share/ament_cmake_core/cmake/core/ament_package_xml.cmake:95 (message):
[4.892s]   execute_process(/usr/bin/python3
[4.892s]   /opt/ros/jazzy/share/ament_cmake_core/cmake/core/package_xml_2_cmake.py
[4.893s]   /home/mhenkel/Documents/hi_decklink_ros2/package.xml
[4.893s]   /home/mhenkel/Documents/hi_decklink_ros2/build/hi_decklink_ros2/ament_cmake_core/package.cmake)
[4.893s]   returned error code 1
[4.893s] Call Stack (most recent call first):
[4.893s]   /opt/ros/jazzy/share/ament_cmake_core/cmake/core/ament_package_xml.cmake:49 (_ament_package_xml)
[4.893s]   /opt/ros/jazzy/share/ament_cmake_core/cmake/core/ament_package.cmake:63 (ament_package_xml)
[4.893s]   CMakeLists.txt:96 (ament_package)
[4.893s] 
[4.894s] [0m
[4.894s] -- Configuring incomplete, errors occurred!
[4.901s] Invoked command in '/home/mhenkel/Documents/hi_decklink_ros2/build/hi_decklink_ros2' returned '1': DEBUGINFOD_URLS=https://debuginfod.ubuntu.com /usr/bin/cmake /home/mhenkel/Documents/hi_decklink_ros2 -DCMAKE_INSTALL_PREFIX=/home/mhenkel/Documents/hi_decklink_ros2/install/hi_decklink_ros2
