[0.010s] Invoking command in '/home/mhenkel/Documents/hi_decklink_ros2/build/hi_decklink_ros2': CMAKE_PREFIX_PATH=${CMAKE_PREFIX_PATH}:/opt/ros/jazzy DEBUGINFOD_URLS=https://debuginfod.ubuntu.com /usr/bin/cmake --build /home/mhenkel/Documents/hi_decklink_ros2/build/hi_decklink_ros2 -- -j8 -l8
[0.064s] [ 44%] Built target decklink
[0.093s] [ 51%] Built target deckview
[0.094s] [ 62%] Built target deckmonitor
[0.094s] [ 81%] Built target deckquery
[0.094s] [ 81%] Built target img2ros
[0.094s] [ 81%] Built target deckstatus
[0.100s] [ 88%] Built target deckoutput
[0.123s] [ 92%] [32mBuilding CXX object CMakeFiles/publisher.dir/src/publisher.cpp.o[0m
[0.125s] [ 96%] [32mBuilding CXX object CMakeFiles/publisher.dir/src/decklink_camera_driver.cpp.o[0m
[3.880s] [01m[K/home/mhenkel/Documents/hi_decklink_ros2/src/decklink_camera_driver.cpp:[m[K In constructor â€˜[01m[KDeckLinkCameraDriver::[01;32m[KDeckLinkCameraDriver[m[K()[m[Kâ€™:
[3.880s] [01m[K/home/mhenkel/Documents/hi_decklink_ros2/src/decklink_camera_driver.cpp:108:42:[m[K [01;31m[Kerror: [m[Kno matching function for call to â€˜[01m[KDeckLinkCameraDriver::create_service(const char [14], void (DeckLinkCameraDriver::*)(std::shared_ptr<std_srvs::srv::Empty_Request_<std::allocator<void> > >, std::shared_ptr<std_srvs::srv::Empty_Response_<std::allocator<void> > >), DeckLinkCameraDriver*)[m[Kâ€™
[3.880s]   108 |     _start_capture = [01;31m[Kthis->create_service("start_capture",[m[K
[3.880s]       |                      [01;31m[K~~~~~~~~~~~~~~~~~~~~^~~~~~~~~~~~~~~~~[m[K
[3.880s]   109 | [01;31m[K        &DeckLinkCameraDriver::on_start_capture_request, this)[m[K;
[3.880s]       |         [01;31m[K~~~~~~~~~~~~~~~~~~~~~~~~~~~~~~~~~~~~~~~~~~~~~~~~~~~~~~[m[K
[3.880s] In file included from [01m[K/opt/ros/jazzy/include/rclcpp/rclcpp/executors/single_threaded_executor.hpp:28[m[K,
[3.880s]                  from [01m[K/opt/ros/jazzy/include/rclcpp/rclcpp/executors.hpp:22[m[K,
[3.881s]                  from [01m[K/opt/ros/jazzy/include/rclcpp/rclcpp/rclcpp.hpp:172[m[K,
[3.881s]                  from [01m[K/home/mhenkel/Documents/hi_decklink_ros2/include/decklink_camera_driver.hpp:10[m[K,
[3.881s]                  from [01m[K/home/mhenkel/Documents/hi_decklink_ros2/src/decklink_camera_driver.cpp:9[m[K:
[3.881s] [01m[K/opt/ros/jazzy/include/rclcpp/rclcpp/node.hpp:302:3:[m[K [01;36m[Knote: [m[Kcandidate: â€˜[01m[Ktemplate<class ServiceT, class CallbackT> typename rclcpp::Service<ServiceT>::SharedPtr rclcpp::Node::[01;32m[Kcreate_service[m[K(const std::string&, CallbackT&&, const rmw_qos_profile_t&, rclcpp::CallbackGroup::SharedPtr)[m[Kâ€™
[3.881s]   302 |   [01;36m[Kcreate_service[m[K(
[3.881s]       |   [01;36m[K^~~~~~~~~~~~~~[m[K
[3.881s] [01m[K/opt/ros/jazzy/include/rclcpp/rclcpp/node.hpp:302:3:[m[K [01;36m[Knote: [m[K  template argument deduction/substitution failed:
[3.881s] [01m[K/home/mhenkel/Documents/hi_decklink_ros2/src/decklink_camera_driver.cpp:108:42:[m[K [01;36m[Knote: [m[K  couldnâ€™t deduce template parameter â€˜[01m[KServiceT[m[Kâ€™
[3.881s]   108 |     _start_capture = [01;36m[Kthis->create_service("start_capture",[m[K
[3.881s]       |                      [01;36m[K~~~~~~~~~~~~~~~~~~~~^~~~~~~~~~~~~~~~~[m[K
[3.882s]   109 | [01;36m[K        &DeckLinkCameraDriver::on_start_capture_request, this)[m[K;
[3.882s]       |         [01;36m[K~~~~~~~~~~~~~~~~~~~~~~~~~~~~~~~~~~~~~~~~~~~~~~~~~~~~~~[m[K
[3.882s] In file included from [01m[K/opt/ros/jazzy/include/rclcpp/rclcpp/node.hpp:1663[m[K:
[3.882s] [01m[K/opt/ros/jazzy/include/rclcpp/rclcpp/node_impl.hpp:175:1:[m[K [01;36m[Knote: [m[Kcandidate: â€˜[01m[Ktemplate<class ServiceT, class CallbackT> typename rclcpp::Service<ServiceT>::SharedPtr rclcpp::Node::[01;32m[Kcreate_service[m[K(const std::string&, CallbackT&&, const rclcpp::QoS&, rclcpp::CallbackGroup::SharedPtr)[m[Kâ€™
[3.882s]   175 | [01;36m[KNode[m[K::create_service(
[3.882s]       | [01;36m[K^~~~[m[K
[3.882s] [01m[K/opt/ros/jazzy/include/rclcpp/rclcpp/node_impl.hpp:175:1:[m[K [01;36m[Knote: [m[K  template argument deduction/substitution failed:
[3.882s] [01m[K/home/mhenkel/Documents/hi_decklink_ros2/src/decklink_camera_driver.cpp:108:42:[m[K [01;36m[Knote: [m[K  couldnâ€™t deduce template parameter â€˜[01m[KServiceT[m[Kâ€™
[3.882s]   108 |     _start_capture = [01;36m[Kthis->create_service("start_capture",[m[K
[3.883s]       |                      [01;36m[K~~~~~~~~~~~~~~~~~~~~^~~~~~~~~~~~~~~~~[m[K
[3.883s]   109 | [01;36m[K        &DeckLinkCameraDriver::on_start_capture_request, this)[m[K;
[3.883s]       |         [01;36m[K~~~~~~~~~~~~~~~~~~~~~~~~~~~~~~~~~~~~~~~~~~~~~~~~~~~~~~[m[K
[3.883s] [01m[K/home/mhenkel/Documents/hi_decklink_ros2/src/decklink_camera_driver.cpp:110:41:[m[K [01;31m[Kerror: [m[Kno matching function for call to â€˜[01m[KDeckLinkCameraDriver::create_service(const char [13], void (DeckLinkCameraDriver::*)(std::shared_ptr<std_srvs::srv::Empty_Request_<std::allocator<void> > >, std::shared_ptr<std_srvs::srv::Empty_Response_<std::allocator<void> > >), DeckLinkCameraDriver*)[m[Kâ€™
[3.883s]   110 |     _stop_capture = [01;31m[Kthis->create_service("stop_capture",[m[K
[3.883s]       |                     [01;31m[K~~~~~~~~~~~~~~~~~~~~^~~~~~~~~~~~~~~~[m[K
[3.883s]   111 | [01;31m[K        &DeckLinkCameraDriver::on_stop_capture_request, this)[m[K;
[3.883s]       |         [01;31m[K~~~~~~~~~~~~~~~~~~~~~~~~~~~~~~~~~~~~~~~~~~~~~~~~~~~~~[m[K
[3.883s] [01m[K/opt/ros/jazzy/include/rclcpp/rclcpp/node.hpp:302:3:[m[K [01;36m[Knote: [m[Kcandidate: â€˜[01m[Ktemplate<class ServiceT, class CallbackT> typename rclcpp::Service<ServiceT>::SharedPtr rclcpp::Node::[01;32m[Kcreate_service[m[K(const std::string&, CallbackT&&, const rmw_qos_profile_t&, rclcpp::CallbackGroup::SharedPtr)[m[Kâ€™
[3.884s]   302 |   [01;36m[Kcreate_service[m[K(
[3.884s]       |   [01;36m[K^~~~~~~~~~~~~~[m[K
[3.884s] [01m[K/opt/ros/jazzy/include/rclcpp/rclcpp/node.hpp:302:3:[m[K [01;36m[Knote: [m[K  template argument deduction/substitution failed:
[3.884s] [01m[K/home/mhenkel/Documents/hi_decklink_ros2/src/decklink_camera_driver.cpp:110:41:[m[K [01;36m[Knote: [m[K  couldnâ€™t deduce template parameter â€˜[01m[KServiceT[m[Kâ€™
[3.884s]   110 |     _stop_capture = [01;36m[Kthis->create_service("stop_capture",[m[K
[3.884s]       |                     [01;36m[K~~~~~~~~~~~~~~~~~~~~^~~~~~~~~~~~~~~~[m[K
[3.884s]   111 | [01;36m[K        &DeckLinkCameraDriver::on_stop_capture_request, this)[m[K;
[3.884s]       |         [01;36m[K~~~~~~~~~~~~~~~~~~~~~~~~~~~~~~~~~~~~~~~~~~~~~~~~~~~~~[m[K
[3.884s] [01m[K/opt/ros/jazzy/include/rclcpp/rclcpp/node_impl.hpp:175:1:[m[K [01;36m[Knote: [m[Kcandidate: â€˜[01m[Ktemplate<class ServiceT, class CallbackT> typename rclcpp::Service<ServiceT>::SharedPtr rclcpp::Node::[01;32m[Kcreate_service[m[K(const std::string&, CallbackT&&, const rclcpp::QoS&, rclcpp::CallbackGroup::SharedPtr)[m[Kâ€™
[3.885s]   175 | [01;36m[KNode[m[K::create_service(
[3.885s]       | [01;36m[K^~~~[m[K
[3.885s] [01m[K/opt/ros/jazzy/include/rclcpp/rclcpp/node_impl.hpp:175:1:[m[K [01;36m[Knote: [m[K  template argument deduction/substitution failed:
[3.885s] [01m[K/home/mhenkel/Documents/hi_decklink_ros2/src/decklink_camera_driver.cpp:110:41:[m[K [01;36m[Knote: [m[K  couldnâ€™t deduce template parameter â€˜[01m[KServiceT[m[Kâ€™
[3.885s]   110 |     _stop_capture = [01;36m[Kthis->create_service("stop_capture",[m[K
[3.885s]       |                     [01;36m[K~~~~~~~~~~~~~~~~~~~~^~~~~~~~~~~~~~~~[m[K
[3.885s]   111 | [01;36m[K        &DeckLinkCameraDriver::on_stop_capture_request, this)[m[K;
[3.885s]       |         [01;36m[K~~~~~~~~~~~~~~~~~~~~~~~~~~~~~~~~~~~~~~~~~~~~~~~~~~~~~[m[K
[5.167s] gmake[2]: *** [CMakeFiles/publisher.dir/build.make:90: CMakeFiles/publisher.dir/src/decklink_camera_driver.cpp.o] Error 1
[5.167s] gmake[1]: *** [CMakeFiles/Makefile2:168: CMakeFiles/publisher.dir/all] Error 2
[5.168s] gmake: *** [Makefile:146: all] Error 2
[5.170s] Invoked command in '/home/mhenkel/Documents/hi_decklink_ros2/build/hi_decklink_ros2' returned '2': CMAKE_PREFIX_PATH=${CMAKE_PREFIX_PATH}:/opt/ros/jazzy DEBUGINFOD_URLS=https://debuginfod.ubuntu.com /usr/bin/cmake --build /home/mhenkel/Documents/hi_decklink_ros2/build/hi_decklink_ros2 -- -j8 -l8
