[0.011s] Invoking command in '/home/mhenkel/Documents/hi_decklink_ros2/build/hi_decklink_ros2': CMAKE_PREFIX_PATH=${CMAKE_PREFIX_PATH}:/opt/ros/jazzy DEBUGINFOD_URLS=https://debuginfod.ubuntu.com /usr/bin/cmake --build /home/mhenkel/Documents/hi_decklink_ros2/build/hi_decklink_ros2 -- -j8 -l8
[0.063s] [ 44%] Built target decklink
[0.091s] [ 48%] [32mBuilding CXX object CMakeFiles/publisher.dir/src/decklink_camera_driver.cpp.o[0m
[0.094s] [ 51%] [32mBuilding CXX object CMakeFiles/publisher.dir/src/publisher.cpp.o[0m
[0.094s] [ 59%] Built target deckstatus
[0.095s] [ 66%] Built target deckview
[0.096s] [ 74%] Built target deckmonitor
[0.099s] [ 81%] Built target deckquery
[0.101s] [ 88%] Built target deckoutput
[0.106s] [ 96%] Built target img2ros
[0.443s] In file included from [01m[K/home/mhenkel/Documents/hi_decklink_ros2/src/publisher.cpp:6[m[K:
[0.443s] [01m[K/home/mhenkel/Documents/hi_decklink_ros2/include/decklink_camera_driver.hpp:13:10:[m[K [01;31m[Kfatal error: [m[Kstd_srvs/Empty.h: No such file or directory
[0.443s]    13 | #include [01;31m[K<std_srvs/Empty.h>[m[K
[0.443s]       |          [01;31m[K^~~~~~~~~~~~~~~~~~[m[K
[0.444s] compilation terminated.
[0.447s] gmake[2]: *** [CMakeFiles/publisher.dir/build.make:76: CMakeFiles/publisher.dir/src/publisher.cpp.o] Error 1
[0.447s] gmake[2]: *** Waiting for unfinished jobs....
[0.503s] In file included from [01m[K/home/mhenkel/Documents/hi_decklink_ros2/src/decklink_camera_driver.cpp:8[m[K:
[0.503s] [01m[K/home/mhenkel/Documents/hi_decklink_ros2/include/decklink_camera_driver.hpp:13:10:[m[K [01;31m[Kfatal error: [m[Kstd_srvs/Empty.h: No such file or directory
[0.503s]    13 | #include [01;31m[K<std_srvs/Empty.h>[m[K
[0.504s]       |          [01;31m[K^~~~~~~~~~~~~~~~~~[m[K
[0.504s] compilation terminated.
[0.507s] gmake[2]: *** [CMakeFiles/publisher.dir/build.make:90: CMakeFiles/publisher.dir/src/decklink_camera_driver.cpp.o] Error 1
[0.507s] gmake[1]: *** [CMakeFiles/Makefile2:168: CMakeFiles/publisher.dir/all] Error 2
[0.508s] gmake: *** [Makefile:146: all] Error 2
[0.510s] Invoked command in '/home/mhenkel/Documents/hi_decklink_ros2/build/hi_decklink_ros2' returned '2': CMAKE_PREFIX_PATH=${CMAKE_PREFIX_PATH}:/opt/ros/jazzy DEBUGINFOD_URLS=https://debuginfod.ubuntu.com /usr/bin/cmake --build /home/mhenkel/Documents/hi_decklink_ros2/build/hi_decklink_ros2 -- -j8 -l8
