[0.010s] Invoking command in '/home/mhenkel/Documents/hi_decklink_ros2/build/hi_decklink_ros2': CMAKE_PREFIX_PATH=${CMAKE_PREFIX_PATH}:/opt/ros/jazzy DEBUGINFOD_URLS=https://debuginfod.ubuntu.com /usr/bin/cmake --build /home/mhenkel/Documents/hi_decklink_ros2/build/hi_decklink_ros2 -- -j8 -l8
[0.065s] [ 44%] Built target decklink
[0.094s] [ 51%] Built target deckquery
[0.096s] [ 59%] Built target deckstatus
[0.096s] [ 66%] Built target deckmonitor
[0.096s] [ 74%] Built target deckview
[0.100s] [ 81%] Built target img2ros
[0.101s] [ 88%] Built target deckoutput
[0.117s] [ 92%] [32mBuilding CXX object CMakeFiles/publisher.dir/src/publisher.cpp.o[0m
[0.118s] [ 96%] [32mBuilding CXX object CMakeFiles/publisher.dir/src/decklink_camera_driver.cpp.o[0m
[2.888s] In file included from [01m[K/home/mhenkel/Documents/hi_decklink_ros2/src/publisher.cpp:6[m[K:
[2.888s] [01m[K/home/mhenkel/Documents/hi_decklink_ros2/include/decklink_camera_driver.hpp:74:45:[m[K [01;31m[Kerror: [m[Kâ€˜[01m[Kstd_srvs::Empty[m[Kâ€™ has not been declared
[2.888s]    74 | bool on_start_capture_request(std_srvs::[01;31m[KEmpty[m[K::Request& req, std_srvs::Empty::Response& res) {
[2.888s]       |                                         [01;31m[K^~~~~[m[K
[2.888s] 
[2.889s] [01m[K/home/mhenkel/Documents/hi_decklink_ros2/include/decklink_camera_driver.hpp:74:59:[m[K [01;31m[Kerror: [m[Kexpected â€˜[01m[K,[m[Kâ€™ or â€˜[01m[K...[m[Kâ€™ before â€˜[01m[K&[m[Kâ€™ token
[2.889s]    74 | capture_request(std_srvs::Empty::Request[01;31m[K&[m[K req, std_srvs::Empty::Response& res) {
[2.889s]       |                                         [01;31m[K^[m[K
[2.889s] 
[2.889s] [01m[K/home/mhenkel/Documents/hi_decklink_ros2/include/decklink_camera_driver.hpp:81:44:[m[K [01;31m[Kerror: [m[Kâ€˜[01m[Kstd_srvs::Empty[m[Kâ€™ has not been declared
[2.889s]    81 |  bool on_stop_capture_request(std_srvs::[01;31m[KEmpty[m[K::Request& req, std_srvs::Empty::Response& res) {
[2.889s]       |                                         [01;31m[K^~~~~[m[K
[2.890s] 
[2.890s] [01m[K/home/mhenkel/Documents/hi_decklink_ros2/include/decklink_camera_driver.hpp:81:58:[m[K [01;31m[Kerror: [m[Kexpected â€˜[01m[K,[m[Kâ€™ or â€˜[01m[K...[m[Kâ€™ before â€˜[01m[K&[m[Kâ€™ token
[2.890s]    81 | capture_request(std_srvs::Empty::Request[01;31m[K&[m[K req, std_srvs::Empty::Response& res) {
[2.890s]       |                                         [01;31m[K^[m[K
[2.890s] 
[2.911s] [01m[K/home/mhenkel/Documents/hi_decklink_ros2/include/decklink_camera_driver.hpp:[m[K In constructor â€˜[01m[KDeckLinkCameraDriver::[01;32m[KDeckLinkCameraDriver[m[K()[m[Kâ€™:
[2.911s] [01m[K/home/mhenkel/Documents/hi_decklink_ros2/include/decklink_camera_driver.hpp:23:7:[m[K [01;31m[Kerror: [m[Kclass â€˜[01m[KDeckLinkCameraDriver[m[Kâ€™ does not have any field named â€˜[01m[KNode[m[Kâ€™
[2.911s]    23 |     : [01;31m[KNode[m[K("decklink_camera_driver")
[2.911s]       |       [01;31m[K^~~~[m[K
[2.912s] [01m[K/home/mhenkel/Documents/hi_decklink_ros2/include/decklink_camera_driver.hpp:26:15:[m[K [01;31m[Kerror: [m[Kâ€˜[01m[Kclass DeckLinkCameraDriver[m[Kâ€™ has no member named â€˜[01m[Kdeclare_parameter[m[Kâ€™
[2.912s]    26 |         this->[01;31m[Kdeclare_parameter[m[K<std::string>("camera_name", "decklink_camera");
[2.912s]       |               [01;31m[K^~~~~~~~~~~~~~~~~[m[K
[2.913s] [01m[K/home/mhenkel/Documents/hi_decklink_ros2/include/decklink_camera_driver.hpp:26:44:[m[K [01;31m[Kerror: [m[Kexpected primary-expression before â€˜[01m[K>[m[Kâ€™ token
[2.913s]    26 |      this->declare_parameter<std::string[01;31m[K>[m[K("camera_name", "decklink_camera");
[2.913s]       |                                         [01;31m[K^[m[K
[2.913s] 
[2.913s] [01m[K/home/mhenkel/Documents/hi_decklink_ros2/include/decklink_camera_driver.hpp:26:46:[m[K [01;35m[Kwarning: [m[Kleft operand of comma operator has no effect [[01;35m[K]8;;https://gcc.gnu.org/onlinedocs/gcc/Warning-Options.html#index-Wunused-value-Wunused-value]8;;[m[K]
[2.913s]    26 |    this->declare_parameter<std::string>([01;35m[K"camera_name"[m[K, "decklink_camera");
[2.913s]       |                                         [01;35m[K^~~~~~~~~~~~~[m[K
[2.913s] 
[2.914s] [01m[K/home/mhenkel/Documents/hi_decklink_ros2/include/decklink_camera_driver.hpp:27:15:[m[K [01;31m[Kerror: [m[Kâ€˜[01m[Kclass DeckLinkCameraDriver[m[Kâ€™ has no member named â€˜[01m[Kdeclare_parameter[m[Kâ€™
[2.914s]    27 |         this->[01;31m[Kdeclare_parameter[m[K<std::string>("camera_frame", "camera_frame");
[2.914s]       |               [01;31m[K^~~~~~~~~~~~~~~~~[m[K
[2.914s] [01m[K/home/mhenkel/Documents/hi_decklink_ros2/include/decklink_camera_driver.hpp:27:44:[m[K [01;31m[Kerror: [m[Kexpected primary-expression before â€˜[01m[K>[m[Kâ€™ token
[2.914s]    27 |      this->declare_parameter<std::string[01;31m[K>[m[K("camera_frame", "camera_frame");
[2.914s]       |                                         [01;31m[K^[m[K
[2.914s] 
[2.915s] [01m[K/home/mhenkel/Documents/hi_decklink_ros2/include/decklink_camera_driver.hpp:27:46:[m[K [01;35m[Kwarning: [m[Kleft operand of comma operator has no effect [[01;35m[K]8;;https://gcc.gnu.org/onlinedocs/gcc/Warning-Options.html#index-Wunused-value-Wunused-value]8;;[m[K]
[2.915s]    27 |    this->declare_parameter<std::string>([01;35m[K"camera_frame"[m[K, "camera_frame");
[2.915s]       |                                         [01;35m[K^~~~~~~~~~~~~~[m[K
[2.915s] 
[2.915s] [01m[K/home/mhenkel/Documents/hi_decklink_ros2/include/decklink_camera_driver.hpp:28:15:[m[K [01;31m[Kerror: [m[Kâ€˜[01m[Kclass DeckLinkCameraDriver[m[Kâ€™ has no member named â€˜[01m[Kdeclare_parameter[m[Kâ€™
[2.915s]    28 |         this->[01;31m[Kdeclare_parameter[m[K<std::string>("camera_info_url", "");
[2.915s]       |               [01;31m[K^~~~~~~~~~~~~~~~~[m[K
[2.916s] [01m[K/home/mhenkel/Documents/hi_decklink_ros2/include/decklink_camera_driver.hpp:28:44:[m[K [01;31m[Kerror: [m[Kexpected primary-expression before â€˜[01m[K>[m[Kâ€™ token
[2.916s]    28 |      this->declare_parameter<std::string[01;31m[K>[m[K("camera_info_url", "");
[2.916s]       |                                         [01;31m[K^[m[K
[2.916s] 
[2.916s] [01m[K/home/mhenkel/Documents/hi_decklink_ros2/include/decklink_camera_driver.hpp:28:46:[m[K [01;35m[Kwarning: [m[Kleft operand of comma operator has no effect [[01;35m[K]8;;https://gcc.gnu.org/onlinedocs/gcc/Warning-Options.html#index-Wunused-value-Wunused-value]8;;[m[K]
[2.916s]    28 |    this->declare_parameter<std::string>([01;35m[K"camera_info_url"[m[K, "");
[2.916s]       |                                         [01;35m[K^~~~~~~~~~~~~~~~~[m[K
[2.916s] 
[2.917s] [01m[K/home/mhenkel/Documents/hi_decklink_ros2/include/decklink_camera_driver.hpp:30:15:[m[K [01;31m[Kerror: [m[Kâ€˜[01m[Kclass DeckLinkCameraDriver[m[Kâ€™ has no member named â€˜[01m[Kget_parameter[m[Kâ€™
[2.917s]    30 |         this->[01;31m[Kget_parameter[m[K("camera_name", _camera_name);
[2.917s]       |               [01;31m[K^~~~~~~~~~~~~[m[K
[2.917s] [01m[K/home/mhenkel/Documents/hi_decklink_ros2/include/decklink_camera_driver.hpp:31:15:[m[K [01;31m[Kerror: [m[Kâ€˜[01m[Kclass DeckLinkCameraDriver[m[Kâ€™ has no member named â€˜[01m[Kget_parameter[m[Kâ€™
[2.917s]    31 |         this->[01;31m[Kget_parameter[m[K("camera_frame", _camera_frame);
[2.917s]       |               [01;31m[K^~~~~~~~~~~~~[m[K
[2.917s] [01m[K/home/mhenkel/Documents/hi_decklink_ros2/include/decklink_camera_driver.hpp:32:15:[m[K [01;31m[Kerror: [m[Kâ€˜[01m[Kclass DeckLinkCameraDriver[m[Kâ€™ has no member named â€˜[01m[Kget_parameter[m[Kâ€™
[2.918s]    32 |         this->[01;31m[Kget_parameter[m[K("camera_info_url", _camera_info_url);
[2.918s]       |               [01;31m[K^~~~~~~~~~~~~[m[K
[2.921s] [01m[K/home/mhenkel/Documents/hi_decklink_ros2/include/decklink_camera_driver.hpp:36:58:[m[K [01;31m[Kerror: [m[Kno match for â€˜[01m[Koperator=[m[Kâ€™ (operand types are â€˜[01m[Kstd::unique_ptr<image_transport::CameraPublisher>[m[Kâ€™ and â€˜[01m[Kimage_transport::CameraPublisher[m[Kâ€™)
[2.922s]    36 | _camera_pub = _it->advertiseCamera("image_raw", 1[01;31m[K)[m[K;
[2.922s]       |                                                  [01;31m[K^[m[K
[2.922s] 
[2.922s] In file included from [01m[K/usr/include/c++/13/memory:78[m[K,
[2.922s]                  from [01m[K/opt/ros/jazzy/include/rclcpp/rclcpp/rclcpp.hpp:169[m[K,
[2.923s]                  from [01m[K/home/mhenkel/Documents/hi_decklink_ros2/src/publisher.cpp:5[m[K:
[2.923s] [01m[K/usr/include/c++/13/bits/unique_ptr.h:430:9:[m[K [01;36m[Knote: [m[Kcandidate: â€˜[01m[Ktemplate<class _Up, class _Ep> typename std::enable_if<std::__and_<std::__and_<std::is_convertible<typename std::unique_ptr<_Up, _Ep>::pointer, typename std::__uniq_ptr_impl<_Tp, _Dp>::pointer>, std::__not_<std::is_array<_Up> > >, std::is_assignable<_T2&, _U2&&> >::value, std::unique_ptr<_Tp, _Dp>&>::type std::unique_ptr<_Tp, _Dp>::[01;32m[Koperator=[m[K(std::unique_ptr<_Up, _Ep>&&) [35m[K[with _Ep = _Up; _Tp = image_transport::CameraPublisher; _Dp = std::default_delete<image_transport::CameraPublisher>][m[K[m[Kâ€™
[2.923s]   430 |         [01;36m[Koperator[m[K=(unique_ptr<_Up, _Ep>&& __u) noexcept
[2.923s]       |         [01;36m[K^~~~~~~~[m[K
[2.923s] [01m[K/usr/include/c++/13/bits/unique_ptr.h:430:9:[m[K [01;36m[Knote: [m[K  template argument deduction/substitution failed:
[2.923s] [01m[K/home/mhenkel/Documents/hi_decklink_ros2/include/decklink_camera_driver.hpp:36:58:[m[K [01;36m[Knote: [m[K  â€˜[01m[Kimage_transport::CameraPublisher[m[Kâ€™ is not derived from â€˜[01m[Kstd::unique_ptr<_Tp, _Dp>[m[Kâ€™
[2.923s]    36 | _camera_pub = _it->advertiseCamera("image_raw", 1[01;36m[K)[m[K;
[2.923s]       |                                                  [01;36m[K^[m[K
[2.924s] 
[2.924s] [01m[K/usr/include/c++/13/bits/unique_ptr.h:414:19:[m[K [01;36m[Knote: [m[Kcandidate: â€˜[01m[Kstd::unique_ptr<_Tp, _Dp>& std::unique_ptr<_Tp, _Dp>::[01;32m[Koperator=[m[K(std::unique_ptr<_Tp, _Dp>&&) [35m[K[with _Tp = image_transport::CameraPublisher; _Dp = std::default_delete<image_transport::CameraPublisher>][m[K[m[Kâ€™
[2.924s]   414 |       unique_ptr& [01;36m[Koperator[m[K=(unique_ptr&&) = default;
[2.924s]       |                   [01;36m[K^~~~~~~~[m[K
[2.924s] [01m[K/usr/include/c++/13/bits/unique_ptr.h:414:29:[m[K [01;36m[Knote: [m[K  no known conversion for argument 1 from â€˜[01m[Kimage_transport::CameraPublisher[m[Kâ€™ to â€˜[01m[Kstd::unique_ptr<image_transport::CameraPublisher>&&[m[Kâ€™
[2.924s]   414 |       unique_ptr& operator=([01;36m[Kunique_ptr&&[m[K) = default;
[2.924s]       |                             [01;36m[K^~~~~~~~~~~~[m[K
[2.925s] [01m[K/usr/include/c++/13/bits/unique_ptr.h:440:7:[m[K [01;36m[Knote: [m[Kcandidate: â€˜[01m[Kstd::unique_ptr<_Tp, _Dp>& std::unique_ptr<_Tp, _Dp>::[01;32m[Koperator=[m[K(std::nullptr_t) [35m[K[with _Tp = image_transport::CameraPublisher; _Dp = std::default_delete<image_transport::CameraPublisher>; std::nullptr_t = std::nullptr_t][m[K[m[Kâ€™
[2.925s]   440 |       [01;36m[Koperator[m[K=(nullptr_t) noexcept
[2.925s]       |       [01;36m[K^~~~~~~~[m[K
[2.925s] [01m[K/usr/include/c++/13/bits/unique_ptr.h:440:17:[m[K [01;36m[Knote: [m[K  no known conversion for argument 1 from â€˜[01m[Kimage_transport::CameraPublisher[m[Kâ€™ to â€˜[01m[Kstd::nullptr_t[m[Kâ€™
[2.925s]   440 |       operator=([01;36m[Knullptr_t[m[K) noexcept
[2.925s]       |                 [01;36m[K^~~~~~~~~[m[K
[2.925s] [01m[K/home/mhenkel/Documents/hi_decklink_ros2/include/decklink_camera_driver.hpp:39:32:[m[K [01;31m[Kerror: [m[Kâ€˜[01m[Kclass DeckLinkCameraDriver[m[Kâ€™ has no member named â€˜[01m[Kcreate_service[m[Kâ€™
[2.925s]    39 |         _start_capture = this->[01;31m[Kcreate_service[m[K<std_srvs::srv::Empty>(
[2.926s]       |                                [01;31m[K^~~~~~~~~~~~~~[m[K
[2.926s] [01m[K/home/mhenkel/Documents/hi_decklink_ros2/include/decklink_camera_driver.hpp:39:67:[m[K [01;31m[Kerror: [m[Kexpected primary-expression before â€˜[01m[K>[m[Kâ€™ token
[2.926s]    39 | pture = this->create_service<std_srvs::srv::Empty[01;31m[K>[m[K(
[2.926s]       |                                                  [01;31m[K^[m[K
[2.926s] 
[2.926s] In file included from [01m[K/opt/ros/jazzy/include/rclcpp/rclcpp/utilities.hpp:19[m[K,
[2.926s]                  from [01m[K/opt/ros/jazzy/include/rclcpp/rclcpp/logging.hpp:25[m[K,
[2.927s]                  from [01m[K/opt/ros/jazzy/include/rclcpp/rclcpp/copy_all_parameter_values.hpp:27[m[K,
[2.927s]                  from [01m[K/opt/ros/jazzy/include/rclcpp/rclcpp/rclcpp.hpp:171[m[K:
[2.927s] /usr/include/c++/13/functional: In instantiation of â€˜[01m[Kstruct std::_Bind_check_arity<bool (DeckLinkCameraDriver::*)(int), DeckLinkCameraDriver*, const std::_Placeholder<1>&, const std::_Placeholder<2>&>[m[Kâ€™:
[2.927s] [01m[K/usr/include/c++/13/functional:859:12:[m[K   required from â€˜[01m[Kstruct std::_Bind_helper<false, bool (DeckLinkCameraDriver::*)(int), DeckLinkCameraDriver*, const std::_Placeholder<1>&, const std::_Placeholder<2>&>[m[Kâ€™
[2.927s] [01m[K/usr/include/c++/13/functional:881:5:[m[K   required by substitution of â€˜[01m[Ktemplate<class _Func, class ... _BoundArgs> typename std::_Bind_helper<std::__is_socketlike<_Func>::value, _Func, _BoundArgs ...>::type std::[01;32m[Kbind[m[K(_Func&&, _BoundArgs&& ...) [35m[K[with _Func = bool (DeckLinkCameraDriver::*)(int); _BoundArgs = {DeckLinkCameraDriver*, const std::_Placeholder<1>&, const std::_Placeholder<2>&}][m[K[m[Kâ€™
[2.927s] [01m[K/home/mhenkel/Documents/hi_decklink_ros2/include/decklink_camera_driver.hpp:41:22:[m[K   required from here
[2.927s] [01m[K/usr/include/c++/13/functional:847:21:[m[K [01;31m[Kerror: [m[Kstatic assertion failed: Wrong number of arguments for pointer-to-member
[2.927s]   846 |       static_assert(_Varargs::[01;31m[Kvalue[m[K
[2.928s]       |                               [01;31m[K~~~~~[m[K
[2.928s]   847 | [01;31m[K                    ? sizeof...(_BoundArgs) >= _Arity::value + 1[m[K
[2.928s]       |                     [01;31m[K^~~~~~~~~~~~~~~~~~~~~~~~~~~~~~~~~~~~~~~~~~~~[m[K
[2.928s]   848 | [01;31m[K                    : sizeof...(_BoundArgs) == _Arity::value + 1[m[K,
[2.928s]       |                     [01;31m[K~~~~~~~~~~~~~~~~~~~~~~~~~~~~~~~~~~~~~~~~~~~~[m[K
[2.928s] [01m[K/usr/include/c++/13/functional:847:21:[m[K [01;36m[Knote: [m[Kâ€˜[01m[K(false ? (3 >= (((long unsigned int)std::integral_constant<long unsigned int, 1>::value) + 1)) : (3 == (((long unsigned int)std::integral_constant<long unsigned int, 1>::value) + 1)))[m[Kâ€™ evaluates to false
[2.930s] [01m[K/home/mhenkel/Documents/hi_decklink_ros2/include/decklink_camera_driver.hpp:40:13:[m[K [01;35m[Kwarning: [m[Kleft operand of comma operator has no effect [[01;35m[K]8;;https://gcc.gnu.org/onlinedocs/gcc/Warning-Options.html#index-Wunused-value-Wunused-value]8;;[m[K]
[2.930s]    40 |             [01;35m[K"start_capture"[m[K,
[2.930s]       |             [01;35m[K^~~~~~~~~~~~~~~[m[K
[2.930s] [01m[K/home/mhenkel/Documents/hi_decklink_ros2/include/decklink_camera_driver.hpp:44:31:[m[K [01;31m[Kerror: [m[Kâ€˜[01m[Kclass DeckLinkCameraDriver[m[Kâ€™ has no member named â€˜[01m[Kcreate_service[m[Kâ€™
[2.931s]    44 |         _stop_capture = this->[01;31m[Kcreate_service[m[K<std_srvs::srv::Empty>(
[2.931s]       |                               [01;31m[K^~~~~~~~~~~~~~[m[K
[2.931s] [01m[K/home/mhenkel/Documents/hi_decklink_ros2/include/decklink_camera_driver.hpp:44:66:[m[K [01;31m[Kerror: [m[Kexpected primary-expression before â€˜[01m[K>[m[Kâ€™ token
[2.931s]    44 | pture = this->create_service<std_srvs::srv::Empty[01;31m[K>[m[K(
[2.931s]       |                                                  [01;31m[K^[m[K
[2.931s] 
[2.931s] [01m[K/home/mhenkel/Documents/hi_decklink_ros2/include/decklink_camera_driver.hpp:45:13:[m[K [01;35m[Kwarning: [m[Kleft operand of comma operator has no effect [[01;35m[K]8;;https://gcc.gnu.org/onlinedocs/gcc/Warning-Options.html#index-Wunused-value-Wunused-value]8;;[m[K]
[2.932s]    45 |             [01;35m[K"stop_capture"[m[K,
[2.932s]       |             [01;35m[K^~~~~~~~~~~~~~[m[K
[2.932s] [01m[K/home/mhenkel/Documents/hi_decklink_ros2/include/decklink_camera_driver.hpp:49:27:[m[K [01;31m[Kerror: [m[Kâ€˜[01m[Kclass DeckLinkCameraDriver[m[Kâ€™ has no member named â€˜[01m[Kget_logger[m[Kâ€™
[2.932s]    49 |         RCLCPP_INFO(this->[01;31m[Kget_logger[m[K(), "DeckLinkCameraDriver initialized");
[2.932s]       |                           [01;31m[K^~~~~~~~~~[m[K
[2.932s] [01m[K/home/mhenkel/Documents/hi_decklink_ros2/include/decklink_camera_driver.hpp:49:27:[m[K [01;31m[Kerror: [m[Kâ€˜[01m[Kclass DeckLinkCameraDriver[m[Kâ€™ has no member named â€˜[01m[Kget_logger[m[Kâ€™
[2.932s] [01m[K/home/mhenkel/Documents/hi_decklink_ros2/include/decklink_camera_driver.hpp:49:9:[m[K [01;31m[Kerror: [m[Ktemplate argument 1 is invalid
[2.933s]    49 |         [01;31m[KRCLCPP_INFO[m[K(this->get_logger(), "DeckLinkCameraDriver initialized");
[2.933s]       |         [01;31m[K^~~~~~~~~~~[m[K
[2.933s] [01m[K/home/mhenkel/Documents/hi_decklink_ros2/include/decklink_camera_driver.hpp:49:9:[m[K [01;31m[Kerror: [m[Ktemplate argument 1 is invalid
[2.933s]    49 |         [01;31m[KRCLCPP_INFO[m[K(this->get_logger(), "DeckLinkCameraDriver initialized");
[2.933s]       |         [01;31m[K^~~~~~~~~~~[m[K
[2.933s] [01m[K/home/mhenkel/Documents/hi_decklink_ros2/include/decklink_camera_driver.hpp:49:9:[m[K [01;31m[Kerror: [m[Ktemplate argument 1 is invalid
[2.933s]    49 |         [01;31m[KRCLCPP_INFO[m[K(this->get_logger(), "DeckLinkCameraDriver initialized");
[2.933s]       |         [01;31m[K^~~~~~~~~~~[m[K
[2.934s] In file included from [01m[K/opt/ros/jazzy/include/rclcpp/rclcpp/logging.hpp:24[m[K:
[2.934s] [01m[K/home/mhenkel/Documents/hi_decklink_ros2/include/decklink_camera_driver.hpp:49:27:[m[K [01;31m[Kerror: [m[Kâ€˜[01m[Kclass DeckLinkCameraDriver[m[Kâ€™ has no member named â€˜[01m[Kget_logger[m[Kâ€™
[2.934s]    49 |         RCLCPP_INFO(this->[01;31m[Kget_logger[m[K(), "DeckLinkCameraDriver initialized");
[2.934s]       |                           [01;31m[K^~~~~~~~~~[m[K
[2.934s] [01m[K/home/mhenkel/Documents/hi_decklink_ros2/include/decklink_camera_driver.hpp:49:27:[m[K [01;31m[Kerror: [m[Kâ€˜[01m[Kclass DeckLinkCameraDriver[m[Kâ€™ has no member named â€˜[01m[Kget_logger[m[Kâ€™
[2.934s]    49 |         RCLCPP_INFO(this->[01;31m[Kget_logger[m[K(), "DeckLinkCameraDriver initialized");
[2.934s]       |                           [01;31m[K^~~~~~~~~~[m[K
[2.934s] [01m[K/home/mhenkel/Documents/hi_decklink_ros2/include/decklink_camera_driver.hpp:[m[K In member function â€˜[01m[Kbool DeckLinkCameraDriver::[01;32m[Kon_start_capture_request[m[K(int)[m[Kâ€™:
[2.935s] [01m[K/home/mhenkel/Documents/hi_decklink_ros2/include/decklink_camera_driver.hpp:74:52:[m[K [01;35m[Kwarning: [m[Kunused parameter â€˜[01m[KRequest[m[Kâ€™ [[01;35m[K]8;;https://gcc.gnu.org/onlinedocs/gcc/Warning-Options.html#index-Wunused-parameter-Wunused-parameter]8;;[m[K]
[2.935s]    74 | _start_capture_request([01;35m[Kstd_srvs::Empty::Request[m[K& req, std_srvs::Empty::Response& res) {
[2.935s]       |                        [01;35m[K~~~~~~~~~~~~~~~~~^~~~~~~[m[K
[2.935s] 
[2.935s] [01m[K/home/mhenkel/Documents/hi_decklink_ros2/include/decklink_camera_driver.hpp:[m[K In member function â€˜[01m[Kbool DeckLinkCameraDriver::[01;32m[Kon_stop_capture_request[m[K(int)[m[Kâ€™:
[2.935s] [01m[K/home/mhenkel/Documents/hi_decklink_ros2/include/decklink_camera_driver.hpp:81:51:[m[K [01;35m[Kwarning: [m[Kunused parameter â€˜[01m[KRequest[m[Kâ€™ [[01;35m[K]8;;https://gcc.gnu.org/onlinedocs/gcc/Warning-Options.html#index-Wunused-parameter-Wunused-parameter]8;;[m[K]
[2.935s]    81 | n_stop_capture_request([01;35m[Kstd_srvs::Empty::Request[m[K& req, std_srvs::Empty::Response& res) {
[2.936s]       |                        [01;35m[K~~~~~~~~~~~~~~~~~^~~~~~~[m[K
[2.936s] 
[3.077s] /usr/include/c++/13/bits/unique_ptr.h: In instantiation of â€˜[01m[Kstd::__detail::__unique_ptr_t<_Tp> std::[01;32m[Kmake_unique[m[K(_Args&& ...) [35m[K[with _Tp = image_transport::ImageTransport; _Args = {DeckLinkCameraDriver*}; __detail::__unique_ptr_t<_Tp> = __detail::__unique_ptr_t<image_transport::ImageTransport>][m[K[m[Kâ€™:
[3.078s] [01m[K/home/mhenkel/Documents/hi_decklink_ros2/include/decklink_camera_driver.hpp:35:64:[m[K   required from here
[3.078s] [01m[K/usr/include/c++/13/bits/unique_ptr.h:1070:30:[m[K [01;31m[Kerror: [m[Kno matching function for call to â€˜[01m[Kimage_transport::ImageTransport::ImageTransport(DeckLinkCameraDriver*)[m[Kâ€™
[3.078s]  1070 |     { return unique_ptr<_Tp>([01;31m[Knew _Tp(std::forward<_Args>(__args)...)[m[K); }
[3.078s]       |                              [01;31m[K^~~~~~~~~~~~~~~~~~~~~~~~~~~~~~~~~~~~~~~[m[K
[3.078s] In file included from [01m[K/home/mhenkel/Documents/hi_decklink_ros2/include/decklink_camera_driver.hpp:11[m[K:
[3.078s] [01m[K/opt/ros/jazzy/include/image_transport/image_transport/image_transport.hpp:113:12:[m[K [01;36m[Knote: [m[Kcandidate: â€˜[01m[Kimage_transport::ImageTransport::[01;32m[KImageTransport[m[K(rclcpp::Node::SharedPtr)[m[Kâ€™
[3.078s]   113 |   explicit [01;36m[KImageTransport[m[K(rclcpp::Node::SharedPtr node);
[3.079s]       |            [01;36m[K^~~~~~~~~~~~~~[m[K
[3.079s] [01m[K/opt/ros/jazzy/include/image_transport/image_transport/image_transport.hpp:113:51:[m[K [01;36m[Knote: [m[K  no known conversion for argument 1 from â€˜[01m[KDeckLinkCameraDriver*[m[Kâ€™ to â€˜[01m[Krclcpp::Node::SharedPtr[m[Kâ€™ {aka â€˜[01m[Kstd::shared_ptr<rclcpp::Node>[m[Kâ€™}
[3.079s]   113 | licit ImageTransport([01;36m[Krclcpp::Node::SharedPtr node[m[K);
[3.079s]       |                      [01;36m[K~~~~~~~~~~~~~~~~~~~~~~~~^~~~[m[K
[3.079s] 
[3.551s] In file included from [01m[K/home/mhenkel/Documents/hi_decklink_ros2/src/decklink_camera_driver.cpp:8[m[K:
[3.551s] [01m[K/home/mhenkel/Documents/hi_decklink_ros2/include/decklink_camera_driver.hpp:74:45:[m[K [01;31m[Kerror: [m[Kâ€˜[01m[Kstd_srvs::Empty[m[Kâ€™ has not been declared
[3.551s]    74 |     bool on_start_capture_request(std_srvs::[01;31m[KEmpty[m[K::Request& req, std_srvs::Empty::Response& res) {
[3.551s]       |                                             [01;31m[K^~~~~[m[K
[3.551s] [01m[K/home/mhenkel/Documents/hi_decklink_ros2/include/decklink_camera_driver.hpp:74:59:[m[K [01;31m[Kerror: [m[Kexpected â€˜[01m[K,[m[Kâ€™ or â€˜[01m[K...[m[Kâ€™ before â€˜[01m[K&[m[Kâ€™ token
[3.551s]    74 |     bool on_start_capture_request(std_srvs::Empty::Request[01;31m[K&[m[K req, std_srvs::Empty::Response& res) {
[3.551s]       |                                                           [01;31m[K^[m[K
[3.551s] [01m[K/home/mhenkel/Documents/hi_decklink_ros2/include/decklink_camera_driver.hpp:81:44:[m[K [01;31m[Kerror: [m[Kâ€˜[01m[Kstd_srvs::Empty[m[Kâ€™ has not been declared
[3.552s]    81 |     bool on_stop_capture_request(std_srvs::[01;31m[KEmpty[m[K::Request& req, std_srvs::Empty::Response& res) {
[3.552s]       |                                            [01;31m[K^~~~~[m[K
[3.552s] [01m[K/home/mhenkel/Documents/hi_decklink_ros2/include/decklink_camera_driver.hpp:81:58:[m[K [01;31m[Kerror: [m[Kexpected â€˜[01m[K,[m[Kâ€™ or â€˜[01m[K...[m[Kâ€™ before â€˜[01m[K&[m[Kâ€™ token
[3.552s]    81 |     bool on_stop_capture_request(std_srvs::Empty::Request[01;31m[K&[m[K req, std_srvs::Empty::Response& res) {
[3.552s]       |                                                          [01;31m[K^[m[K
[3.569s] [01m[K/home/mhenkel/Documents/hi_decklink_ros2/include/decklink_camera_driver.hpp:[m[K In constructor â€˜[01m[KDeckLinkCameraDriver::[01;32m[KDeckLinkCameraDriver[m[K()[m[Kâ€™:
[3.570s] [01m[K/home/mhenkel/Documents/hi_decklink_ros2/include/decklink_camera_driver.hpp:23:7:[m[K [01;31m[Kerror: [m[Kclass â€˜[01m[KDeckLinkCameraDriver[m[Kâ€™ does not have any field named â€˜[01m[KNode[m[Kâ€™
[3.570s]    23 |     : [01;31m[KNode[m[K("decklink_camera_driver")
[3.570s]       |       [01;31m[K^~~~[m[K
[3.571s] [01m[K/home/mhenkel/Documents/hi_decklink_ros2/include/decklink_camera_driver.hpp:26:15:[m[K [01;31m[Kerror: [m[Kâ€˜[01m[Kclass DeckLinkCameraDriver[m[Kâ€™ has no member named â€˜[01m[Kdeclare_parameter[m[Kâ€™
[3.571s]    26 |         this->[01;31m[Kdeclare_parameter[m[K<std::string>("camera_name", "decklink_camera");
[3.571s]       |               [01;31m[K^~~~~~~~~~~~~~~~~[m[K
[3.571s] [01m[K/home/mhenkel/Documents/hi_decklink_ros2/include/decklink_camera_driver.hpp:26:44:[m[K [01;31m[Kerror: [m[Kexpected primary-expression before â€˜[01m[K>[m[Kâ€™ token
[3.571s]    26 |         this->declare_parameter<std::string[01;31m[K>[m[K("camera_name", "decklink_camera");
[3.572s]       |                                            [01;31m[K^[m[K
[3.572s] [01m[K/home/mhenkel/Documents/hi_decklink_ros2/include/decklink_camera_driver.hpp:26:46:[m[K [01;35m[Kwarning: [m[Kleft operand of comma operator has no effect [[01;35m[K]8;;https://gcc.gnu.org/onlinedocs/gcc/Warning-Options.html#index-Wunused-value-Wunused-value]8;;[m[K]
[3.572s]    26 |         this->declare_parameter<std::string>([01;35m[K"camera_name"[m[K, "decklink_camera");
[3.572s]       |                                              [01;35m[K^~~~~~~~~~~~~[m[K
[3.572s] [01m[K/home/mhenkel/Documents/hi_decklink_ros2/include/decklink_camera_driver.hpp:27:15:[m[K [01;31m[Kerror: [m[Kâ€˜[01m[Kclass DeckLinkCameraDriver[m[Kâ€™ has no member named â€˜[01m[Kdeclare_parameter[m[Kâ€™
[3.572s]    27 |         this->[01;31m[Kdeclare_parameter[m[K<std::string>("camera_frame", "camera_frame");
[3.573s]       |               [01;31m[K^~~~~~~~~~~~~~~~~[m[K
[3.573s] [01m[K/home/mhenkel/Documents/hi_decklink_ros2/include/decklink_camera_driver.hpp:27:44:[m[K [01;31m[Kerror: [m[Kexpected primary-expression before â€˜[01m[K>[m[Kâ€™ token
[3.573s]    27 |         this->declare_parameter<std::string[01;31m[K>[m[K("camera_frame", "camera_frame");
[3.573s]       |                                            [01;31m[K^[m[K
[3.573s] [01m[K/home/mhenkel/Documents/hi_decklink_ros2/include/decklink_camera_driver.hpp:27:46:[m[K [01;35m[Kwarning: [m[Kleft operand of comma operator has no effect [[01;35m[K]8;;https://gcc.gnu.org/onlinedocs/gcc/Warning-Options.html#index-Wunused-value-Wunused-value]8;;[m[K]
[3.573s]    27 |         this->declare_parameter<std::string>([01;35m[K"camera_frame"[m[K, "camera_frame");
[3.573s]       |                                              [01;35m[K^~~~~~~~~~~~~~[m[K
[3.574s] [01m[K/home/mhenkel/Documents/hi_decklink_ros2/include/decklink_camera_driver.hpp:28:15:[m[K [01;31m[Kerror: [m[Kâ€˜[01m[Kclass DeckLinkCameraDriver[m[Kâ€™ has no member named â€˜[01m[Kdeclare_parameter[m[Kâ€™
[3.574s]    28 |         this->[01;31m[Kdeclare_parameter[m[K<std::string>("camera_info_url", "");
[3.574s]       |               [01;31m[K^~~~~~~~~~~~~~~~~[m[K
[3.574s] [01m[K/home/mhenkel/Documents/hi_decklink_ros2/include/decklink_camera_driver.hpp:28:44:[m[K [01;31m[Kerror: [m[Kexpected primary-expression before â€˜[01m[K>[m[Kâ€™ token
[3.574s]    28 |         this->declare_parameter<std::string[01;31m[K>[m[K("camera_info_url", "");
[3.574s]       |                                            [01;31m[K^[m[K
[3.574s] [01m[K/home/mhenkel/Documents/hi_decklink_ros2/include/decklink_camera_driver.hpp:28:46:[m[K [01;35m[Kwarning: [m[Kleft operand of comma operator has no effect [[01;35m[K]8;;https://gcc.gnu.org/onlinedocs/gcc/Warning-Options.html#index-Wunused-value-Wunused-value]8;;[m[K]
[3.574s]    28 |         this->declare_parameter<std::string>([01;35m[K"camera_info_url"[m[K, "");
[3.574s]       |                                              [01;35m[K^~~~~~~~~~~~~~~~~[m[K
[3.575s] [01m[K/home/mhenkel/Documents/hi_decklink_ros2/include/decklink_camera_driver.hpp:30:15:[m[K [01;31m[Kerror: [m[Kâ€˜[01m[Kclass DeckLinkCameraDriver[m[Kâ€™ has no member named â€˜[01m[Kget_parameter[m[Kâ€™
[3.575s]    30 |         this->[01;31m[Kget_parameter[m[K("camera_name", _camera_name);
[3.575s]       |               [01;31m[K^~~~~~~~~~~~~[m[K
[3.575s] [01m[K/home/mhenkel/Documents/hi_decklink_ros2/include/decklink_camera_driver.hpp:31:15:[m[K [01;31m[Kerror: [m[Kâ€˜[01m[Kclass DeckLinkCameraDriver[m[Kâ€™ has no member named â€˜[01m[Kget_parameter[m[Kâ€™
[3.575s]    31 |         this->[01;31m[Kget_parameter[m[K("camera_frame", _camera_frame);
[3.575s]       |               [01;31m[K^~~~~~~~~~~~~[m[K
[3.575s] [01m[K/home/mhenkel/Documents/hi_decklink_ros2/include/decklink_camera_driver.hpp:32:15:[m[K [01;31m[Kerror: [m[Kâ€˜[01m[Kclass DeckLinkCameraDriver[m[Kâ€™ has no member named â€˜[01m[Kget_parameter[m[Kâ€™
[3.575s]    32 |         this->[01;31m[Kget_parameter[m[K("camera_info_url", _camera_info_url);
[3.575s]       |               [01;31m[K^~~~~~~~~~~~~[m[K
[3.619s] [01m[K/home/mhenkel/Documents/hi_decklink_ros2/include/decklink_camera_driver.hpp:36:58:[m[K [01;31m[Kerror: [m[Kno match for â€˜[01m[Koperator=[m[Kâ€™ (operand types are â€˜[01m[Kstd::unique_ptr<image_transport::CameraPublisher>[m[Kâ€™ and â€˜[01m[Kimage_transport::CameraPublisher[m[Kâ€™)
[3.619s]    36 |         _camera_pub = _it->advertiseCamera("image_raw", 1[01;31m[K)[m[K;
[3.620s]       |                                                          [01;31m[K^[m[K
[3.620s] In file included from [01m[K/usr/include/c++/13/memory:78[m[K,
[3.620s]                  from [01m[K/opt/ros/jazzy/include/sensor_msgs/sensor_msgs/msg/detail/image__struct.hpp:13[m[K,
[3.620s]                  from [01m[K/opt/ros/jazzy/include/sensor_msgs/sensor_msgs/msg/image.hpp:7[m[K,
[3.620s]                  from [01m[K/opt/ros/jazzy/include/cv_bridge/cv_bridge/cv_bridge.hpp:40[m[K,
[3.621s]                  from [01m[K/home/mhenkel/Documents/hi_decklink_ros2/src/decklink_camera_driver.cpp:5[m[K:
[3.621s] [01m[K/usr/include/c++/13/bits/unique_ptr.h:430:9:[m[K [01;36m[Knote: [m[Kcandidate: â€˜[01m[Ktemplate<class _Up, class _Ep> typename std::enable_if<std::__and_<std::__and_<std::is_convertible<typename std::unique_ptr<_Up, _Ep>::pointer, typename std::__uniq_ptr_impl<_Tp, _Dp>::pointer>, std::__not_<std::is_array<_Up> > >, std::is_assignable<_T2&, _U2&&> >::value, std::unique_ptr<_Tp, _Dp>&>::type std::unique_ptr<_Tp, _Dp>::[01;32m[Koperator=[m[K(std::unique_ptr<_Up, _Ep>&&) [35m[K[with _Ep = _Up; _Tp = image_transport::CameraPublisher; _Dp = std::default_delete<image_transport::CameraPublisher>][m[K[m[Kâ€™
[3.621s]   430 |         [01;36m[Koperator[m[K=(unique_ptr<_Up, _Ep>&& __u) noexcept
[3.621s]       |         [01;36m[K^~~~~~~~[m[K
[3.621s] [01m[K/usr/include/c++/13/bits/unique_ptr.h:430:9:[m[K [01;36m[Knote: [m[K  template argument deduction/substitution failed:
[3.621s] [01m[K/home/mhenkel/Documents/hi_decklink_ros2/include/decklink_camera_driver.hpp:36:58:[m[K [01;36m[Knote: [m[K  â€˜[01m[Kimage_transport::CameraPublisher[m[Kâ€™ is not derived from â€˜[01m[Kstd::unique_ptr<_Tp, _Dp>[m[Kâ€™
[3.621s]    36 |         _camera_pub = _it->advertiseCamera("image_raw", 1[01;36m[K)[m[K;
[3.622s]       |                                                          [01;36m[K^[m[K
[3.622s] [01m[K/usr/include/c++/13/bits/unique_ptr.h:414:19:[m[K [01;36m[Knote: [m[Kcandidate: â€˜[01m[Kstd::unique_ptr<_Tp, _Dp>& std::unique_ptr<_Tp, _Dp>::[01;32m[Koperator=[m[K(std::unique_ptr<_Tp, _Dp>&&) [35m[K[with _Tp = image_transport::CameraPublisher; _Dp = std::default_delete<image_transport::CameraPublisher>][m[K[m[Kâ€™
[3.622s]   414 |       unique_ptr& [01;36m[Koperator[m[K=(unique_ptr&&) = default;
[3.622s]       |                   [01;36m[K^~~~~~~~[m[K
[3.622s] [01m[K/usr/include/c++/13/bits/unique_ptr.h:414:29:[m[K [01;36m[Knote: [m[K  no known conversion for argument 1 from â€˜[01m[Kimage_transport::CameraPublisher[m[Kâ€™ to â€˜[01m[Kstd::unique_ptr<image_transport::CameraPublisher>&&[m[Kâ€™
[3.622s]   414 |       unique_ptr& operator=([01;36m[Kunique_ptr&&[m[K) = default;
[3.622s]       |                             [01;36m[K^~~~~~~~~~~~[m[K
[3.623s] [01m[K/usr/include/c++/13/bits/unique_ptr.h:440:7:[m[K [01;36m[Knote: [m[Kcandidate: â€˜[01m[Kstd::unique_ptr<_Tp, _Dp>& std::unique_ptr<_Tp, _Dp>::[01;32m[Koperator=[m[K(std::nullptr_t) [35m[K[with _Tp = image_transport::CameraPublisher; _Dp = std::default_delete<image_transport::CameraPublisher>; std::nullptr_t = std::nullptr_t][m[K[m[Kâ€™
[3.623s]   440 |       [01;36m[Koperator[m[K=(nullptr_t) noexcept
[3.623s]       |       [01;36m[K^~~~~~~~[m[K
[3.623s] [01m[K/usr/include/c++/13/bits/unique_ptr.h:440:17:[m[K [01;36m[Knote: [m[K  no known conversion for argument 1 from â€˜[01m[Kimage_transport::CameraPublisher[m[Kâ€™ to â€˜[01m[Kstd::nullptr_t[m[Kâ€™
[3.623s]   440 |       operator=([01;36m[Knullptr_t[m[K) noexcept
[3.623s]       |                 [01;36m[K^~~~~~~~~[m[K
[3.623s] [01m[K/home/mhenkel/Documents/hi_decklink_ros2/include/decklink_camera_driver.hpp:39:32:[m[K [01;31m[Kerror: [m[Kâ€˜[01m[Kclass DeckLinkCameraDriver[m[Kâ€™ has no member named â€˜[01m[Kcreate_service[m[Kâ€™
[3.623s]    39 |         _start_capture = this->[01;31m[Kcreate_service[m[K<std_srvs::srv::Empty>(
[3.624s]       |                                [01;31m[K^~~~~~~~~~~~~~[m[K
[3.624s] [01m[K/home/mhenkel/Documents/hi_decklink_ros2/include/decklink_camera_driver.hpp:39:67:[m[K [01;31m[Kerror: [m[Kexpected primary-expression before â€˜[01m[K>[m[Kâ€™ token
[3.624s]    39 |         _start_capture = this->create_service<std_srvs::srv::Empty[01;31m[K>[m[K(
[3.624s]       |                                                                   [01;31m[K^[m[K
[3.624s] In file included from [01m[K/usr/include/opencv4/opencv2/core/utility.hpp:59[m[K,
[3.624s]                  from [01m[K/usr/include/opencv4/opencv2/core.hpp:3350[m[K,
[3.624s]                  from [01m[K/usr/include/opencv4/opencv2/core/core.hpp:48[m[K,
[3.625s]                  from [01m[K/opt/ros/jazzy/include/cv_bridge/cv_bridge/cv_bridge.hpp:43[m[K:
[3.625s] /usr/include/c++/13/functional: In instantiation of â€˜[01m[Kstruct std::_Bind_check_arity<bool (DeckLinkCameraDriver::*)(int), DeckLinkCameraDriver*, const std::_Placeholder<1>&, const std::_Placeholder<2>&>[m[Kâ€™:
[3.625s] [01m[K/usr/include/c++/13/functional:859:12:[m[K   required from â€˜[01m[Kstruct std::_Bind_helper<false, bool (DeckLinkCameraDriver::*)(int), DeckLinkCameraDriver*, const std::_Placeholder<1>&, const std::_Placeholder<2>&>[m[Kâ€™
[3.625s] [01m[K/usr/include/c++/13/functional:881:5:[m[K   required by substitution of â€˜[01m[Ktemplate<class _Func, class ... _BoundArgs> typename std::_Bind_helper<std::__is_socketlike<_Func>::value, _Func, _BoundArgs ...>::type std::[01;32m[Kbind[m[K(_Func&&, _BoundArgs&& ...) [35m[K[with _Func = bool (DeckLinkCameraDriver::*)(int); _BoundArgs = {DeckLinkCameraDriver*, const std::_Placeholder<1>&, const std::_Placeholder<2>&}][m[K[m[Kâ€™
[3.625s] [01m[K/home/mhenkel/Documents/hi_decklink_ros2/include/decklink_camera_driver.hpp:41:22:[m[K   required from here
[3.625s] [01m[K/usr/include/c++/13/functional:847:21:[m[K [01;31m[Kerror: [m[Kstatic assertion failed: Wrong number of arguments for pointer-to-member
[3.626s]   846 |       static_assert(_Varargs::[01;31m[Kvalue[m[K
[3.626s]       |                               [01;31m[K~~~~~[m[K
[3.626s]   847 | [01;31m[K                    ? sizeof...(_BoundArgs) >= _Arity::value + 1[m[K
[3.626s]       |                     [01;31m[K^~~~~~~~~~~~~~~~~~~~~~~~~~~~~~~~~~~~~~~~~~~~[m[K
[3.627s]   848 | [01;31m[K                    : sizeof...(_BoundArgs) == _Arity::value + 1[m[K,
[3.627s]       |                     [01;31m[K~~~~~~~~~~~~~~~~~~~~~~~~~~~~~~~~~~~~~~~~~~~~[m[K
[3.627s] [01m[K/usr/include/c++/13/functional:847:21:[m[K [01;36m[Knote: [m[Kâ€˜[01m[K(false ? (3 >= (((long unsigned int)std::integral_constant<long unsigned int, 1>::value) + 1)) : (3 == (((long unsigned int)std::integral_constant<long unsigned int, 1>::value) + 1)))[m[Kâ€™ evaluates to false
[3.627s] [01m[K/home/mhenkel/Documents/hi_decklink_ros2/include/decklink_camera_driver.hpp:40:13:[m[K [01;35m[Kwarning: [m[Kleft operand of comma operator has no effect [[01;35m[K]8;;https://gcc.gnu.org/onlinedocs/gcc/Warning-Options.html#index-Wunused-value-Wunused-value]8;;[m[K]
[3.627s]    40 |             [01;35m[K"start_capture"[m[K,
[3.627s]       |             [01;35m[K^~~~~~~~~~~~~~~[m[K
[3.628s] [01m[K/home/mhenkel/Documents/hi_decklink_ros2/include/decklink_camera_driver.hpp:44:31:[m[K [01;31m[Kerror: [m[Kâ€˜[01m[Kclass DeckLinkCameraDriver[m[Kâ€™ has no member named â€˜[01m[Kcreate_service[m[Kâ€™
[3.628s]    44 |         _stop_capture = this->[01;31m[Kcreate_service[m[K<std_srvs::srv::Empty>(
[3.628s]       |                               [01;31m[K^~~~~~~~~~~~~~[m[K
[3.628s] [01m[K/home/mhenkel/Documents/hi_decklink_ros2/include/decklink_camera_driver.hpp:44:66:[m[K [01;31m[Kerror: [m[Kexpected primary-expression before â€˜[01m[K>[m[Kâ€™ token
[3.628s]    44 |         _stop_capture = this->create_service<std_srvs::srv::Empty[01;31m[K>[m[K(
[3.628s]       |                                                                  [01;31m[K^[m[K
[3.629s] [01m[K/home/mhenkel/Documents/hi_decklink_ros2/include/decklink_camera_driver.hpp:45:13:[m[K [01;35m[Kwarning: [m[Kleft operand of comma operator has no effect [[01;35m[K]8;;https://gcc.gnu.org/onlinedocs/gcc/Warning-Options.html#index-Wunused-value-Wunused-value]8;;[m[K]
[3.629s]    45 |             [01;35m[K"stop_capture"[m[K,
[3.629s]       |             [01;35m[K^~~~~~~~~~~~~~[m[K
[3.629s] In file included from [01m[K/opt/ros/jazzy/include/rclcpp/rclcpp/copy_all_parameter_values.hpp:27[m[K,
[3.629s]                  from [01m[K/opt/ros/jazzy/include/rclcpp/rclcpp/rclcpp.hpp:171[m[K,
[3.629s]                  from [01m[K/home/mhenkel/Documents/hi_decklink_ros2/include/decklink_camera_driver.hpp:10[m[K:
[3.630s] [01m[K/home/mhenkel/Documents/hi_decklink_ros2/include/decklink_camera_driver.hpp:49:27:[m[K [01;31m[Kerror: [m[Kâ€˜[01m[Kclass DeckLinkCameraDriver[m[Kâ€™ has no member named â€˜[01m[Kget_logger[m[Kâ€™
[3.630s]    49 |         RCLCPP_INFO(this->[01;31m[Kget_logger[m[K(), "DeckLinkCameraDriver initialized");
[3.630s]       |                           [01;31m[K^~~~~~~~~~[m[K
[3.630s] [01m[K/home/mhenkel/Documents/hi_decklink_ros2/include/decklink_camera_driver.hpp:49:27:[m[K [01;31m[Kerror: [m[Kâ€˜[01m[Kclass DeckLinkCameraDriver[m[Kâ€™ has no member named â€˜[01m[Kget_logger[m[Kâ€™
[3.630s] [01m[K/home/mhenkel/Documents/hi_decklink_ros2/include/decklink_camera_driver.hpp:49:9:[m[K [01;31m[Kerror: [m[Ktemplate argument 1 is invalid
[3.630s]    49 |         [01;31m[KRCLCPP_INFO[m[K(this->get_logger(), "DeckLinkCameraDriver initialized");
[3.630s]       |         [01;31m[K^~~~~~~~~~~[m[K
[3.631s] [01m[K/home/mhenkel/Documents/hi_decklink_ros2/include/decklink_camera_driver.hpp:49:9:[m[K [01;31m[Kerror: [m[Ktemplate argument 1 is invalid
[3.631s]    49 |         [01;31m[KRCLCPP_INFO[m[K(this->get_logger(), "DeckLinkCameraDriver initialized");
[3.631s]       |         [01;31m[K^~~~~~~~~~~[m[K
[3.631s] [01m[K/home/mhenkel/Documents/hi_decklink_ros2/include/decklink_camera_driver.hpp:49:9:[m[K [01;31m[Kerror: [m[Ktemplate argument 1 is invalid
[3.631s]    49 |         [01;31m[KRCLCPP_INFO[m[K(this->get_logger(), "DeckLinkCameraDriver initialized");
[3.631s]       |         [01;31m[K^~~~~~~~~~~[m[K
[3.632s] In file included from [01m[K/opt/ros/jazzy/include/rclcpp/rclcpp/logging.hpp:24[m[K:
[3.632s] [01m[K/home/mhenkel/Documents/hi_decklink_ros2/include/decklink_camera_driver.hpp:49:27:[m[K [01;31m[Kerror: [m[Kâ€˜[01m[Kclass DeckLinkCameraDriver[m[Kâ€™ has no member named â€˜[01m[Kget_logger[m[Kâ€™
[3.632s]    49 |         RCLCPP_INFO(this->[01;31m[Kget_logger[m[K(), "DeckLinkCameraDriver initialized");
[3.632s]       |                           [01;31m[K^~~~~~~~~~[m[K
[3.632s] [01m[K/home/mhenkel/Documents/hi_decklink_ros2/include/decklink_camera_driver.hpp:49:27:[m[K [01;31m[Kerror: [m[Kâ€˜[01m[Kclass DeckLinkCameraDriver[m[Kâ€™ has no member named â€˜[01m[Kget_logger[m[Kâ€™
[3.632s]    49 |         RCLCPP_INFO(this->[01;31m[Kget_logger[m[K(), "DeckLinkCameraDriver initialized");
[3.632s]       |                           [01;31m[K^~~~~~~~~~[m[K
[3.632s] [01m[K/home/mhenkel/Documents/hi_decklink_ros2/include/decklink_camera_driver.hpp:[m[K In member function â€˜[01m[Kbool DeckLinkCameraDriver::[01;32m[Kon_start_capture_request[m[K(int)[m[Kâ€™:
[3.633s] [01m[K/home/mhenkel/Documents/hi_decklink_ros2/include/decklink_camera_driver.hpp:74:52:[m[K [01;35m[Kwarning: [m[Kunused parameter â€˜[01m[KRequest[m[Kâ€™ [[01;35m[K]8;;https://gcc.gnu.org/onlinedocs/gcc/Warning-Options.html#index-Wunused-parameter-Wunused-parameter]8;;[m[K]
[3.633s]    74 |     bool on_start_capture_request([01;35m[Kstd_srvs::Empty::Request[m[K& req, std_srvs::Empty::Response& res) {
[3.633s]       |                                   [01;35m[K~~~~~~~~~~~~~~~~~^~~~~~~[m[K
[3.633s] [01m[K/home/mhenkel/Documents/hi_decklink_ros2/include/decklink_camera_driver.hpp:[m[K In member function â€˜[01m[Kbool DeckLinkCameraDriver::[01;32m[Kon_stop_capture_request[m[K(int)[m[Kâ€™:
[3.633s] [01m[K/home/mhenkel/Documents/hi_decklink_ros2/include/decklink_camera_driver.hpp:81:51:[m[K [01;35m[Kwarning: [m[Kunused parameter â€˜[01m[KRequest[m[Kâ€™ [[01;35m[K]8;;https://gcc.gnu.org/onlinedocs/gcc/Warning-Options.html#index-Wunused-parameter-Wunused-parameter]8;;[m[K]
[3.633s]    81 |     bool on_stop_capture_request([01;35m[Kstd_srvs::Empty::Request[m[K& req, std_srvs::Empty::Response& res) {
[3.634s]       |                                  [01;35m[K~~~~~~~~~~~~~~~~~^~~~~~~[m[K
[3.634s] [01m[K/home/mhenkel/Documents/hi_decklink_ros2/src/decklink_camera_driver.cpp:[m[K At global scope:
[3.634s] [01m[K/home/mhenkel/Documents/hi_decklink_ros2/src/decklink_camera_driver.cpp:10:1:[m[K [01;31m[Kerror: [m[Kredefinition of â€˜[01m[KDeckLinkCameraDriver::[01;32m[KDeckLinkCameraDriver[m[K()[m[Kâ€™
[3.634s]    10 | [01;31m[KDeckLinkCameraDriver[m[K::DeckLinkCameraDriver()
[3.634s]       | [01;31m[K^~~~~~~~~~~~~~~~~~~~[m[K
[3.634s] [01m[K/home/mhenkel/Documents/hi_decklink_ros2/include/decklink_camera_driver.hpp:22:5:[m[K [01;36m[Knote: [m[Kâ€˜[01m[KDeckLinkCameraDriver::[01;32m[KDeckLinkCameraDriver[m[K()[m[Kâ€™ previously defined here
[3.634s]    22 |     [01;36m[KDeckLinkCameraDriver[m[K()
[3.635s]       |     [01;36m[K^~~~~~~~~~~~~~~~~~~~[m[K
[3.635s] [01m[K/home/mhenkel/Documents/hi_decklink_ros2/src/decklink_camera_driver.cpp:[m[K In member function â€˜[01m[Kvoid DeckLinkCameraDriver::[01;32m[Kon_new_image[m[K(const DeckLink::VideoInputFrame&)[m[Kâ€™:
[3.635s] [01m[K/home/mhenkel/Documents/hi_decklink_ros2/src/decklink_camera_driver.cpp:87:35:[m[K [01;31m[Kerror: [m[Kâ€˜[01m[Kclass DeckLinkCameraDriver[m[Kâ€™ has no member named â€˜[01m[Kget_logger[m[Kâ€™
[3.635s]    87 |         RCLCPP_ERROR_STREAM(this->[01;31m[Kget_logger[m[K(),
[3.635s]       |                                   [01;31m[K^~~~~~~~~~[m[K
[3.635s] [01m[K/home/mhenkel/Documents/hi_decklink_ros2/src/decklink_camera_driver.cpp:87:35:[m[K [01;31m[Kerror: [m[Kâ€˜[01m[Kclass DeckLinkCameraDriver[m[Kâ€™ has no member named â€˜[01m[Kget_logger[m[Kâ€™
[3.636s] [01m[K/home/mhenkel/Documents/hi_decklink_ros2/src/decklink_camera_driver.cpp:87:9:[m[K [01;31m[Kerror: [m[Ktemplate argument 1 is invalid
[3.636s]    87 |         [01;31m[KRCLCPP_ERROR_STREAM[m[K(this->get_logger(),
[3.636s]       |         [01;31m[K^~~~~~~~~~~~~~~~~~~[m[K
[3.636s] [01m[K/home/mhenkel/Documents/hi_decklink_ros2/src/decklink_camera_driver.cpp:87:9:[m[K [01;31m[Kerror: [m[Ktemplate argument 1 is invalid
[3.636s]    87 |         [01;31m[KRCLCPP_ERROR_STREAM[m[K(this->get_logger(),
[3.636s]       |         [01;31m[K^~~~~~~~~~~~~~~~~~~[m[K
[3.637s] [01m[K/home/mhenkel/Documents/hi_decklink_ros2/src/decklink_camera_driver.cpp:87:9:[m[K [01;31m[Kerror: [m[Ktemplate argument 1 is invalid
[3.637s]    87 |         [01;31m[KRCLCPP_ERROR_STREAM[m[K(this->get_logger(),
[3.637s]       |         [01;31m[K^~~~~~~~~~~~~~~~~~~[m[K
[3.637s] [01m[K/home/mhenkel/Documents/hi_decklink_ros2/src/decklink_camera_driver.cpp:87:35:[m[K [01;31m[Kerror: [m[Kâ€˜[01m[Kclass DeckLinkCameraDriver[m[Kâ€™ has no member named â€˜[01m[Kget_logger[m[Kâ€™
[3.637s]    87 |         RCLCPP_ERROR_STREAM(this->[01;31m[Kget_logger[m[K(),
[3.637s]       |                                   [01;31m[K^~~~~~~~~~[m[K
[3.637s] [01m[K/home/mhenkel/Documents/hi_decklink_ros2/src/decklink_camera_driver.cpp:87:35:[m[K [01;31m[Kerror: [m[Kâ€˜[01m[Kclass DeckLinkCameraDriver[m[Kâ€™ has no member named â€˜[01m[Kget_logger[m[Kâ€™
[3.637s]    87 |         RCLCPP_ERROR_STREAM(this->[01;31m[Kget_logger[m[K(),
[3.638s]       |                                   [01;31m[K^~~~~~~~~~[m[K
[3.638s] [01m[K/home/mhenkel/Documents/hi_decklink_ros2/src/decklink_camera_driver.cpp:96:60:[m[K [01;31m[Kerror: [m[Kâ€˜[01m[KImage[m[Kâ€™ is not a member of â€˜[01m[Ksensor_msgs[m[Kâ€™; did you mean â€˜[01m[Ksensor_msgs::msg::Image[m[Kâ€™?
[3.638s]    96 |     const auto image_msg = boost::make_shared<sensor_msgs::[01;31m[KImage[m[K>();
[3.638s]       |                                                            [01;31m[K^~~~~[m[K
[3.638s] [01m[K/opt/ros/jazzy/include/sensor_msgs/sensor_msgs/msg/detail/image__struct.hpp:211:7:[m[K [01;36m[Knote: [m[Kâ€˜[01m[Ksensor_msgs::msg::Image[m[Kâ€™ declared here
[3.638s]   211 | using [01;36m[KImage[m[K =
[3.638s]       |       [01;36m[K^~~~~[m[K
[3.638s] [01m[K/home/mhenkel/Documents/hi_decklink_ros2/src/decklink_camera_driver.cpp:96:66:[m[K [01;31m[Kerror: [m[Kno matching function for call to â€˜[01m[Kmake_shared<<expression error> >()[m[Kâ€™
[3.639s]    96 |     const auto image_msg = [01;31m[Kboost::make_shared<sensor_msgs::Image>()[m[K;
[3.639s]       |                            [01;31m[K~~~~~~~~~~~~~~~~~~~~~~~~~~~~~~~~~~~~~~^~[m[K
[3.639s] In file included from [01m[K/usr/include/boost/smart_ptr/make_shared.hpp:15[m[K,
[3.639s]                  from [01m[K/usr/include/boost/make_shared.hpp:14[m[K,
[3.639s]                  from [01m[K/usr/include/boost/exception/detail/exception_ptr.hpp:22[m[K,
[3.639s]                  from [01m[K/usr/include/boost/exception_ptr.hpp:9[m[K,
[3.639s]                  from [01m[K/usr/include/boost/exception/all.hpp:25[m[K,
[3.639s]                  from [01m[K/home/mhenkel/Documents/hi_decklink_ros2/vendor/libdecklink/include/libdecklink/errors.hpp:7[m[K,
[3.640s]                  from [01m[K/home/mhenkel/Documents/hi_decklink_ros2/vendor/libdecklink/include/libdecklink/device.hpp:14[m[K,
[3.640s]                  from [01m[K/home/mhenkel/Documents/hi_decklink_ros2/include/decklink_camera_driver.hpp:15[m[K:
[3.640s] [01m[K/usr/include/boost/smart_ptr/make_shared_object.hpp:249:87:[m[K [01;36m[Knote: [m[Kcandidate: â€˜[01m[Ktemplate<class T, class ... Args> typename boost::detail::sp_if_not_array<T>::type boost::[01;32m[Kmake_shared[m[K(Args&& ...)[m[Kâ€™
[3.640s]   249 | template< class T, class... Args > typename boost::detail::sp_if_not_array< T >::type [01;36m[Kmake_shared[m[K( Args && ... args )
[3.640s]       |                                                                                       [01;36m[K^~~~~~~~~~~[m[K
[3.640s] [01m[K/usr/include/boost/smart_ptr/make_shared_object.hpp:249:87:[m[K [01;36m[Knote: [m[K  template argument deduction/substitution failed:
[3.640s] [01m[K/home/mhenkel/Documents/hi_decklink_ros2/src/decklink_camera_driver.cpp:96:66:[m[K [01;31m[Kerror: [m[Ktemplate argument 1 is invalid
[3.641s]    96 |     const auto image_msg = [01;31m[Kboost::make_shared<sensor_msgs::Image>()[m[K;
[3.641s]       |                            [01;31m[K~~~~~~~~~~~~~~~~~~~~~~~~~~~~~~~~~~~~~~^~[m[K
[3.641s] In file included from [01m[K/usr/include/boost/smart_ptr/make_shared.hpp:18[m[K:
[3.641s] [01m[K/usr/include/boost/smart_ptr/make_shared_array.hpp:19:1:[m[K [01;36m[Knote: [m[Kcandidate: â€˜[01m[Ktemplate<class T> typename boost::enable_if_<boost::is_bounded_array<T>::value, boost::shared_ptr<X> >::type boost::[01;32m[Kmake_shared[m[K()[m[Kâ€™
[3.641s]    19 | [01;36m[Kmake_shared[m[K()
[3.641s]       | [01;36m[K^~~~~~~~~~~[m[K
[3.641s] [01m[K/usr/include/boost/smart_ptr/make_shared_array.hpp:19:1:[m[K [01;36m[Knote: [m[K  template argument deduction/substitution failed:
[3.642s] [01m[K/home/mhenkel/Documents/hi_decklink_ros2/src/decklink_camera_driver.cpp:96:66:[m[K [01;31m[Kerror: [m[Ktemplate argument 1 is invalid
[3.642s]    96 |     const auto image_msg = [01;31m[Kboost::make_shared<sensor_msgs::Image>()[m[K;
[3.642s]       |                            [01;31m[K~~~~~~~~~~~~~~~~~~~~~~~~~~~~~~~~~~~~~~^~[m[K
[3.642s] [01m[K/usr/include/boost/smart_ptr/make_shared_array.hpp:27:1:[m[K [01;36m[Knote: [m[Kcandidate: â€˜[01m[Ktemplate<class T> typename boost::enable_if_<boost::is_bounded_array<T>::value, boost::shared_ptr<X> >::type boost::[01;32m[Kmake_shared[m[K(const typename remove_extent<T>::type&)[m[Kâ€™
[3.642s]    27 | [01;36m[Kmake_shared[m[K(const typename remove_extent<T>::type& value)
[3.642s]       | [01;36m[K^~~~~~~~~~~[m[K
[3.642s] [01m[K/usr/include/boost/smart_ptr/make_shared_array.hpp:27:1:[m[K [01;36m[Knote: [m[K  candidate expects 1 argument, 0 provided
[3.642s] [01m[K/usr/include/boost/smart_ptr/make_shared_array.hpp:35:1:[m[K [01;36m[Knote: [m[Kcandidate: â€˜[01m[Ktemplate<class T> typename boost::enable_if_<boost::is_unbounded_array<T>::value, boost::shared_ptr<X> >::type boost::[01;32m[Kmake_shared[m[K(std::size_t)[m[Kâ€™
[3.642s]    35 | [01;36m[Kmake_shared[m[K(std::size_t size)
[3.643s]       | [01;36m[K^~~~~~~~~~~[m[K
[3.643s] [01m[K/usr/include/boost/smart_ptr/make_shared_array.hpp:35:1:[m[K [01;36m[Knote: [m[K  candidate expects 1 argument, 0 provided
[3.643s] [01m[K/usr/include/boost/smart_ptr/make_shared_array.hpp:43:1:[m[K [01;36m[Knote: [m[Kcandidate: â€˜[01m[Ktemplate<class T> typename boost::enable_if_<boost::is_unbounded_array<T>::value, boost::shared_ptr<X> >::type boost::[01;32m[Kmake_shared[m[K(std::size_t, const typename remove_extent<T>::type&)[m[Kâ€™
[3.643s]    43 | [01;36m[Kmake_shared[m[K(std::size_t size, const typename remove_extent<T>::type& value)
[3.643s]       | [01;36m[K^~~~~~~~~~~[m[K
[3.643s] [01m[K/usr/include/boost/smart_ptr/make_shared_array.hpp:43:1:[m[K [01;36m[Knote: [m[K  candidate expects 2 arguments, 0 provided
[3.643s] [01m[K/home/mhenkel/Documents/hi_decklink_ros2/src/decklink_camera_driver.cpp:97:28:[m[K [01;31m[Kerror: [m[Kâ€˜[01m[Kclass DeckLinkCameraDriver[m[Kâ€™ has no member named â€˜[01m[Know[m[Kâ€™
[3.643s]    97 |     rclcpp::Time t = this->[01;31m[Know[m[K();
[3.643s]       |                            [01;31m[K^~~[m[K
[3.644s] [01m[K/home/mhenkel/Documents/hi_decklink_ros2/src/decklink_camera_driver.cpp:101:34:[m[K [01;31m[Kerror: [m[Kâ€˜[01m[Knumeric_cast[m[Kâ€™ is not a member of â€˜[01m[Kboost[m[Kâ€™
[3.644s]   101 |     image_msg->height   = boost::[01;31m[Knumeric_cast[m[K<unsigned int>(frame.height());
[3.644s]       |                                  [01;31m[K^~~~~~~~~~~~[m[K
[3.644s] [01m[K/home/mhenkel/Documents/hi_decklink_ros2/src/decklink_camera_driver.cpp:101:47:[m[K [01;31m[Kerror: [m[Kexpected primary-expression before â€˜[01m[Kunsigned[m[Kâ€™
[3.644s]   101 |     image_msg->height   = boost::numeric_cast<[01;31m[Kunsigned[m[K int>(frame.height());
[3.644s]       |                                               [01;31m[K^~~~~~~~[m[K
[3.645s] [01m[K/home/mhenkel/Documents/hi_decklink_ros2/src/decklink_camera_driver.cpp:102:34:[m[K [01;31m[Kerror: [m[Kâ€˜[01m[Knumeric_cast[m[Kâ€™ is not a member of â€˜[01m[Kboost[m[Kâ€™
[3.645s]   102 |     image_msg->width    = boost::[01;31m[Knumeric_cast[m[K<unsigned int>(frame.width());
[3.645s]       |                                  [01;31m[K^~~~~~~~~~~~[m[K
[3.645s] [01m[K/home/mhenkel/Documents/hi_decklink_ros2/src/decklink_camera_driver.cpp:102:47:[m[K [01;31m[Kerror: [m[Kexpected primary-expression before â€˜[01m[Kunsigned[m[Kâ€™
[3.645s]   102 |     image_msg->width    = boost::numeric_cast<[01;31m[Kunsigned[m[K int>(frame.width());
[3.645s]       |                                               [01;31m[K^~~~~~~~[m[K
[3.645s] [01m[K/home/mhenkel/Documents/hi_decklink_ros2/src/decklink_camera_driver.cpp:[m[K In member function â€˜[01m[Kvoid DeckLinkCameraDriver::[01;32m[Kon_decklink_error[m[K(DeckLink::VideoInputError)[m[Kâ€™:
[3.645s] [01m[K/home/mhenkel/Documents/hi_decklink_ros2/src/decklink_camera_driver.cpp:138:32:[m[K [01;31m[Kerror: [m[Kâ€˜[01m[Kclass DeckLinkCameraDriver[m[Kâ€™ has no member named â€˜[01m[Kget_logger[m[Kâ€™
[3.646s]   138 |             RCLCPP_ERROR(this->[01;31m[Kget_logger[m[K(),
[3.646s]       |                                [01;31m[K^~~~~~~~~~[m[K
[3.646s] [01m[K/home/mhenkel/Documents/hi_decklink_ros2/src/decklink_camera_driver.cpp:138:32:[m[K [01;31m[Kerror: [m[Kâ€˜[01m[Kclass DeckLinkCameraDriver[m[Kâ€™ has no member named â€˜[01m[Kget_logger[m[Kâ€™
[3.646s] [01m[K/home/mhenkel/Documents/hi_decklink_ros2/src/decklink_camera_driver.cpp:138:13:[m[K [01;31m[Kerror: [m[Ktemplate argument 1 is invalid
[3.646s]   138 |             [01;31m[KRCLCPP_ERROR[m[K(this->get_logger(),
[3.646s]       |             [01;31m[K^~~~~~~~~~~~[m[K
[3.646s] [01m[K/home/mhenkel/Documents/hi_decklink_ros2/src/decklink_camera_driver.cpp:138:13:[m[K [01;31m[Kerror: [m[Ktemplate argument 1 is invalid
[3.647s]   138 |             [01;31m[KRCLCPP_ERROR[m[K(this->get_logger(),
[3.647s]       |             [01;31m[K^~~~~~~~~~~~[m[K
[3.647s] [01m[K/home/mhenkel/Documents/hi_decklink_ros2/src/decklink_camera_driver.cpp:138:13:[m[K [01;31m[Kerror: [m[Ktemplate argument 1 is invalid
[3.647s]   138 |             [01;31m[KRCLCPP_ERROR[m[K(this->get_logger(),
[3.647s]       |             [01;31m[K^~~~~~~~~~~~[m[K
[3.647s] [01m[K/home/mhenkel/Documents/hi_decklink_ros2/src/decklink_camera_driver.cpp:138:32:[m[K [01;31m[Kerror: [m[Kâ€˜[01m[Kclass DeckLinkCameraDriver[m[Kâ€™ has no member named â€˜[01m[Kget_logger[m[Kâ€™
[3.647s]   138 |             RCLCPP_ERROR(this->[01;31m[Kget_logger[m[K(),
[3.647s]       |                                [01;31m[K^~~~~~~~~~[m[K
[3.648s] [01m[K/home/mhenkel/Documents/hi_decklink_ros2/src/decklink_camera_driver.cpp:138:32:[m[K [01;31m[Kerror: [m[Kâ€˜[01m[Kclass DeckLinkCameraDriver[m[Kâ€™ has no member named â€˜[01m[Kget_logger[m[Kâ€™
[3.648s]   138 |             RCLCPP_ERROR(this->[01;31m[Kget_logger[m[K(),
[3.648s]       |                                [01;31m[K^~~~~~~~~~[m[K
[3.648s] [01m[K/home/mhenkel/Documents/hi_decklink_ros2/src/decklink_camera_driver.cpp:139:27:[m[K [01;31m[Kerror: [m[Kinvalid operands of types â€˜[01m[Kconst char [9][m[Kâ€™ and â€˜[01m[Kconst char*[m[Kâ€™ to binary â€˜[01m[Koperator<<[m[Kâ€™
[3.648s]   139 |                 [32m[K"Device <"[m[K[01;31m[K<<[m[K[34m[K_device.get_long_name().c_str()[m[K<<"> received a bad frame, Err:" << to_string(err).c_str()
[3.648s]       |                 [32m[K~~~~~~~~~~[m[K[01;31m[K^~[m[K[34m[K~~~~~~~~~~~~~~~~~~~~~~~~~~~~~~~[m[K
[3.648s]       |                 [32m[K|[m[K                                        [34m[K|[m[K
[3.649s]       |                 [32m[Kconst char [9][m[K                           [34m[Kconst char*[m[K
[3.649s] [01m[K/home/mhenkel/Documents/hi_decklink_ros2/src/decklink_camera_driver.cpp:143:32:[m[K [01;31m[Kerror: [m[Kâ€˜[01m[Kclass DeckLinkCameraDriver[m[Kâ€™ has no member named â€˜[01m[Kget_logger[m[Kâ€™
[3.649s]   143 |             RCLCPP_ERROR(this->[01;31m[Kget_logger[m[K(),
[3.649s]       |                                [01;31m[K^~~~~~~~~~[m[K
[3.649s] [01m[K/home/mhenkel/Documents/hi_decklink_ros2/src/decklink_camera_driver.cpp:143:32:[m[K [01;31m[Kerror: [m[Kâ€˜[01m[Kclass DeckLinkCameraDriver[m[Kâ€™ has no member named â€˜[01m[Kget_logger[m[Kâ€™
[3.649s] [01m[K/home/mhenkel/Documents/hi_decklink_ros2/src/decklink_camera_driver.cpp:143:13:[m[K [01;31m[Kerror: [m[Ktemplate argument 1 is invalid
[3.649s]   143 |             [01;31m[KRCLCPP_ERROR[m[K(this->get_logger(),
[3.649s]       |             [01;31m[K^~~~~~~~~~~~[m[K
[3.650s] [01m[K/home/mhenkel/Documents/hi_decklink_ros2/src/decklink_camera_driver.cpp:143:13:[m[K [01;31m[Kerror: [m[Ktemplate argument 1 is invalid
[3.650s]   143 |             [01;31m[KRCLCPP_ERROR[m[K(this->get_logger(),
[3.650s]       |             [01;31m[K^~~~~~~~~~~~[m[K
[3.650s] [01m[K/home/mhenkel/Documents/hi_decklink_ros2/src/decklink_camera_driver.cpp:143:13:[m[K [01;31m[Kerror: [m[Ktemplate argument 1 is invalid
[3.650s]   143 |             [01;31m[KRCLCPP_ERROR[m[K(this->get_logger(),
[3.650s]       |             [01;31m[K^~~~~~~~~~~~[m[K
[3.650s] [01m[K/home/mhenkel/Documents/hi_decklink_ros2/src/decklink_camera_driver.cpp:143:32:[m[K [01;31m[Kerror: [m[Kâ€˜[01m[Kclass DeckLinkCameraDriver[m[Kâ€™ has no member named â€˜[01m[Kget_logger[m[Kâ€™
[3.650s]   143 |             RCLCPP_ERROR(this->[01;31m[Kget_logger[m[K(),
[3.651s]       |                                [01;31m[K^~~~~~~~~~[m[K
[3.651s] [01m[K/home/mhenkel/Documents/hi_decklink_ros2/src/decklink_camera_driver.cpp:143:32:[m[K [01;31m[Kerror: [m[Kâ€˜[01m[Kclass DeckLinkCameraDriver[m[Kâ€™ has no member named â€˜[01m[Kget_logger[m[Kâ€™
[3.651s]   143 |             RCLCPP_ERROR(this->[01;31m[Kget_logger[m[K(),
[3.651s]       |                                [01;31m[K^~~~~~~~~~[m[K
[3.651s] [01m[K/home/mhenkel/Documents/hi_decklink_ros2/src/decklink_camera_driver.cpp:144:27:[m[K [01;31m[Kerror: [m[Kinvalid operands of types â€˜[01m[Kconst char [9][m[Kâ€™ and â€˜[01m[Kconst char*[m[Kâ€™ to binary â€˜[01m[Koperator<<[m[Kâ€™
[3.651s]   144 |                 [32m[K"Device <"[m[K[01;31m[K<<[m[K[34m[K_device.get_long_name().c_str()[m[K<<"> eceived an unknown error, Err:" << to_string(err).c_str()
[3.651s]       |                 [32m[K~~~~~~~~~~[m[K[01;31m[K^~[m[K[34m[K~~~~~~~~~~~~~~~~~~~~~~~~~~~~~~~[m[K
[3.651s]       |                 [32m[K|[m[K                                        [34m[K|[m[K
[3.652s]       |                 [32m[Kconst char [9][m[K                           [34m[Kconst char*[m[K
[3.652s] [01m[K/home/mhenkel/Documents/hi_decklink_ros2/src/decklink_camera_driver.cpp:[m[K In member function â€˜[01m[Kvoid DeckLinkCameraDriver::[01;32m[Kon_video_format_changed[m[K(DeckLink::InputFormatChangedEvent, const DeckLink::DisplayMode&, DeckLink::DetectedVideoInputFormatFlags)[m[Kâ€™:
[3.652s] [01m[K/home/mhenkel/Documents/hi_decklink_ros2/src/decklink_camera_driver.cpp:160:28:[m[K [01;31m[Kerror: [m[Kâ€˜[01m[Knode[m[Kâ€™ was not declared in this scope
[3.652s]   160 |         RCLCPP_INFO_STREAM([01;31m[Knode[m[K->get_logger(),
[3.652s]       |                            [01;31m[K^~~~[m[K
[3.652s] [01m[K/home/mhenkel/Documents/hi_decklink_ros2/src/decklink_camera_driver.cpp:160:9:[m[K [01;31m[Kerror: [m[Ktemplate argument 1 is invalid
[3.652s]   160 |         [01;31m[KRCLCPP_INFO_STREAM[m[K(node->get_logger(),
[3.653s]       |         [01;31m[K^~~~~~~~~~~~~~~~~~[m[K
[3.653s] [01m[K/home/mhenkel/Documents/hi_decklink_ros2/src/decklink_camera_driver.cpp:160:9:[m[K [01;31m[Kerror: [m[Ktemplate argument 1 is invalid
[3.653s]   160 |         [01;31m[KRCLCPP_INFO_STREAM[m[K(node->get_logger(),
[3.653s]       |         [01;31m[K^~~~~~~~~~~~~~~~~~[m[K
[3.653s] [01m[K/home/mhenkel/Documents/hi_decklink_ros2/src/decklink_camera_driver.cpp:160:9:[m[K [01;31m[Kerror: [m[Ktemplate argument 1 is invalid
[3.653s]   160 |         [01;31m[KRCLCPP_INFO_STREAM[m[K(node->get_logger(),
[3.653s]       |         [01;31m[K^~~~~~~~~~~~~~~~~~[m[K
[3.654s] [01m[K/home/mhenkel/Documents/hi_decklink_ros2/src/decklink_camera_driver.cpp:167:28:[m[K [01;31m[Kerror: [m[Kâ€˜[01m[Knode[m[Kâ€™ was not declared in this scope
[3.655s]   167 |         RCLCPP_INFO_STREAM([01;31m[Knode[m[K->get_logger(),
[3.655s]       |                            [01;31m[K^~~~[m[K
[3.655s] [01m[K/home/mhenkel/Documents/hi_decklink_ros2/src/decklink_camera_driver.cpp:167:9:[m[K [01;31m[Kerror: [m[Ktemplate argument 1 is invalid
[3.655s]   167 |         [01;31m[KRCLCPP_INFO_STREAM[m[K(node->get_logger(),
[3.655s]       |         [01;31m[K^~~~~~~~~~~~~~~~~~[m[K
[3.655s] [01m[K/home/mhenkel/Documents/hi_decklink_ros2/src/decklink_camera_driver.cpp:167:9:[m[K [01;31m[Kerror: [m[Ktemplate argument 1 is invalid
[3.656s]   167 |         [01;31m[KRCLCPP_INFO_STREAM[m[K(node->get_logger(),
[3.656s]       |         [01;31m[K^~~~~~~~~~~~~~~~~~[m[K
[3.656s] [01m[K/home/mhenkel/Documents/hi_decklink_ros2/src/decklink_camera_driver.cpp:167:9:[m[K [01;31m[Kerror: [m[Ktemplate argument 1 is invalid
[3.656s]   167 |         [01;31m[KRCLCPP_INFO_STREAM[m[K(node->get_logger(),
[3.656s]       |         [01;31m[K^~~~~~~~~~~~~~~~~~[m[K
[3.663s] [01m[K/home/mhenkel/Documents/hi_decklink_ros2/src/decklink_camera_driver.cpp:175:28:[m[K [01;31m[Kerror: [m[Kâ€˜[01m[Knode[m[Kâ€™ was not declared in this scope
[3.663s]   175 |         RCLCPP_INFO_STREAM([01;31m[Knode[m[K->get_logger(),
[3.663s]       |                            [01;31m[K^~~~[m[K
[3.663s] [01m[K/home/mhenkel/Documents/hi_decklink_ros2/src/decklink_camera_driver.cpp:175:9:[m[K [01;31m[Kerror: [m[Ktemplate argument 1 is invalid
[3.664s]   175 |         [01;31m[KRCLCPP_INFO_STREAM[m[K(node->get_logger(),
[3.664s]       |         [01;31m[K^~~~~~~~~~~~~~~~~~[m[K
[3.664s] [01m[K/home/mhenkel/Documents/hi_decklink_ros2/src/decklink_camera_driver.cpp:175:9:[m[K [01;31m[Kerror: [m[Ktemplate argument 1 is invalid
[3.664s]   175 |         [01;31m[KRCLCPP_INFO_STREAM[m[K(node->get_logger(),
[3.664s]       |         [01;31m[K^~~~~~~~~~~~~~~~~~[m[K
[3.664s] [01m[K/home/mhenkel/Documents/hi_decklink_ros2/src/decklink_camera_driver.cpp:175:9:[m[K [01;31m[Kerror: [m[Ktemplate argument 1 is invalid
[3.664s]   175 |         [01;31m[KRCLCPP_INFO_STREAM[m[K(node->get_logger(),
[3.664s]       |         [01;31m[K^~~~~~~~~~~~~~~~~~[m[K
[3.823s] /usr/include/c++/13/bits/unique_ptr.h: In instantiation of â€˜[01m[Kstd::__detail::__unique_ptr_t<_Tp> std::[01;32m[Kmake_unique[m[K(_Args&& ...) [35m[K[with _Tp = image_transport::ImageTransport; _Args = {DeckLinkCameraDriver*}; __detail::__unique_ptr_t<_Tp> = __detail::__unique_ptr_t<image_transport::ImageTransport>][m[K[m[Kâ€™:
[3.823s] [01m[K/home/mhenkel/Documents/hi_decklink_ros2/include/decklink_camera_driver.hpp:35:64:[m[K   required from here
[3.823s] [01m[K/usr/include/c++/13/bits/unique_ptr.h:1070:30:[m[K [01;31m[Kerror: [m[Kno matching function for call to â€˜[01m[Kimage_transport::ImageTransport::ImageTransport(DeckLinkCameraDriver*)[m[Kâ€™
[3.823s]  1070 |     { return unique_ptr<_Tp>([01;31m[Knew _Tp(std::forward<_Args>(__args)...)[m[K); }
[3.824s]       |                              [01;31m[K^~~~~~~~~~~~~~~~~~~~~~~~~~~~~~~~~~~~~~~[m[K
[3.824s] In file included from [01m[K/home/mhenkel/Documents/hi_decklink_ros2/include/decklink_camera_driver.hpp:11[m[K:
[3.824s] [01m[K/opt/ros/jazzy/include/image_transport/image_transport/image_transport.hpp:113:12:[m[K [01;36m[Knote: [m[Kcandidate: â€˜[01m[Kimage_transport::ImageTransport::[01;32m[KImageTransport[m[K(rclcpp::Node::SharedPtr)[m[Kâ€™
[3.824s]   113 |   explicit [01;36m[KImageTransport[m[K(rclcpp::Node::SharedPtr node);
[3.824s]       |            [01;36m[K^~~~~~~~~~~~~~[m[K
[3.824s] [01m[K/opt/ros/jazzy/include/image_transport/image_transport/image_transport.hpp:113:51:[m[K [01;36m[Knote: [m[K  no known conversion for argument 1 from â€˜[01m[KDeckLinkCameraDriver*[m[Kâ€™ to â€˜[01m[Krclcpp::Node::SharedPtr[m[Kâ€™ {aka â€˜[01m[Kstd::shared_ptr<rclcpp::Node>[m[Kâ€™}
[3.824s]   113 |   explicit ImageTransport([01;36m[Krclcpp::Node::SharedPtr node[m[K);
[3.824s]       |                           [01;36m[K~~~~~~~~~~~~~~~~~~~~~~~~^~~~[m[K
[4.105s] gmake[2]: *** [CMakeFiles/publisher.dir/build.make:76: CMakeFiles/publisher.dir/src/publisher.cpp.o] Error 1
[4.105s] gmake[2]: *** Waiting for unfinished jobs....
[4.745s] gmake[2]: *** [CMakeFiles/publisher.dir/build.make:90: CMakeFiles/publisher.dir/src/decklink_camera_driver.cpp.o] Error 1
[4.745s] gmake[1]: *** [CMakeFiles/Makefile2:168: CMakeFiles/publisher.dir/all] Error 2
[4.746s] gmake: *** [Makefile:146: all] Error 2
[4.748s] Invoked command in '/home/mhenkel/Documents/hi_decklink_ros2/build/hi_decklink_ros2' returned '2': CMAKE_PREFIX_PATH=${CMAKE_PREFIX_PATH}:/opt/ros/jazzy DEBUGINFOD_URLS=https://debuginfod.ubuntu.com /usr/bin/cmake --build /home/mhenkel/Documents/hi_decklink_ros2/build/hi_decklink_ros2 -- -j8 -l8
