[ 41%] Built target decklink
[ 55%] Built target deckquery
[ 55%] Built target deckview
[ 62%] Built target deckstatus
[ 68%] Built target deckoutput
[ 75%] Built target deckmonitor
[ 82%] Built target img2ros
[ 93%] [32mBuilding CXX object CMakeFiles/subscriber.dir/src/subscriber.cpp.o[0m
[ 96%] Built target publisher
[01m[K/home/mhenkel/Documents/hi_decklink_ros2/src/subscriber.cpp:48:1:[m[K [01;35m[Kwarning: [m[Kâ€˜[01m[Ksensor_msgs::msg::Image_<std::allocator<void> >::ConstPtr[m[Kâ€™ is deprecated [[01;35m[K]8;;https://gcc.gnu.org/onlinedocs/gcc/Warning-Options.html#index-Wdeprecated-declarations-Wdeprecated-declarations]8;;[m[K]
   48 | [01;35m[K)[m[K {
      | [01;35m[K^[m[K
In file included from [01m[K/opt/ros/jazzy/include/sensor_msgs/sensor_msgs/msg/image.hpp:7[m[K,
                 from [01m[K/home/mhenkel/Documents/hi_decklink_ros2/src/subscriber.cpp:13[m[K:
[01m[K/opt/ros/jazzy/include/sensor_msgs/sensor_msgs/msg/detail/image__struct.hpp:176:5:[m[K [01;36m[Knote: [m[Kdeclared here
  176 |     [01;36m[KConstPtr[m[K;
      |     [01;36m[K^~~~~~~~[m[K
[01m[K/home/mhenkel/Documents/hi_decklink_ros2/src/subscriber.cpp:[m[K In function â€˜[01m[Kvoid[01;32m[K OnFrameReceived[m[K(DeckLink::DeviceOutputInterface&, DeckLink::PixelFormat, const DeckLink::DisplayMode&, const sensor_msgs::msg::Image_<std::allocator<void> >::ConstPtr&)[m[Kâ€™:
[01m[K/home/mhenkel/Documents/hi_decklink_ros2/src/subscriber.cpp:64:63:[m[K [01;31m[Kerror: [m[Kâ€˜[01m[Kimage_encodings[m[Kâ€™ has not been declared
   64 |     cv_bridge::CvImagePtr cv_ptr = cv_bridge::toCvCopy(image, [01;31m[Kimage_encodings[m[K::BGRA8);
      |                                                               [01;31m[K^~~~~~~~~~~~~~~[m[K
[01m[K/home/mhenkel/Documents/hi_decklink_ros2/src/subscriber.cpp:73:28:[m[K [01;35m[Kwarning: [m[Kcomparison of integer expressions of different signedness: â€˜[01m[Ksize_t[m[Kâ€™ {aka â€˜[01m[Klong unsigned int[m[Kâ€™} and â€˜[01m[Klong int[m[Kâ€™ [[01;35m[K]8;;https://gcc.gnu.org/onlinedocs/gcc/Warning-Options.html#index-Wsign-compare-Wsign-compare]8;;[m[K]
   73 |     if ([01;35m[Kcv_ptr->image.step == frame.row_bytes()[m[K){
      |         [01;35m[K~~~~~~~~~~~~~~~~~~~^~~~~~~~~~~~~~~~~~~~[m[K
[01m[K/home/mhenkel/Documents/hi_decklink_ros2/src/subscriber.cpp:[m[K In function â€˜[01m[Kint[01;32m[K main[m[K(int, char**)[m[Kâ€™:
[01m[K/home/mhenkel/Documents/hi_decklink_ros2/src/subscriber.cpp:151:22:[m[K [01;31m[Kerror: [m[Kexpected â€˜[01m[K;[m[Kâ€™ before â€˜[01m[K:[m[Kâ€™ token
  151 |             return -1[01;31m[K:[m[K
      |                      [01;31m[K^[m[K
      |                      [32m[K;[m[K
[01m[K/home/mhenkel/Documents/hi_decklink_ros2/src/subscriber.cpp:151:22:[m[K [01;31m[Kerror: [m[Kexpected primary-expression before â€˜[01m[K:[m[Kâ€™ token
[01m[K/home/mhenkel/Documents/hi_decklink_ros2/src/subscriber.cpp:204:41:[m[K [01;31m[Kerror: [m[Kcannot convert â€˜[01m[Krclcpp::Parameter[m[Kâ€™ to â€˜[01m[Kbool[m[Kâ€™ in assignment
  204 |         use_keying = [01;31m[Knode->get_parameter("keying")[m[K;
      |                      [01;31m[K~~~~~~~~~~~~~~~~~~~^~~~~~~~~~[m[K
      |                                         [01;31m[K|[m[K
      |                                         [01;31m[Krclcpp::Parameter[m[K
[01m[K/home/mhenkel/Documents/hi_decklink_ros2/src/subscriber.cpp:208:48:[m[K [01;31m[Kerror: [m[Kcannot convert â€˜[01m[Krclcpp::Parameter[m[Kâ€™ to â€˜[01m[Kint[m[Kâ€™ in assignment
  208 |             keyer_opacity = [01;31m[Knode->get_parameter("opacity")[m[K;
      |                             [01;31m[K~~~~~~~~~~~~~~~~~~~^~~~~~~~~~~[m[K
      |                                                [01;31m[K|[m[K
      |                                                [01;31m[Krclcpp::Parameter[m[K
[01m[K/home/mhenkel/Documents/hi_decklink_ros2/src/subscriber.cpp:221:32:[m[K [01;31m[Kerror: [m[Kâ€˜[01m[Kbind[m[Kâ€™ is not a member of â€˜[01m[Kboost[m[Kâ€™; did you mean â€˜[01m[Kstd::bind[m[Kâ€™?
  221 |         auto frame_cb = boost::[01;31m[Kbind[m[K(OnFrameReceived,
      |                                [01;31m[K^~~~[m[K
In file included from [01m[K/opt/ros/jazzy/include/rclcpp/rclcpp/utilities.hpp:19[m[K,
                 from [01m[K/opt/ros/jazzy/include/rclcpp/rclcpp/logging.hpp:25[m[K,
                 from [01m[K/opt/ros/jazzy/include/rclcpp/rclcpp/copy_all_parameter_values.hpp:27[m[K,
                 from [01m[K/opt/ros/jazzy/include/rclcpp/rclcpp/rclcpp.hpp:171[m[K,
                 from [01m[K/home/mhenkel/Documents/hi_decklink_ros2/src/subscriber.cpp:12[m[K:
[01m[K/usr/include/c++/13/functional:906:5:[m[K [01;36m[Knote: [m[Kâ€˜[01m[Kstd::bind[m[Kâ€™ declared here
  906 |     [01;36m[Kbind[m[K(_Func&& __f, _BoundArgs&&... __args)
      |     [01;36m[K^~~~[m[K
[01m[K/home/mhenkel/Documents/hi_decklink_ros2/src/subscriber.cpp:222:102:[m[K [01;31m[Kerror: [m[Kâ€˜[01m[K_1[m[Kâ€™ was not declared in this scope; did you mean â€˜[01m[Kstd::placeholders::_1[m[Kâ€™?
  222 |                                     std::ref(device.output()), pixel_format, std::ref(display_mode), [01;31m[K_1[m[K);
      |                                                                                                      [01;31m[K^~[m[K
      |                                                                                                      [32m[Kstd::placeholders::_1[m[K
[01m[K/usr/include/c++/13/functional:294:48:[m[K [01;36m[Knote: [m[Kâ€˜[01m[Kstd::placeholders::_1[m[Kâ€™ declared here
  294 |     _GLIBCXX_PLACEHOLDER const _Placeholder<1> [01;36m[K_1[m[K;
      |                                                [01;36m[K^~[m[K
[01m[K/home/mhenkel/Documents/hi_decklink_ros2/src/subscriber.cpp:228:50:[m[K [01;31m[Kerror: [m[Kno matching function for call to â€˜[01m[Krclcpp::Node::create_subscription(const char [22], int, void (&)(const std_msgs::msg::Bool&))[m[Kâ€™
  228 |         auto sub_full = [01;31m[Knode->create_subscription("function/output_write", 1, writeCallback)[m[K
      |                         [01;31m[K~~~~~~~~~~~~~~~~~~~~~~~~~^~~~~~~~~~~~~~~~~~~~~~~~~~~~~~~~~~~~~~~~~~~[m[K
In file included from [01m[K/opt/ros/jazzy/include/rclcpp/rclcpp/executors/single_threaded_executor.hpp:28[m[K,
                 from [01m[K/opt/ros/jazzy/include/rclcpp/rclcpp/executors.hpp:22[m[K,
                 from [01m[K/opt/ros/jazzy/include/rclcpp/rclcpp/rclcpp.hpp:172[m[K:
[01m[K/opt/ros/jazzy/include/rclcpp/rclcpp/node.hpp:221:3:[m[K [01;36m[Knote: [m[Kcandidate: â€˜[01m[Ktemplate<class MessageT, class CallbackT, class AllocatorT, class SubscriptionT, class MessageMemoryStrategyT> std::shared_ptr<ROSMessageT> rclcpp::Node::[01;32m[Kcreate_subscription[m[K(const std::string&, const rclcpp::QoS&, CallbackT&&, const rclcpp::SubscriptionOptionsWithAllocator<AllocatorT>&, typename MessageMemoryStrategyT::SharedPtr)[m[Kâ€™
  221 |   [01;36m[Kcreate_subscription[m[K(
      |   [01;36m[K^~~~~~~~~~~~~~~~~~~[m[K
[01m[K/opt/ros/jazzy/include/rclcpp/rclcpp/node.hpp:221:3:[m[K [01;36m[Knote: [m[K  template argument deduction/substitution failed:
[01m[K/home/mhenkel/Documents/hi_decklink_ros2/src/subscriber.cpp:228:50:[m[K [01;36m[Knote: [m[K  couldnâ€™t deduce template parameter â€˜[01m[KMessageT[m[Kâ€™
  228 |         auto sub_full = [01;36m[Knode->create_subscription("function/output_write", 1, writeCallback)[m[K
      |                         [01;36m[K~~~~~~~~~~~~~~~~~~~~~~~~~^~~~~~~~~~~~~~~~~~~~~~~~~~~~~~~~~~~~~~~~~~~[m[K
[01m[K/home/mhenkel/Documents/hi_decklink_ros2/src/subscriber.cpp:231:9:[m[K [01;31m[Kerror: [m[Kexpected â€˜[01m[K,[m[Kâ€™ or â€˜[01m[K;[m[Kâ€™ before â€˜[01m[Kwhile[m[Kâ€™
  231 |         [01;31m[KRCLCPP_INFO_STREAM[m[K(node->get_logger(),"Subscriber ready. Waiting for frames ...");
      |         [01;31m[K^~~~~~~~~~~~~~~~~~[m[K
gmake[2]: *** [CMakeFiles/subscriber.dir/build.make:76: CMakeFiles/subscriber.dir/src/subscriber.cpp.o] Error 1
gmake[1]: *** [CMakeFiles/Makefile2:196: CMakeFiles/subscriber.dir/all] Error 2
gmake: *** [Makefile:146: all] Error 2
