<?xml version="1.0" encoding="UTF-8"?>
<Site BuildName="(empty)"
	BuildStamp="20250829-0715-Experimental"
	Name="pckjk02"
	Generator="ctest-3.28.3"
	CompilerName="/usr/bin/g++"
	CompilerVersion="13.3.0"
	OSName="Linux"
	Hostname="pckjk02"
	OSRelease="6.14.0-28-generic"
	OSVersion="#28~24.04.1-Ubuntu SMP PREEMPT_DYNAMIC Fri Jul 25 10:47:01 UTC 2"
	OSPlatform="x86_64"
	Is64Bits="1"
	VendorString="GenuineIntel"
	VendorID="Intel Corporation"
	FamilyID="6"
	ModelID="158"
	ProcessorCacheSize="8192"
	NumberOfLogicalCPU="8"
	NumberOfPhysicalCPU="4"
	TotalVirtualMemory="8191"
	TotalPhysicalMemory="64067"
	LogicalProcessorsPerPhysical="2"
	ProcessorClockFrequency="3999.99"
	>
	<Testing>
		<StartDateTime>Aug 29 12:47 CEST</StartDateTime>
		<StartTestTime>1756464446</StartTestTime>
		<TestList/>
		<EndDateTime>Aug 29 12:47 CEST</EndDateTime>
		<EndTestTime>1756464446</EndTestTime>
		<ElapsedMinutes>0</ElapsedMinutes>
	</Testing>
</Site>
