<?xml version="1.0" encoding="UTF-8"?>
<Site BuildName="(empty)"
	BuildStamp="20250911-0920-Experimental"
	Name="pckjk02"
	Generator="ctest-3.28.3"
	CompilerName="/usr/bin/g++"
	CompilerVersion="13.3.0"
	OSName="Linux"
	Hostname="pckjk02"
	OSRelease="6.14.0-29-generic"
	OSVersion="#29~24.04.1-Ubuntu SMP PREEMPT_DYNAMIC Thu Aug 14 16:52:50 UTC 2"
	OSPlatform="x86_64"
	Is64Bits="1"
	VendorString="GenuineIntel"
	VendorID="Intel Corporation"
	FamilyID="6"
	ModelID="158"
	ProcessorCacheSize="8192"
	NumberOfLogicalCPU="8"
	NumberOfPhysicalCPU="4"
	TotalVirtualMemory="8191"
	TotalPhysicalMemory="64066"
	LogicalProcessorsPerPhysical="2"
	ProcessorClockFrequency="900.071"
	>
	<Testing>
		<StartDateTime>Sep 11 11:20 CEST</StartDateTime>
		<StartTestTime>1757582440</StartTestTime>
		<TestList/>
		<EndDateTime>Sep 11 11:20 CEST</EndDateTime>
		<EndTestTime>1757582440</EndTestTime>
		<ElapsedMinutes>0</ElapsedMinutes>
	</Testing>
</Site>
