[0.009s] Invoking command in '/home/mhenkel/Documents/hi_decklink_ros2/build/hi_decklink_ros2': CMAKE_PREFIX_PATH=${CMAKE_PREFIX_PATH}:/opt/ros/jazzy DEBUGINFOD_URLS=https://debuginfod.ubuntu.com /usr/bin/cmake --build /home/mhenkel/Documents/hi_decklink_ros2/build/hi_decklink_ros2 -- -j8 -l8
[0.064s] [ 41%] Built target decklink
[0.096s] [ 51%] Built target deckquery
[0.096s] [ 55%] Built target deckview
[0.097s] [ 62%] Built target deckstatus
[0.097s] [ 68%] Built target deckmonitor
[0.104s] [ 75%] Built target deckoutput
[0.105s] [ 82%] Built target img2ros
[0.111s] [ 93%] Built target publisher
[0.115s] [ 96%] [32mBuilding CXX object CMakeFiles/subscriber.dir/src/subscriber.cpp.o[0m
[3.078s] [01m[K/home/mhenkel/Documents/hi_decklink_ros2/src/subscriber.cpp:[m[K In function â€˜[01m[Kint[01;32m[K main[m[K(int, char**)[m[Kâ€™:
[3.078s] [01m[K/home/mhenkel/Documents/hi_decklink_ros2/src/subscriber.cpp:202:38:[m[K [01;31m[Kerror: [m[Kno matching function for call to â€˜[01m[Krclcpp::Node::declare_parameter<std_msgs::msg::Bool>(const char [7], bool)[m[Kâ€™
[3.078s]   202 |         [01;31m[Knode->declare_parameter<Bool>("keying", false)[m[K;
[3.078s]       |         [01;31m[K~~~~~~~~~~~~~~~~~~~~~~~~~~~~~^~~~~~~~~~~~~~~~~[m[K
[3.078s] In file included from [01m[K/opt/ros/jazzy/include/rclcpp/rclcpp/node.hpp:1663[m[K,
[3.078s]                  from [01m[K/opt/ros/jazzy/include/rclcpp/rclcpp/executors/single_threaded_executor.hpp:28[m[K,
[3.079s]                  from [01m[K/opt/ros/jazzy/include/rclcpp/rclcpp/executors.hpp:22[m[K,
[3.079s]                  from [01m[K/opt/ros/jazzy/include/rclcpp/rclcpp/rclcpp.hpp:172[m[K,
[3.079s]                  from [01m[K/home/mhenkel/Documents/hi_decklink_ros2/src/subscriber.cpp:12[m[K:
[3.079s] [01m[K/opt/ros/jazzy/include/rclcpp/rclcpp/node_impl.hpp:246:1:[m[K [01;36m[Knote: [m[Kcandidate: â€˜[01m[Kauto rclcpp::Node::[01;32m[Kdeclare_parameter[m[K(const std::string&, const ParameterT&, const rcl_interfaces::msg::ParameterDescriptor&, bool) [35m[K[with ParameterT = std_msgs::msg::Bool_<std::allocator<void> >; std::string = std::__cxx11::basic_string<char>; rcl_interfaces::msg::ParameterDescriptor = rcl_interfaces::msg::ParameterDescriptor_<std::allocator<void> >][m[K[m[Kâ€™
[3.079s]   246 | [01;36m[KNode[m[K::declare_parameter(
[3.079s]       | [01;36m[K^~~~[m[K
[3.079s] [01m[K/opt/ros/jazzy/include/rclcpp/rclcpp/node_impl.hpp:248:22:[m[K [01;36m[Knote: [m[K  no known conversion for argument 2 from â€˜[01m[Kbool[m[Kâ€™ to â€˜[01m[Kconst std_msgs::msg::Bool_<std::allocator<void> >&[m[Kâ€™
[3.079s]   248 |   [01;36m[Kconst ParameterT & default_value[m[K,
[3.080s]       |   [01;36m[K~~~~~~~~~~~~~~~~~~~^~~~~~~~~~~~~[m[K
[3.080s] [01m[K/opt/ros/jazzy/include/rclcpp/rclcpp/node_impl.hpp:266:1:[m[K [01;36m[Knote: [m[Kcandidate: â€˜[01m[Kauto rclcpp::Node::[01;32m[Kdeclare_parameter[m[K(const std::string&, const rcl_interfaces::msg::ParameterDescriptor&, bool) [35m[K[with ParameterT = std_msgs::msg::Bool_<std::allocator<void> >; std::string = std::__cxx11::basic_string<char>; rcl_interfaces::msg::ParameterDescriptor = rcl_interfaces::msg::ParameterDescriptor_<std::allocator<void> >][m[K[m[Kâ€™
[3.080s]   266 | [01;36m[KNode[m[K::declare_parameter(
[3.080s]       | [01;36m[K^~~~[m[K
[3.080s] [01m[K/opt/ros/jazzy/include/rclcpp/rclcpp/node_impl.hpp:268:52:[m[K [01;36m[Knote: [m[K  no known conversion for argument 2 from â€˜[01m[Kbool[m[Kâ€™ to â€˜[01m[Kconst rcl_interfaces::msg::ParameterDescriptor&[m[Kâ€™ {aka â€˜[01m[Kconst rcl_interfaces::msg::ParameterDescriptor_<std::allocator<void> >&[m[Kâ€™}
[3.080s]   268 |   [01;36m[Kconst rcl_interfaces::msg::ParameterDescriptor & parameter_descriptor[m[K,
[3.080s]       |   [01;36m[K~~~~~~~~~~~~~~~~~~~~~~~~~~~~~~~~~~~~~~~~~~~~~~~~~^~~~~~~~~~~~~~~~~~~~[m[K
[3.087s] [01m[K/home/mhenkel/Documents/hi_decklink_ros2/src/subscriber.cpp:224:106:[m[K [01;31m[Kerror: [m[Kexpected primary-expression before â€˜[01m[K,[m[Kâ€™ token
[3.087s]   224 |         auto subscriber = node->create_subscription<sensor_msgs::msg::Image>("image_ros", rclcpp::QoS(1),[01;31m[K,[m[K frame_cb);
[3.088s]       |                                                                                                          [01;31m[K^[m[K
[3.088s] [01m[K/home/mhenkel/Documents/hi_decklink_ros2/src/subscriber.cpp:228:31:[m[K [01;31m[Kerror: [m[Kunable to deduce â€˜[01m[Kauto[m[Kâ€™ from â€˜[01m[K((std::__shared_ptr_access<rclcpp::Node, __gnu_cxx::_S_atomic, false, false>*)(& node))->std::__shared_ptr_access<rclcpp::Node, __gnu_cxx::_S_atomic, false, false>::operator->()->rclcpp::Node::create_subscription[m[Kâ€™
[3.088s]   228 |         auto sub_full = [01;31m[Knode->create_subscription[m[K,<bool>("function/output_write", rclcpp::QoS(1),, writeCallback);
[3.088s]       |                         [01;31m[K~~~~~~^~~~~~~~~~~~~~~~~~~[m[K
[3.088s] [01m[K/home/mhenkel/Documents/hi_decklink_ros2/src/subscriber.cpp:228:31:[m[K [01;36m[Knote: [m[K  couldnâ€™t deduce template parameter â€˜[01m[Kauto[m[Kâ€™
[3.088s]   228 |         auto sub_full = node->[01;36m[Kcreate_subscription[m[K,<bool>("function/output_write", rclcpp::QoS(1),, writeCallback);
[3.088s]       |                               [01;36m[K^~~~~~~~~~~~~~~~~~~[m[K
[3.088s] [01m[K/home/mhenkel/Documents/hi_decklink_ros2/src/subscriber.cpp:228:51:[m[K [01;31m[Kerror: [m[Kexpected unqualified-id before â€˜[01m[K<[m[Kâ€™ token
[3.089s]   228 |         auto sub_full = node->create_subscription,[01;31m[K<[m[Kbool>("function/output_write", rclcpp::QoS(1),, writeCallback);
[3.089s]       |                                                   [01;31m[K^[m[K
[4.491s] gmake[2]: *** [CMakeFiles/subscriber.dir/build.make:76: CMakeFiles/subscriber.dir/src/subscriber.cpp.o] Error 1
[4.491s] gmake[1]: *** [CMakeFiles/Makefile2:196: CMakeFiles/subscriber.dir/all] Error 2
[4.491s] gmake: *** [Makefile:146: all] Error 2
[4.494s] Invoked command in '/home/mhenkel/Documents/hi_decklink_ros2/build/hi_decklink_ros2' returned '2': CMAKE_PREFIX_PATH=${CMAKE_PREFIX_PATH}:/opt/ros/jazzy DEBUGINFOD_URLS=https://debuginfod.ubuntu.com /usr/bin/cmake --build /home/mhenkel/Documents/hi_decklink_ros2/build/hi_decklink_ros2 -- -j8 -l8
