In file included from [01m[K/home/mhenkel/Documents/hi_decklink_ros2/src/publisher.cpp:6[m[K:
[01m[K/home/mhenkel/Documents/hi_decklink_ros2/include/decklink_camera_driver.hpp:74:45:[m[K [01;31m[Kerror: [m[Kâ€˜[01m[Kstd_srvs::Empty[m[Kâ€™ has not been declared
   74 | bool on_start_capture_request(std_srvs::[01;31m[KEmpty[m[K::Request& req, std_srvs::Empty::Response& res) {
      |                                         [01;31m[K^~~~~[m[K

[01m[K/home/mhenkel/Documents/hi_decklink_ros2/include/decklink_camera_driver.hpp:74:59:[m[K [01;31m[Kerror: [m[Kexpected â€˜[01m[K,[m[Kâ€™ or â€˜[01m[K...[m[Kâ€™ before â€˜[01m[K&[m[Kâ€™ token
   74 | capture_request(std_srvs::Empty::Request[01;31m[K&[m[K req, std_srvs::Empty::Response& res) {
      |                                         [01;31m[K^[m[K

[01m[K/home/mhenkel/Documents/hi_decklink_ros2/include/decklink_camera_driver.hpp:81:44:[m[K [01;31m[Kerror: [m[Kâ€˜[01m[Kstd_srvs::Empty[m[Kâ€™ has not been declared
   81 |  bool on_stop_capture_request(std_srvs::[01;31m[KEmpty[m[K::Request& req, std_srvs::Empty::Response& res) {
      |                                         [01;31m[K^~~~~[m[K

[01m[K/home/mhenkel/Documents/hi_decklink_ros2/include/decklink_camera_driver.hpp:81:58:[m[K [01;31m[Kerror: [m[Kexpected â€˜[01m[K,[m[Kâ€™ or â€˜[01m[K...[m[Kâ€™ before â€˜[01m[K&[m[Kâ€™ token
   81 | capture_request(std_srvs::Empty::Request[01;31m[K&[m[K req, std_srvs::Empty::Response& res) {
      |                                         [01;31m[K^[m[K

[01m[K/home/mhenkel/Documents/hi_decklink_ros2/include/decklink_camera_driver.hpp:[m[K In constructor â€˜[01m[KDeckLinkCameraDriver::[01;32m[KDeckLinkCameraDriver[m[K()[m[Kâ€™:
[01m[K/home/mhenkel/Documents/hi_decklink_ros2/include/decklink_camera_driver.hpp:23:7:[m[K [01;31m[Kerror: [m[Kclass â€˜[01m[KDeckLinkCameraDriver[m[Kâ€™ does not have any field named â€˜[01m[KNode[m[Kâ€™
   23 |     : [01;31m[KNode[m[K("decklink_camera_driver")
      |       [01;31m[K^~~~[m[K
[01m[K/home/mhenkel/Documents/hi_decklink_ros2/include/decklink_camera_driver.hpp:26:15:[m[K [01;31m[Kerror: [m[Kâ€˜[01m[Kclass DeckLinkCameraDriver[m[Kâ€™ has no member named â€˜[01m[Kdeclare_parameter[m[Kâ€™
   26 |         this->[01;31m[Kdeclare_parameter[m[K<std::string>("camera_name", "decklink_camera");
      |               [01;31m[K^~~~~~~~~~~~~~~~~[m[K
[01m[K/home/mhenkel/Documents/hi_decklink_ros2/include/decklink_camera_driver.hpp:26:44:[m[K [01;31m[Kerror: [m[Kexpected primary-expression before â€˜[01m[K>[m[Kâ€™ token
   26 |      this->declare_parameter<std::string[01;31m[K>[m[K("camera_name", "decklink_camera");
      |                                         [01;31m[K^[m[K

[01m[K/home/mhenkel/Documents/hi_decklink_ros2/include/decklink_camera_driver.hpp:26:46:[m[K [01;35m[Kwarning: [m[Kleft operand of comma operator has no effect [[01;35m[K]8;;https://gcc.gnu.org/onlinedocs/gcc/Warning-Options.html#index-Wunused-value-Wunused-value]8;;[m[K]
   26 |    this->declare_parameter<std::string>([01;35m[K"camera_name"[m[K, "decklink_camera");
      |                                         [01;35m[K^~~~~~~~~~~~~[m[K

[01m[K/home/mhenkel/Documents/hi_decklink_ros2/include/decklink_camera_driver.hpp:27:15:[m[K [01;31m[Kerror: [m[Kâ€˜[01m[Kclass DeckLinkCameraDriver[m[Kâ€™ has no member named â€˜[01m[Kdeclare_parameter[m[Kâ€™
   27 |         this->[01;31m[Kdeclare_parameter[m[K<std::string>("camera_frame", "camera_frame");
      |               [01;31m[K^~~~~~~~~~~~~~~~~[m[K
[01m[K/home/mhenkel/Documents/hi_decklink_ros2/include/decklink_camera_driver.hpp:27:44:[m[K [01;31m[Kerror: [m[Kexpected primary-expression before â€˜[01m[K>[m[Kâ€™ token
   27 |      this->declare_parameter<std::string[01;31m[K>[m[K("camera_frame", "camera_frame");
      |                                         [01;31m[K^[m[K

[01m[K/home/mhenkel/Documents/hi_decklink_ros2/include/decklink_camera_driver.hpp:27:46:[m[K [01;35m[Kwarning: [m[Kleft operand of comma operator has no effect [[01;35m[K]8;;https://gcc.gnu.org/onlinedocs/gcc/Warning-Options.html#index-Wunused-value-Wunused-value]8;;[m[K]
   27 |    this->declare_parameter<std::string>([01;35m[K"camera_frame"[m[K, "camera_frame");
      |                                         [01;35m[K^~~~~~~~~~~~~~[m[K

[01m[K/home/mhenkel/Documents/hi_decklink_ros2/include/decklink_camera_driver.hpp:28:15:[m[K [01;31m[Kerror: [m[Kâ€˜[01m[Kclass DeckLinkCameraDriver[m[Kâ€™ has no member named â€˜[01m[Kdeclare_parameter[m[Kâ€™
   28 |         this->[01;31m[Kdeclare_parameter[m[K<std::string>("camera_info_url", "");
      |               [01;31m[K^~~~~~~~~~~~~~~~~[m[K
[01m[K/home/mhenkel/Documents/hi_decklink_ros2/include/decklink_camera_driver.hpp:28:44:[m[K [01;31m[Kerror: [m[Kexpected primary-expression before â€˜[01m[K>[m[Kâ€™ token
   28 |      this->declare_parameter<std::string[01;31m[K>[m[K("camera_info_url", "");
      |                                         [01;31m[K^[m[K

[01m[K/home/mhenkel/Documents/hi_decklink_ros2/include/decklink_camera_driver.hpp:28:46:[m[K [01;35m[Kwarning: [m[Kleft operand of comma operator has no effect [[01;35m[K]8;;https://gcc.gnu.org/onlinedocs/gcc/Warning-Options.html#index-Wunused-value-Wunused-value]8;;[m[K]
   28 |    this->declare_parameter<std::string>([01;35m[K"camera_info_url"[m[K, "");
      |                                         [01;35m[K^~~~~~~~~~~~~~~~~[m[K

[01m[K/home/mhenkel/Documents/hi_decklink_ros2/include/decklink_camera_driver.hpp:30:15:[m[K [01;31m[Kerror: [m[Kâ€˜[01m[Kclass DeckLinkCameraDriver[m[Kâ€™ has no member named â€˜[01m[Kget_parameter[m[Kâ€™
   30 |         this->[01;31m[Kget_parameter[m[K("camera_name", _camera_name);
      |               [01;31m[K^~~~~~~~~~~~~[m[K
[01m[K/home/mhenkel/Documents/hi_decklink_ros2/include/decklink_camera_driver.hpp:31:15:[m[K [01;31m[Kerror: [m[Kâ€˜[01m[Kclass DeckLinkCameraDriver[m[Kâ€™ has no member named â€˜[01m[Kget_parameter[m[Kâ€™
   31 |         this->[01;31m[Kget_parameter[m[K("camera_frame", _camera_frame);
      |               [01;31m[K^~~~~~~~~~~~~[m[K
[01m[K/home/mhenkel/Documents/hi_decklink_ros2/include/decklink_camera_driver.hpp:32:15:[m[K [01;31m[Kerror: [m[Kâ€˜[01m[Kclass DeckLinkCameraDriver[m[Kâ€™ has no member named â€˜[01m[Kget_parameter[m[Kâ€™
   32 |         this->[01;31m[Kget_parameter[m[K("camera_info_url", _camera_info_url);
      |               [01;31m[K^~~~~~~~~~~~~[m[K
[01m[K/home/mhenkel/Documents/hi_decklink_ros2/include/decklink_camera_driver.hpp:36:58:[m[K [01;31m[Kerror: [m[Kno match for â€˜[01m[Koperator=[m[Kâ€™ (operand types are â€˜[01m[Kstd::unique_ptr<image_transport::CameraPublisher>[m[Kâ€™ and â€˜[01m[Kimage_transport::CameraPublisher[m[Kâ€™)
   36 | _camera_pub = _it->advertiseCamera("image_raw", 1[01;31m[K)[m[K;
      |                                                  [01;31m[K^[m[K

In file included from [01m[K/usr/include/c++/13/memory:78[m[K,
                 from [01m[K/opt/ros/jazzy/include/rclcpp/rclcpp/rclcpp.hpp:169[m[K,
                 from [01m[K/home/mhenkel/Documents/hi_decklink_ros2/src/publisher.cpp:5[m[K:
[01m[K/usr/include/c++/13/bits/unique_ptr.h:430:9:[m[K [01;36m[Knote: [m[Kcandidate: â€˜[01m[Ktemplate<class _Up, class _Ep> typename std::enable_if<std::__and_<std::__and_<std::is_convertible<typename std::unique_ptr<_Up, _Ep>::pointer, typename std::__uniq_ptr_impl<_Tp, _Dp>::pointer>, std::__not_<std::is_array<_Up> > >, std::is_assignable<_T2&, _U2&&> >::value, std::unique_ptr<_Tp, _Dp>&>::type std::unique_ptr<_Tp, _Dp>::[01;32m[Koperator=[m[K(std::unique_ptr<_Up, _Ep>&&) [35m[K[with _Ep = _Up; _Tp = image_transport::CameraPublisher; _Dp = std::default_delete<image_transport::CameraPublisher>][m[K[m[Kâ€™
  430 |         [01;36m[Koperator[m[K=(unique_ptr<_Up, _Ep>&& __u) noexcept
      |         [01;36m[K^~~~~~~~[m[K
[01m[K/usr/include/c++/13/bits/unique_ptr.h:430:9:[m[K [01;36m[Knote: [m[K  template argument deduction/substitution failed:
[01m[K/home/mhenkel/Documents/hi_decklink_ros2/include/decklink_camera_driver.hpp:36:58:[m[K [01;36m[Knote: [m[K  â€˜[01m[Kimage_transport::CameraPublisher[m[Kâ€™ is not derived from â€˜[01m[Kstd::unique_ptr<_Tp, _Dp>[m[Kâ€™
   36 | _camera_pub = _it->advertiseCamera("image_raw", 1[01;36m[K)[m[K;
      |                                                  [01;36m[K^[m[K

[01m[K/usr/include/c++/13/bits/unique_ptr.h:414:19:[m[K [01;36m[Knote: [m[Kcandidate: â€˜[01m[Kstd::unique_ptr<_Tp, _Dp>& std::unique_ptr<_Tp, _Dp>::[01;32m[Koperator=[m[K(std::unique_ptr<_Tp, _Dp>&&) [35m[K[with _Tp = image_transport::CameraPublisher; _Dp = std::default_delete<image_transport::CameraPublisher>][m[K[m[Kâ€™
  414 |       unique_ptr& [01;36m[Koperator[m[K=(unique_ptr&&) = default;
      |                   [01;36m[K^~~~~~~~[m[K
[01m[K/usr/include/c++/13/bits/unique_ptr.h:414:29:[m[K [01;36m[Knote: [m[K  no known conversion for argument 1 from â€˜[01m[Kimage_transport::CameraPublisher[m[Kâ€™ to â€˜[01m[Kstd::unique_ptr<image_transport::CameraPublisher>&&[m[Kâ€™
  414 |       unique_ptr& operator=([01;36m[Kunique_ptr&&[m[K) = default;
      |                             [01;36m[K^~~~~~~~~~~~[m[K
[01m[K/usr/include/c++/13/bits/unique_ptr.h:440:7:[m[K [01;36m[Knote: [m[Kcandidate: â€˜[01m[Kstd::unique_ptr<_Tp, _Dp>& std::unique_ptr<_Tp, _Dp>::[01;32m[Koperator=[m[K(std::nullptr_t) [35m[K[with _Tp = image_transport::CameraPublisher; _Dp = std::default_delete<image_transport::CameraPublisher>; std::nullptr_t = std::nullptr_t][m[K[m[Kâ€™
  440 |       [01;36m[Koperator[m[K=(nullptr_t) noexcept
      |       [01;36m[K^~~~~~~~[m[K
[01m[K/usr/include/c++/13/bits/unique_ptr.h:440:17:[m[K [01;36m[Knote: [m[K  no known conversion for argument 1 from â€˜[01m[Kimage_transport::CameraPublisher[m[Kâ€™ to â€˜[01m[Kstd::nullptr_t[m[Kâ€™
  440 |       operator=([01;36m[Knullptr_t[m[K) noexcept
      |                 [01;36m[K^~~~~~~~~[m[K
[01m[K/home/mhenkel/Documents/hi_decklink_ros2/include/decklink_camera_driver.hpp:39:32:[m[K [01;31m[Kerror: [m[Kâ€˜[01m[Kclass DeckLinkCameraDriver[m[Kâ€™ has no member named â€˜[01m[Kcreate_service[m[Kâ€™
   39 |         _start_capture = this->[01;31m[Kcreate_service[m[K<std_srvs::srv::Empty>(
      |                                [01;31m[K^~~~~~~~~~~~~~[m[K
[01m[K/home/mhenkel/Documents/hi_decklink_ros2/include/decklink_camera_driver.hpp:39:67:[m[K [01;31m[Kerror: [m[Kexpected primary-expression before â€˜[01m[K>[m[Kâ€™ token
   39 | pture = this->create_service<std_srvs::srv::Empty[01;31m[K>[m[K(
      |                                                  [01;31m[K^[m[K

In file included from [01m[K/opt/ros/jazzy/include/rclcpp/rclcpp/utilities.hpp:19[m[K,
                 from [01m[K/opt/ros/jazzy/include/rclcpp/rclcpp/logging.hpp:25[m[K,
                 from [01m[K/opt/ros/jazzy/include/rclcpp/rclcpp/copy_all_parameter_values.hpp:27[m[K,
                 from [01m[K/opt/ros/jazzy/include/rclcpp/rclcpp/rclcpp.hpp:171[m[K:
/usr/include/c++/13/functional: In instantiation of â€˜[01m[Kstruct std::_Bind_check_arity<bool (DeckLinkCameraDriver::*)(int), DeckLinkCameraDriver*, const std::_Placeholder<1>&, const std::_Placeholder<2>&>[m[Kâ€™:
[01m[K/usr/include/c++/13/functional:859:12:[m[K   required from â€˜[01m[Kstruct std::_Bind_helper<false, bool (DeckLinkCameraDriver::*)(int), DeckLinkCameraDriver*, const std::_Placeholder<1>&, const std::_Placeholder<2>&>[m[Kâ€™
[01m[K/usr/include/c++/13/functional:881:5:[m[K   required by substitution of â€˜[01m[Ktemplate<class _Func, class ... _BoundArgs> typename std::_Bind_helper<std::__is_socketlike<_Func>::value, _Func, _BoundArgs ...>::type std::[01;32m[Kbind[m[K(_Func&&, _BoundArgs&& ...) [35m[K[with _Func = bool (DeckLinkCameraDriver::*)(int); _BoundArgs = {DeckLinkCameraDriver*, const std::_Placeholder<1>&, const std::_Placeholder<2>&}][m[K[m[Kâ€™
[01m[K/home/mhenkel/Documents/hi_decklink_ros2/include/decklink_camera_driver.hpp:41:22:[m[K   required from here
[01m[K/usr/include/c++/13/functional:847:21:[m[K [01;31m[Kerror: [m[Kstatic assertion failed: Wrong number of arguments for pointer-to-member
  846 |       static_assert(_Varargs::[01;31m[Kvalue[m[K
      |                               [01;31m[K~~~~~[m[K
  847 | [01;31m[K                    ? sizeof...(_BoundArgs) >= _Arity::value + 1[m[K
      |                     [01;31m[K^~~~~~~~~~~~~~~~~~~~~~~~~~~~~~~~~~~~~~~~~~~~[m[K
  848 | [01;31m[K                    : sizeof...(_BoundArgs) == _Arity::value + 1[m[K,
      |                     [01;31m[K~~~~~~~~~~~~~~~~~~~~~~~~~~~~~~~~~~~~~~~~~~~~[m[K
[01m[K/usr/include/c++/13/functional:847:21:[m[K [01;36m[Knote: [m[Kâ€˜[01m[K(false ? (3 >= (((long unsigned int)std::integral_constant<long unsigned int, 1>::value) + 1)) : (3 == (((long unsigned int)std::integral_constant<long unsigned int, 1>::value) + 1)))[m[Kâ€™ evaluates to false
[01m[K/home/mhenkel/Documents/hi_decklink_ros2/include/decklink_camera_driver.hpp:40:13:[m[K [01;35m[Kwarning: [m[Kleft operand of comma operator has no effect [[01;35m[K]8;;https://gcc.gnu.org/onlinedocs/gcc/Warning-Options.html#index-Wunused-value-Wunused-value]8;;[m[K]
   40 |             [01;35m[K"start_capture"[m[K,
      |             [01;35m[K^~~~~~~~~~~~~~~[m[K
[01m[K/home/mhenkel/Documents/hi_decklink_ros2/include/decklink_camera_driver.hpp:44:31:[m[K [01;31m[Kerror: [m[Kâ€˜[01m[Kclass DeckLinkCameraDriver[m[Kâ€™ has no member named â€˜[01m[Kcreate_service[m[Kâ€™
   44 |         _stop_capture = this->[01;31m[Kcreate_service[m[K<std_srvs::srv::Empty>(
      |                               [01;31m[K^~~~~~~~~~~~~~[m[K
[01m[K/home/mhenkel/Documents/hi_decklink_ros2/include/decklink_camera_driver.hpp:44:66:[m[K [01;31m[Kerror: [m[Kexpected primary-expression before â€˜[01m[K>[m[Kâ€™ token
   44 | pture = this->create_service<std_srvs::srv::Empty[01;31m[K>[m[K(
      |                                                  [01;31m[K^[m[K

[01m[K/home/mhenkel/Documents/hi_decklink_ros2/include/decklink_camera_driver.hpp:45:13:[m[K [01;35m[Kwarning: [m[Kleft operand of comma operator has no effect [[01;35m[K]8;;https://gcc.gnu.org/onlinedocs/gcc/Warning-Options.html#index-Wunused-value-Wunused-value]8;;[m[K]
   45 |             [01;35m[K"stop_capture"[m[K,
      |             [01;35m[K^~~~~~~~~~~~~~[m[K
[01m[K/home/mhenkel/Documents/hi_decklink_ros2/include/decklink_camera_driver.hpp:49:27:[m[K [01;31m[Kerror: [m[Kâ€˜[01m[Kclass DeckLinkCameraDriver[m[Kâ€™ has no member named â€˜[01m[Kget_logger[m[Kâ€™
   49 |         RCLCPP_INFO(this->[01;31m[Kget_logger[m[K(), "DeckLinkCameraDriver initialized");
      |                           [01;31m[K^~~~~~~~~~[m[K
[01m[K/home/mhenkel/Documents/hi_decklink_ros2/include/decklink_camera_driver.hpp:49:27:[m[K [01;31m[Kerror: [m[Kâ€˜[01m[Kclass DeckLinkCameraDriver[m[Kâ€™ has no member named â€˜[01m[Kget_logger[m[Kâ€™
[01m[K/home/mhenkel/Documents/hi_decklink_ros2/include/decklink_camera_driver.hpp:49:9:[m[K [01;31m[Kerror: [m[Ktemplate argument 1 is invalid
   49 |         [01;31m[KRCLCPP_INFO[m[K(this->get_logger(), "DeckLinkCameraDriver initialized");
      |         [01;31m[K^~~~~~~~~~~[m[K
[01m[K/home/mhenkel/Documents/hi_decklink_ros2/include/decklink_camera_driver.hpp:49:9:[m[K [01;31m[Kerror: [m[Ktemplate argument 1 is invalid
   49 |         [01;31m[KRCLCPP_INFO[m[K(this->get_logger(), "DeckLinkCameraDriver initialized");
      |         [01;31m[K^~~~~~~~~~~[m[K
[01m[K/home/mhenkel/Documents/hi_decklink_ros2/include/decklink_camera_driver.hpp:49:9:[m[K [01;31m[Kerror: [m[Ktemplate argument 1 is invalid
   49 |         [01;31m[KRCLCPP_INFO[m[K(this->get_logger(), "DeckLinkCameraDriver initialized");
      |         [01;31m[K^~~~~~~~~~~[m[K
In file included from [01m[K/opt/ros/jazzy/include/rclcpp/rclcpp/logging.hpp:24[m[K:
[01m[K/home/mhenkel/Documents/hi_decklink_ros2/include/decklink_camera_driver.hpp:49:27:[m[K [01;31m[Kerror: [m[Kâ€˜[01m[Kclass DeckLinkCameraDriver[m[Kâ€™ has no member named â€˜[01m[Kget_logger[m[Kâ€™
   49 |         RCLCPP_INFO(this->[01;31m[Kget_logger[m[K(), "DeckLinkCameraDriver initialized");
      |                           [01;31m[K^~~~~~~~~~[m[K
[01m[K/home/mhenkel/Documents/hi_decklink_ros2/include/decklink_camera_driver.hpp:49:27:[m[K [01;31m[Kerror: [m[Kâ€˜[01m[Kclass DeckLinkCameraDriver[m[Kâ€™ has no member named â€˜[01m[Kget_logger[m[Kâ€™
   49 |         RCLCPP_INFO(this->[01;31m[Kget_logger[m[K(), "DeckLinkCameraDriver initialized");
      |                           [01;31m[K^~~~~~~~~~[m[K
[01m[K/home/mhenkel/Documents/hi_decklink_ros2/include/decklink_camera_driver.hpp:[m[K In member function â€˜[01m[Kbool DeckLinkCameraDriver::[01;32m[Kon_start_capture_request[m[K(int)[m[Kâ€™:
[01m[K/home/mhenkel/Documents/hi_decklink_ros2/include/decklink_camera_driver.hpp:74:52:[m[K [01;35m[Kwarning: [m[Kunused parameter â€˜[01m[KRequest[m[Kâ€™ [[01;35m[K]8;;https://gcc.gnu.org/onlinedocs/gcc/Warning-Options.html#index-Wunused-parameter-Wunused-parameter]8;;[m[K]
   74 | _start_capture_request([01;35m[Kstd_srvs::Empty::Request[m[K& req, std_srvs::Empty::Response& res) {
      |                        [01;35m[K~~~~~~~~~~~~~~~~~^~~~~~~[m[K

[01m[K/home/mhenkel/Documents/hi_decklink_ros2/include/decklink_camera_driver.hpp:[m[K In member function â€˜[01m[Kbool DeckLinkCameraDriver::[01;32m[Kon_stop_capture_request[m[K(int)[m[Kâ€™:
[01m[K/home/mhenkel/Documents/hi_decklink_ros2/include/decklink_camera_driver.hpp:81:51:[m[K [01;35m[Kwarning: [m[Kunused parameter â€˜[01m[KRequest[m[Kâ€™ [[01;35m[K]8;;https://gcc.gnu.org/onlinedocs/gcc/Warning-Options.html#index-Wunused-parameter-Wunused-parameter]8;;[m[K]
   81 | n_stop_capture_request([01;35m[Kstd_srvs::Empty::Request[m[K& req, std_srvs::Empty::Response& res) {
      |                        [01;35m[K~~~~~~~~~~~~~~~~~^~~~~~~[m[K

/usr/include/c++/13/bits/unique_ptr.h: In instantiation of â€˜[01m[Kstd::__detail::__unique_ptr_t<_Tp> std::[01;32m[Kmake_unique[m[K(_Args&& ...) [35m[K[with _Tp = image_transport::ImageTransport; _Args = {DeckLinkCameraDriver*}; __detail::__unique_ptr_t<_Tp> = __detail::__unique_ptr_t<image_transport::ImageTransport>][m[K[m[Kâ€™:
[01m[K/home/mhenkel/Documents/hi_decklink_ros2/include/decklink_camera_driver.hpp:35:64:[m[K   required from here
[01m[K/usr/include/c++/13/bits/unique_ptr.h:1070:30:[m[K [01;31m[Kerror: [m[Kno matching function for call to â€˜[01m[Kimage_transport::ImageTransport::ImageTransport(DeckLinkCameraDriver*)[m[Kâ€™
 1070 |     { return unique_ptr<_Tp>([01;31m[Knew _Tp(std::forward<_Args>(__args)...)[m[K); }
      |                              [01;31m[K^~~~~~~~~~~~~~~~~~~~~~~~~~~~~~~~~~~~~~~[m[K
In file included from [01m[K/home/mhenkel/Documents/hi_decklink_ros2/include/decklink_camera_driver.hpp:11[m[K:
[01m[K/opt/ros/jazzy/include/image_transport/image_transport/image_transport.hpp:113:12:[m[K [01;36m[Knote: [m[Kcandidate: â€˜[01m[Kimage_transport::ImageTransport::[01;32m[KImageTransport[m[K(rclcpp::Node::SharedPtr)[m[Kâ€™
  113 |   explicit [01;36m[KImageTransport[m[K(rclcpp::Node::SharedPtr node);
      |            [01;36m[K^~~~~~~~~~~~~~[m[K
[01m[K/opt/ros/jazzy/include/image_transport/image_transport/image_transport.hpp:113:51:[m[K [01;36m[Knote: [m[K  no known conversion for argument 1 from â€˜[01m[KDeckLinkCameraDriver*[m[Kâ€™ to â€˜[01m[Krclcpp::Node::SharedPtr[m[Kâ€™ {aka â€˜[01m[Kstd::shared_ptr<rclcpp::Node>[m[Kâ€™}
  113 | licit ImageTransport([01;36m[Krclcpp::Node::SharedPtr node[m[K);
      |                      [01;36m[K~~~~~~~~~~~~~~~~~~~~~~~~^~~~[m[K

In file included from [01m[K/home/mhenkel/Documents/hi_decklink_ros2/src/decklink_camera_driver.cpp:8[m[K:
[01m[K/home/mhenkel/Documents/hi_decklink_ros2/include/decklink_camera_driver.hpp:74:45:[m[K [01;31m[Kerror: [m[Kâ€˜[01m[Kstd_srvs::Empty[m[Kâ€™ has not been declared
   74 |     bool on_start_capture_request(std_srvs::[01;31m[KEmpty[m[K::Request& req, std_srvs::Empty::Response& res) {
      |                                             [01;31m[K^~~~~[m[K
[01m[K/home/mhenkel/Documents/hi_decklink_ros2/include/decklink_camera_driver.hpp:74:59:[m[K [01;31m[Kerror: [m[Kexpected â€˜[01m[K,[m[Kâ€™ or â€˜[01m[K...[m[Kâ€™ before â€˜[01m[K&[m[Kâ€™ token
   74 |     bool on_start_capture_request(std_srvs::Empty::Request[01;31m[K&[m[K req, std_srvs::Empty::Response& res) {
      |                                                           [01;31m[K^[m[K
[01m[K/home/mhenkel/Documents/hi_decklink_ros2/include/decklink_camera_driver.hpp:81:44:[m[K [01;31m[Kerror: [m[Kâ€˜[01m[Kstd_srvs::Empty[m[Kâ€™ has not been declared
   81 |     bool on_stop_capture_request(std_srvs::[01;31m[KEmpty[m[K::Request& req, std_srvs::Empty::Response& res) {
      |                                            [01;31m[K^~~~~[m[K
[01m[K/home/mhenkel/Documents/hi_decklink_ros2/include/decklink_camera_driver.hpp:81:58:[m[K [01;31m[Kerror: [m[Kexpected â€˜[01m[K,[m[Kâ€™ or â€˜[01m[K...[m[Kâ€™ before â€˜[01m[K&[m[Kâ€™ token
   81 |     bool on_stop_capture_request(std_srvs::Empty::Request[01;31m[K&[m[K req, std_srvs::Empty::Response& res) {
      |                                                          [01;31m[K^[m[K
[01m[K/home/mhenkel/Documents/hi_decklink_ros2/include/decklink_camera_driver.hpp:[m[K In constructor â€˜[01m[KDeckLinkCameraDriver::[01;32m[KDeckLinkCameraDriver[m[K()[m[Kâ€™:
[01m[K/home/mhenkel/Documents/hi_decklink_ros2/include/decklink_camera_driver.hpp:23:7:[m[K [01;31m[Kerror: [m[Kclass â€˜[01m[KDeckLinkCameraDriver[m[Kâ€™ does not have any field named â€˜[01m[KNode[m[Kâ€™
   23 |     : [01;31m[KNode[m[K("decklink_camera_driver")
      |       [01;31m[K^~~~[m[K
[01m[K/home/mhenkel/Documents/hi_decklink_ros2/include/decklink_camera_driver.hpp:26:15:[m[K [01;31m[Kerror: [m[Kâ€˜[01m[Kclass DeckLinkCameraDriver[m[Kâ€™ has no member named â€˜[01m[Kdeclare_parameter[m[Kâ€™
   26 |         this->[01;31m[Kdeclare_parameter[m[K<std::string>("camera_name", "decklink_camera");
      |               [01;31m[K^~~~~~~~~~~~~~~~~[m[K
[01m[K/home/mhenkel/Documents/hi_decklink_ros2/include/decklink_camera_driver.hpp:26:44:[m[K [01;31m[Kerror: [m[Kexpected primary-expression before â€˜[01m[K>[m[Kâ€™ token
   26 |         this->declare_parameter<std::string[01;31m[K>[m[K("camera_name", "decklink_camera");
      |                                            [01;31m[K^[m[K
[01m[K/home/mhenkel/Documents/hi_decklink_ros2/include/decklink_camera_driver.hpp:26:46:[m[K [01;35m[Kwarning: [m[Kleft operand of comma operator has no effect [[01;35m[K]8;;https://gcc.gnu.org/onlinedocs/gcc/Warning-Options.html#index-Wunused-value-Wunused-value]8;;[m[K]
   26 |         this->declare_parameter<std::string>([01;35m[K"camera_name"[m[K, "decklink_camera");
      |                                              [01;35m[K^~~~~~~~~~~~~[m[K
[01m[K/home/mhenkel/Documents/hi_decklink_ros2/include/decklink_camera_driver.hpp:27:15:[m[K [01;31m[Kerror: [m[Kâ€˜[01m[Kclass DeckLinkCameraDriver[m[Kâ€™ has no member named â€˜[01m[Kdeclare_parameter[m[Kâ€™
   27 |         this->[01;31m[Kdeclare_parameter[m[K<std::string>("camera_frame", "camera_frame");
      |               [01;31m[K^~~~~~~~~~~~~~~~~[m[K
[01m[K/home/mhenkel/Documents/hi_decklink_ros2/include/decklink_camera_driver.hpp:27:44:[m[K [01;31m[Kerror: [m[Kexpected primary-expression before â€˜[01m[K>[m[Kâ€™ token
   27 |         this->declare_parameter<std::string[01;31m[K>[m[K("camera_frame", "camera_frame");
      |                                            [01;31m[K^[m[K
[01m[K/home/mhenkel/Documents/hi_decklink_ros2/include/decklink_camera_driver.hpp:27:46:[m[K [01;35m[Kwarning: [m[Kleft operand of comma operator has no effect [[01;35m[K]8;;https://gcc.gnu.org/onlinedocs/gcc/Warning-Options.html#index-Wunused-value-Wunused-value]8;;[m[K]
   27 |         this->declare_parameter<std::string>([01;35m[K"camera_frame"[m[K, "camera_frame");
      |                                              [01;35m[K^~~~~~~~~~~~~~[m[K
[01m[K/home/mhenkel/Documents/hi_decklink_ros2/include/decklink_camera_driver.hpp:28:15:[m[K [01;31m[Kerror: [m[Kâ€˜[01m[Kclass DeckLinkCameraDriver[m[Kâ€™ has no member named â€˜[01m[Kdeclare_parameter[m[Kâ€™
   28 |         this->[01;31m[Kdeclare_parameter[m[K<std::string>("camera_info_url", "");
      |               [01;31m[K^~~~~~~~~~~~~~~~~[m[K
[01m[K/home/mhenkel/Documents/hi_decklink_ros2/include/decklink_camera_driver.hpp:28:44:[m[K [01;31m[Kerror: [m[Kexpected primary-expression before â€˜[01m[K>[m[Kâ€™ token
   28 |         this->declare_parameter<std::string[01;31m[K>[m[K("camera_info_url", "");
      |                                            [01;31m[K^[m[K
[01m[K/home/mhenkel/Documents/hi_decklink_ros2/include/decklink_camera_driver.hpp:28:46:[m[K [01;35m[Kwarning: [m[Kleft operand of comma operator has no effect [[01;35m[K]8;;https://gcc.gnu.org/onlinedocs/gcc/Warning-Options.html#index-Wunused-value-Wunused-value]8;;[m[K]
   28 |         this->declare_parameter<std::string>([01;35m[K"camera_info_url"[m[K, "");
      |                                              [01;35m[K^~~~~~~~~~~~~~~~~[m[K
[01m[K/home/mhenkel/Documents/hi_decklink_ros2/include/decklink_camera_driver.hpp:30:15:[m[K [01;31m[Kerror: [m[Kâ€˜[01m[Kclass DeckLinkCameraDriver[m[Kâ€™ has no member named â€˜[01m[Kget_parameter[m[Kâ€™
   30 |         this->[01;31m[Kget_parameter[m[K("camera_name", _camera_name);
      |               [01;31m[K^~~~~~~~~~~~~[m[K
[01m[K/home/mhenkel/Documents/hi_decklink_ros2/include/decklink_camera_driver.hpp:31:15:[m[K [01;31m[Kerror: [m[Kâ€˜[01m[Kclass DeckLinkCameraDriver[m[Kâ€™ has no member named â€˜[01m[Kget_parameter[m[Kâ€™
   31 |         this->[01;31m[Kget_parameter[m[K("camera_frame", _camera_frame);
      |               [01;31m[K^~~~~~~~~~~~~[m[K
[01m[K/home/mhenkel/Documents/hi_decklink_ros2/include/decklink_camera_driver.hpp:32:15:[m[K [01;31m[Kerror: [m[Kâ€˜[01m[Kclass DeckLinkCameraDriver[m[Kâ€™ has no member named â€˜[01m[Kget_parameter[m[Kâ€™
   32 |         this->[01;31m[Kget_parameter[m[K("camera_info_url", _camera_info_url);
      |               [01;31m[K^~~~~~~~~~~~~[m[K
[01m[K/home/mhenkel/Documents/hi_decklink_ros2/include/decklink_camera_driver.hpp:36:58:[m[K [01;31m[Kerror: [m[Kno match for â€˜[01m[Koperator=[m[Kâ€™ (operand types are â€˜[01m[Kstd::unique_ptr<image_transport::CameraPublisher>[m[Kâ€™ and â€˜[01m[Kimage_transport::CameraPublisher[m[Kâ€™)
   36 |         _camera_pub = _it->advertiseCamera("image_raw", 1[01;31m[K)[m[K;
      |                                                          [01;31m[K^[m[K
In file included from [01m[K/usr/include/c++/13/memory:78[m[K,
                 from [01m[K/opt/ros/jazzy/include/sensor_msgs/sensor_msgs/msg/detail/image__struct.hpp:13[m[K,
                 from [01m[K/opt/ros/jazzy/include/sensor_msgs/sensor_msgs/msg/image.hpp:7[m[K,
                 from [01m[K/opt/ros/jazzy/include/cv_bridge/cv_bridge/cv_bridge.hpp:40[m[K,
                 from [01m[K/home/mhenkel/Documents/hi_decklink_ros2/src/decklink_camera_driver.cpp:5[m[K:
[01m[K/usr/include/c++/13/bits/unique_ptr.h:430:9:[m[K [01;36m[Knote: [m[Kcandidate: â€˜[01m[Ktemplate<class _Up, class _Ep> typename std::enable_if<std::__and_<std::__and_<std::is_convertible<typename std::unique_ptr<_Up, _Ep>::pointer, typename std::__uniq_ptr_impl<_Tp, _Dp>::pointer>, std::__not_<std::is_array<_Up> > >, std::is_assignable<_T2&, _U2&&> >::value, std::unique_ptr<_Tp, _Dp>&>::type std::unique_ptr<_Tp, _Dp>::[01;32m[Koperator=[m[K(std::unique_ptr<_Up, _Ep>&&) [35m[K[with _Ep = _Up; _Tp = image_transport::CameraPublisher; _Dp = std::default_delete<image_transport::CameraPublisher>][m[K[m[Kâ€™
  430 |         [01;36m[Koperator[m[K=(unique_ptr<_Up, _Ep>&& __u) noexcept
      |         [01;36m[K^~~~~~~~[m[K
[01m[K/usr/include/c++/13/bits/unique_ptr.h:430:9:[m[K [01;36m[Knote: [m[K  template argument deduction/substitution failed:
[01m[K/home/mhenkel/Documents/hi_decklink_ros2/include/decklink_camera_driver.hpp:36:58:[m[K [01;36m[Knote: [m[K  â€˜[01m[Kimage_transport::CameraPublisher[m[Kâ€™ is not derived from â€˜[01m[Kstd::unique_ptr<_Tp, _Dp>[m[Kâ€™
   36 |         _camera_pub = _it->advertiseCamera("image_raw", 1[01;36m[K)[m[K;
      |                                                          [01;36m[K^[m[K
[01m[K/usr/include/c++/13/bits/unique_ptr.h:414:19:[m[K [01;36m[Knote: [m[Kcandidate: â€˜[01m[Kstd::unique_ptr<_Tp, _Dp>& std::unique_ptr<_Tp, _Dp>::[01;32m[Koperator=[m[K(std::unique_ptr<_Tp, _Dp>&&) [35m[K[with _Tp = image_transport::CameraPublisher; _Dp = std::default_delete<image_transport::CameraPublisher>][m[K[m[Kâ€™
  414 |       unique_ptr& [01;36m[Koperator[m[K=(unique_ptr&&) = default;
      |                   [01;36m[K^~~~~~~~[m[K
[01m[K/usr/include/c++/13/bits/unique_ptr.h:414:29:[m[K [01;36m[Knote: [m[K  no known conversion for argument 1 from â€˜[01m[Kimage_transport::CameraPublisher[m[Kâ€™ to â€˜[01m[Kstd::unique_ptr<image_transport::CameraPublisher>&&[m[Kâ€™
  414 |       unique_ptr& operator=([01;36m[Kunique_ptr&&[m[K) = default;
      |                             [01;36m[K^~~~~~~~~~~~[m[K
[01m[K/usr/include/c++/13/bits/unique_ptr.h:440:7:[m[K [01;36m[Knote: [m[Kcandidate: â€˜[01m[Kstd::unique_ptr<_Tp, _Dp>& std::unique_ptr<_Tp, _Dp>::[01;32m[Koperator=[m[K(std::nullptr_t) [35m[K[with _Tp = image_transport::CameraPublisher; _Dp = std::default_delete<image_transport::CameraPublisher>; std::nullptr_t = std::nullptr_t][m[K[m[Kâ€™
  440 |       [01;36m[Koperator[m[K=(nullptr_t) noexcept
      |       [01;36m[K^~~~~~~~[m[K
[01m[K/usr/include/c++/13/bits/unique_ptr.h:440:17:[m[K [01;36m[Knote: [m[K  no known conversion for argument 1 from â€˜[01m[Kimage_transport::CameraPublisher[m[Kâ€™ to â€˜[01m[Kstd::nullptr_t[m[Kâ€™
  440 |       operator=([01;36m[Knullptr_t[m[K) noexcept
      |                 [01;36m[K^~~~~~~~~[m[K
[01m[K/home/mhenkel/Documents/hi_decklink_ros2/include/decklink_camera_driver.hpp:39:32:[m[K [01;31m[Kerror: [m[Kâ€˜[01m[Kclass DeckLinkCameraDriver[m[Kâ€™ has no member named â€˜[01m[Kcreate_service[m[Kâ€™
   39 |         _start_capture = this->[01;31m[Kcreate_service[m[K<std_srvs::srv::Empty>(
      |                                [01;31m[K^~~~~~~~~~~~~~[m[K
[01m[K/home/mhenkel/Documents/hi_decklink_ros2/include/decklink_camera_driver.hpp:39:67:[m[K [01;31m[Kerror: [m[Kexpected primary-expression before â€˜[01m[K>[m[Kâ€™ token
   39 |         _start_capture = this->create_service<std_srvs::srv::Empty[01;31m[K>[m[K(
      |                                                                   [01;31m[K^[m[K
In file included from [01m[K/usr/include/opencv4/opencv2/core/utility.hpp:59[m[K,
                 from [01m[K/usr/include/opencv4/opencv2/core.hpp:3350[m[K,
                 from [01m[K/usr/include/opencv4/opencv2/core/core.hpp:48[m[K,
                 from [01m[K/opt/ros/jazzy/include/cv_bridge/cv_bridge/cv_bridge.hpp:43[m[K:
/usr/include/c++/13/functional: In instantiation of â€˜[01m[Kstruct std::_Bind_check_arity<bool (DeckLinkCameraDriver::*)(int), DeckLinkCameraDriver*, const std::_Placeholder<1>&, const std::_Placeholder<2>&>[m[Kâ€™:
[01m[K/usr/include/c++/13/functional:859:12:[m[K   required from â€˜[01m[Kstruct std::_Bind_helper<false, bool (DeckLinkCameraDriver::*)(int), DeckLinkCameraDriver*, const std::_Placeholder<1>&, const std::_Placeholder<2>&>[m[Kâ€™
[01m[K/usr/include/c++/13/functional:881:5:[m[K   required by substitution of â€˜[01m[Ktemplate<class _Func, class ... _BoundArgs> typename std::_Bind_helper<std::__is_socketlike<_Func>::value, _Func, _BoundArgs ...>::type std::[01;32m[Kbind[m[K(_Func&&, _BoundArgs&& ...) [35m[K[with _Func = bool (DeckLinkCameraDriver::*)(int); _BoundArgs = {DeckLinkCameraDriver*, const std::_Placeholder<1>&, const std::_Placeholder<2>&}][m[K[m[Kâ€™
[01m[K/home/mhenkel/Documents/hi_decklink_ros2/include/decklink_camera_driver.hpp:41:22:[m[K   required from here
[01m[K/usr/include/c++/13/functional:847:21:[m[K [01;31m[Kerror: [m[Kstatic assertion failed: Wrong number of arguments for pointer-to-member
  846 |       static_assert(_Varargs::[01;31m[Kvalue[m[K
      |                               [01;31m[K~~~~~[m[K
  847 | [01;31m[K                    ? sizeof...(_BoundArgs) >= _Arity::value + 1[m[K
      |                     [01;31m[K^~~~~~~~~~~~~~~~~~~~~~~~~~~~~~~~~~~~~~~~~~~~[m[K
  848 | [01;31m[K                    : sizeof...(_BoundArgs) == _Arity::value + 1[m[K,
      |                     [01;31m[K~~~~~~~~~~~~~~~~~~~~~~~~~~~~~~~~~~~~~~~~~~~~[m[K
[01m[K/usr/include/c++/13/functional:847:21:[m[K [01;36m[Knote: [m[Kâ€˜[01m[K(false ? (3 >= (((long unsigned int)std::integral_constant<long unsigned int, 1>::value) + 1)) : (3 == (((long unsigned int)std::integral_constant<long unsigned int, 1>::value) + 1)))[m[Kâ€™ evaluates to false
[01m[K/home/mhenkel/Documents/hi_decklink_ros2/include/decklink_camera_driver.hpp:40:13:[m[K [01;35m[Kwarning: [m[Kleft operand of comma operator has no effect [[01;35m[K]8;;https://gcc.gnu.org/onlinedocs/gcc/Warning-Options.html#index-Wunused-value-Wunused-value]8;;[m[K]
   40 |             [01;35m[K"start_capture"[m[K,
      |             [01;35m[K^~~~~~~~~~~~~~~[m[K
[01m[K/home/mhenkel/Documents/hi_decklink_ros2/include/decklink_camera_driver.hpp:44:31:[m[K [01;31m[Kerror: [m[Kâ€˜[01m[Kclass DeckLinkCameraDriver[m[Kâ€™ has no member named â€˜[01m[Kcreate_service[m[Kâ€™
   44 |         _stop_capture = this->[01;31m[Kcreate_service[m[K<std_srvs::srv::Empty>(
      |                               [01;31m[K^~~~~~~~~~~~~~[m[K
[01m[K/home/mhenkel/Documents/hi_decklink_ros2/include/decklink_camera_driver.hpp:44:66:[m[K [01;31m[Kerror: [m[Kexpected primary-expression before â€˜[01m[K>[m[Kâ€™ token
   44 |         _stop_capture = this->create_service<std_srvs::srv::Empty[01;31m[K>[m[K(
      |                                                                  [01;31m[K^[m[K
[01m[K/home/mhenkel/Documents/hi_decklink_ros2/include/decklink_camera_driver.hpp:45:13:[m[K [01;35m[Kwarning: [m[Kleft operand of comma operator has no effect [[01;35m[K]8;;https://gcc.gnu.org/onlinedocs/gcc/Warning-Options.html#index-Wunused-value-Wunused-value]8;;[m[K]
   45 |             [01;35m[K"stop_capture"[m[K,
      |             [01;35m[K^~~~~~~~~~~~~~[m[K
In file included from [01m[K/opt/ros/jazzy/include/rclcpp/rclcpp/copy_all_parameter_values.hpp:27[m[K,
                 from [01m[K/opt/ros/jazzy/include/rclcpp/rclcpp/rclcpp.hpp:171[m[K,
                 from [01m[K/home/mhenkel/Documents/hi_decklink_ros2/include/decklink_camera_driver.hpp:10[m[K:
[01m[K/home/mhenkel/Documents/hi_decklink_ros2/include/decklink_camera_driver.hpp:49:27:[m[K [01;31m[Kerror: [m[Kâ€˜[01m[Kclass DeckLinkCameraDriver[m[Kâ€™ has no member named â€˜[01m[Kget_logger[m[Kâ€™
   49 |         RCLCPP_INFO(this->[01;31m[Kget_logger[m[K(), "DeckLinkCameraDriver initialized");
      |                           [01;31m[K^~~~~~~~~~[m[K
[01m[K/home/mhenkel/Documents/hi_decklink_ros2/include/decklink_camera_driver.hpp:49:27:[m[K [01;31m[Kerror: [m[Kâ€˜[01m[Kclass DeckLinkCameraDriver[m[Kâ€™ has no member named â€˜[01m[Kget_logger[m[Kâ€™
[01m[K/home/mhenkel/Documents/hi_decklink_ros2/include/decklink_camera_driver.hpp:49:9:[m[K [01;31m[Kerror: [m[Ktemplate argument 1 is invalid
   49 |         [01;31m[KRCLCPP_INFO[m[K(this->get_logger(), "DeckLinkCameraDriver initialized");
      |         [01;31m[K^~~~~~~~~~~[m[K
[01m[K/home/mhenkel/Documents/hi_decklink_ros2/include/decklink_camera_driver.hpp:49:9:[m[K [01;31m[Kerror: [m[Ktemplate argument 1 is invalid
   49 |         [01;31m[KRCLCPP_INFO[m[K(this->get_logger(), "DeckLinkCameraDriver initialized");
      |         [01;31m[K^~~~~~~~~~~[m[K
[01m[K/home/mhenkel/Documents/hi_decklink_ros2/include/decklink_camera_driver.hpp:49:9:[m[K [01;31m[Kerror: [m[Ktemplate argument 1 is invalid
   49 |         [01;31m[KRCLCPP_INFO[m[K(this->get_logger(), "DeckLinkCameraDriver initialized");
      |         [01;31m[K^~~~~~~~~~~[m[K
In file included from [01m[K/opt/ros/jazzy/include/rclcpp/rclcpp/logging.hpp:24[m[K:
[01m[K/home/mhenkel/Documents/hi_decklink_ros2/include/decklink_camera_driver.hpp:49:27:[m[K [01;31m[Kerror: [m[Kâ€˜[01m[Kclass DeckLinkCameraDriver[m[Kâ€™ has no member named â€˜[01m[Kget_logger[m[Kâ€™
   49 |         RCLCPP_INFO(this->[01;31m[Kget_logger[m[K(), "DeckLinkCameraDriver initialized");
      |                           [01;31m[K^~~~~~~~~~[m[K
[01m[K/home/mhenkel/Documents/hi_decklink_ros2/include/decklink_camera_driver.hpp:49:27:[m[K [01;31m[Kerror: [m[Kâ€˜[01m[Kclass DeckLinkCameraDriver[m[Kâ€™ has no member named â€˜[01m[Kget_logger[m[Kâ€™
   49 |         RCLCPP_INFO(this->[01;31m[Kget_logger[m[K(), "DeckLinkCameraDriver initialized");
      |                           [01;31m[K^~~~~~~~~~[m[K
[01m[K/home/mhenkel/Documents/hi_decklink_ros2/include/decklink_camera_driver.hpp:[m[K In member function â€˜[01m[Kbool DeckLinkCameraDriver::[01;32m[Kon_start_capture_request[m[K(int)[m[Kâ€™:
[01m[K/home/mhenkel/Documents/hi_decklink_ros2/include/decklink_camera_driver.hpp:74:52:[m[K [01;35m[Kwarning: [m[Kunused parameter â€˜[01m[KRequest[m[Kâ€™ [[01;35m[K]8;;https://gcc.gnu.org/onlinedocs/gcc/Warning-Options.html#index-Wunused-parameter-Wunused-parameter]8;;[m[K]
   74 |     bool on_start_capture_request([01;35m[Kstd_srvs::Empty::Request[m[K& req, std_srvs::Empty::Response& res) {
      |                                   [01;35m[K~~~~~~~~~~~~~~~~~^~~~~~~[m[K
[01m[K/home/mhenkel/Documents/hi_decklink_ros2/include/decklink_camera_driver.hpp:[m[K In member function â€˜[01m[Kbool DeckLinkCameraDriver::[01;32m[Kon_stop_capture_request[m[K(int)[m[Kâ€™:
[01m[K/home/mhenkel/Documents/hi_decklink_ros2/include/decklink_camera_driver.hpp:81:51:[m[K [01;35m[Kwarning: [m[Kunused parameter â€˜[01m[KRequest[m[Kâ€™ [[01;35m[K]8;;https://gcc.gnu.org/onlinedocs/gcc/Warning-Options.html#index-Wunused-parameter-Wunused-parameter]8;;[m[K]
   81 |     bool on_stop_capture_request([01;35m[Kstd_srvs::Empty::Request[m[K& req, std_srvs::Empty::Response& res) {
      |                                  [01;35m[K~~~~~~~~~~~~~~~~~^~~~~~~[m[K
[01m[K/home/mhenkel/Documents/hi_decklink_ros2/src/decklink_camera_driver.cpp:[m[K At global scope:
[01m[K/home/mhenkel/Documents/hi_decklink_ros2/src/decklink_camera_driver.cpp:10:1:[m[K [01;31m[Kerror: [m[Kno declaration matches â€˜[01m[KDeckLinkCameraDriver::[01;32m[KDeckLinkCameraDriver[m[K(rclcpp::Node::SharedPtr)[m[Kâ€™
   10 | [01;31m[KDeckLinkCameraDriver[m[K::DeckLinkCameraDriver(rclcpp::Node::SharedPtr node)
      | [01;31m[K^~~~~~~~~~~~~~~~~~~~[m[K
[01m[K/home/mhenkel/Documents/hi_decklink_ros2/include/decklink_camera_driver.hpp:18:7:[m[K [01;36m[Knote: [m[Kcandidates are: â€˜[01m[KDeckLinkCameraDriver::[01;32m[KDeckLinkCameraDriver[m[K(DeckLinkCameraDriver&&)[m[Kâ€™
   18 | class [01;36m[KDeckLinkCameraDriver[m[K
      |       [01;36m[K^~~~~~~~~~~~~~~~~~~~[m[K
[01m[K/home/mhenkel/Documents/hi_decklink_ros2/include/decklink_camera_driver.hpp:18:7:[m[K [01;36m[Knote: [m[K                â€˜[01m[KDeckLinkCameraDriver::[01;32m[KDeckLinkCameraDriver[m[K(DeckLinkCameraDriver&)[m[Kâ€™
[01m[K/home/mhenkel/Documents/hi_decklink_ros2/include/decklink_camera_driver.hpp:22:5:[m[K [01;36m[Knote: [m[K                â€˜[01m[KDeckLinkCameraDriver::[01;32m[KDeckLinkCameraDriver[m[K()[m[Kâ€™
   22 |     [01;36m[KDeckLinkCameraDriver[m[K()
      |     [01;36m[K^~~~~~~~~~~~~~~~~~~~[m[K
[01m[K/home/mhenkel/Documents/hi_decklink_ros2/include/decklink_camera_driver.hpp:18:7:[m[K [01;36m[Knote: [m[Kâ€˜[01m[Kclass DeckLinkCameraDriver[m[Kâ€™ defined here
   18 | class [01;36m[KDeckLinkCameraDriver[m[K
      |       [01;36m[K^~~~~~~~~~~~~~~~~~~~[m[K
[01m[K/home/mhenkel/Documents/hi_decklink_ros2/src/decklink_camera_driver.cpp:[m[K In member function â€˜[01m[Kvoid DeckLinkCameraDriver::[01;32m[Kon_new_image[m[K(const DeckLink::VideoInputFrame&)[m[Kâ€™:
[01m[K/home/mhenkel/Documents/hi_decklink_ros2/src/decklink_camera_driver.cpp:88:35:[m[K [01;31m[Kerror: [m[Kâ€˜[01m[Kclass DeckLinkCameraDriver[m[Kâ€™ has no member named â€˜[01m[Kget_logger[m[Kâ€™
   88 |         RCLCPP_ERROR_STREAM(this->[01;31m[Kget_logger[m[K(),
      |                                   [01;31m[K^~~~~~~~~~[m[K
[01m[K/home/mhenkel/Documents/hi_decklink_ros2/src/decklink_camera_driver.cpp:88:35:[m[K [01;31m[Kerror: [m[Kâ€˜[01m[Kclass DeckLinkCameraDriver[m[Kâ€™ has no member named â€˜[01m[Kget_logger[m[Kâ€™
[01m[K/home/mhenkel/Documents/hi_decklink_ros2/src/decklink_camera_driver.cpp:88:9:[m[K [01;31m[Kerror: [m[Ktemplate argument 1 is invalid
   88 |         [01;31m[KRCLCPP_ERROR_STREAM[m[K(this->get_logger(),
      |         [01;31m[K^~~~~~~~~~~~~~~~~~~[m[K
[01m[K/home/mhenkel/Documents/hi_decklink_ros2/src/decklink_camera_driver.cpp:88:9:[m[K [01;31m[Kerror: [m[Ktemplate argument 1 is invalid
   88 |         [01;31m[KRCLCPP_ERROR_STREAM[m[K(this->get_logger(),
      |         [01;31m[K^~~~~~~~~~~~~~~~~~~[m[K
[01m[K/home/mhenkel/Documents/hi_decklink_ros2/src/decklink_camera_driver.cpp:88:9:[m[K [01;31m[Kerror: [m[Ktemplate argument 1 is invalid
   88 |         [01;31m[KRCLCPP_ERROR_STREAM[m[K(this->get_logger(),
      |         [01;31m[K^~~~~~~~~~~~~~~~~~~[m[K
[01m[K/home/mhenkel/Documents/hi_decklink_ros2/src/decklink_camera_driver.cpp:88:35:[m[K [01;31m[Kerror: [m[Kâ€˜[01m[Kclass DeckLinkCameraDriver[m[Kâ€™ has no member named â€˜[01m[Kget_logger[m[Kâ€™
   88 |         RCLCPP_ERROR_STREAM(this->[01;31m[Kget_logger[m[K(),
      |                                   [01;31m[K^~~~~~~~~~[m[K
[01m[K/home/mhenkel/Documents/hi_decklink_ros2/src/decklink_camera_driver.cpp:88:35:[m[K [01;31m[Kerror: [m[Kâ€˜[01m[Kclass DeckLinkCameraDriver[m[Kâ€™ has no member named â€˜[01m[Kget_logger[m[Kâ€™
   88 |         RCLCPP_ERROR_STREAM(this->[01;31m[Kget_logger[m[K(),
      |                                   [01;31m[K^~~~~~~~~~[m[K
[01m[K/home/mhenkel/Documents/hi_decklink_ros2/src/decklink_camera_driver.cpp:97:60:[m[K [01;31m[Kerror: [m[Kâ€˜[01m[KImage[m[Kâ€™ is not a member of â€˜[01m[Ksensor_msgs[m[Kâ€™; did you mean â€˜[01m[Ksensor_msgs::msg::Image[m[Kâ€™?
   97 |     const auto image_msg = boost::make_shared<sensor_msgs::[01;31m[KImage[m[K>();
      |                                                            [01;31m[K^~~~~[m[K
[01m[K/opt/ros/jazzy/include/sensor_msgs/sensor_msgs/msg/detail/image__struct.hpp:211:7:[m[K [01;36m[Knote: [m[Kâ€˜[01m[Ksensor_msgs::msg::Image[m[Kâ€™ declared here
  211 | using [01;36m[KImage[m[K =
      |       [01;36m[K^~~~~[m[K
[01m[K/home/mhenkel/Documents/hi_decklink_ros2/src/decklink_camera_driver.cpp:97:66:[m[K [01;31m[Kerror: [m[Kno matching function for call to â€˜[01m[Kmake_shared<<expression error> >()[m[Kâ€™
   97 |     const auto image_msg = [01;31m[Kboost::make_shared<sensor_msgs::Image>()[m[K;
      |                            [01;31m[K~~~~~~~~~~~~~~~~~~~~~~~~~~~~~~~~~~~~~~^~[m[K
In file included from [01m[K/usr/include/boost/smart_ptr/make_shared.hpp:15[m[K,
                 from [01m[K/usr/include/boost/make_shared.hpp:14[m[K,
                 from [01m[K/usr/include/boost/exception/detail/exception_ptr.hpp:22[m[K,
                 from [01m[K/usr/include/boost/exception_ptr.hpp:9[m[K,
                 from [01m[K/usr/include/boost/exception/all.hpp:25[m[K,
                 from [01m[K/home/mhenkel/Documents/hi_decklink_ros2/vendor/libdecklink/include/libdecklink/errors.hpp:7[m[K,
                 from [01m[K/home/mhenkel/Documents/hi_decklink_ros2/vendor/libdecklink/include/libdecklink/device.hpp:14[m[K,
                 from [01m[K/home/mhenkel/Documents/hi_decklink_ros2/include/decklink_camera_driver.hpp:15[m[K:
[01m[K/usr/include/boost/smart_ptr/make_shared_object.hpp:249:87:[m[K [01;36m[Knote: [m[Kcandidate: â€˜[01m[Ktemplate<class T, class ... Args> typename boost::detail::sp_if_not_array<T>::type boost::[01;32m[Kmake_shared[m[K(Args&& ...)[m[Kâ€™
  249 | template< class T, class... Args > typename boost::detail::sp_if_not_array< T >::type [01;36m[Kmake_shared[m[K( Args && ... args )
      |                                                                                       [01;36m[K^~~~~~~~~~~[m[K
[01m[K/usr/include/boost/smart_ptr/make_shared_object.hpp:249:87:[m[K [01;36m[Knote: [m[K  template argument deduction/substitution failed:
[01m[K/home/mhenkel/Documents/hi_decklink_ros2/src/decklink_camera_driver.cpp:97:66:[m[K [01;31m[Kerror: [m[Ktemplate argument 1 is invalid
   97 |     const auto image_msg = [01;31m[Kboost::make_shared<sensor_msgs::Image>()[m[K;
      |                            [01;31m[K~~~~~~~~~~~~~~~~~~~~~~~~~~~~~~~~~~~~~~^~[m[K
In file included from [01m[K/usr/include/boost/smart_ptr/make_shared.hpp:18[m[K:
[01m[K/usr/include/boost/smart_ptr/make_shared_array.hpp:19:1:[m[K [01;36m[Knote: [m[Kcandidate: â€˜[01m[Ktemplate<class T> typename boost::enable_if_<boost::is_bounded_array<T>::value, boost::shared_ptr<X> >::type boost::[01;32m[Kmake_shared[m[K()[m[Kâ€™
   19 | [01;36m[Kmake_shared[m[K()
      | [01;36m[K^~~~~~~~~~~[m[K
[01m[K/usr/include/boost/smart_ptr/make_shared_array.hpp:19:1:[m[K [01;36m[Knote: [m[K  template argument deduction/substitution failed:
[01m[K/home/mhenkel/Documents/hi_decklink_ros2/src/decklink_camera_driver.cpp:97:66:[m[K [01;31m[Kerror: [m[Ktemplate argument 1 is invalid
   97 |     const auto image_msg = [01;31m[Kboost::make_shared<sensor_msgs::Image>()[m[K;
      |                            [01;31m[K~~~~~~~~~~~~~~~~~~~~~~~~~~~~~~~~~~~~~~^~[m[K
[01m[K/usr/include/boost/smart_ptr/make_shared_array.hpp:27:1:[m[K [01;36m[Knote: [m[Kcandidate: â€˜[01m[Ktemplate<class T> typename boost::enable_if_<boost::is_bounded_array<T>::value, boost::shared_ptr<X> >::type boost::[01;32m[Kmake_shared[m[K(const typename remove_extent<T>::type&)[m[Kâ€™
   27 | [01;36m[Kmake_shared[m[K(const typename remove_extent<T>::type& value)
      | [01;36m[K^~~~~~~~~~~[m[K
[01m[K/usr/include/boost/smart_ptr/make_shared_array.hpp:27:1:[m[K [01;36m[Knote: [m[K  candidate expects 1 argument, 0 provided
[01m[K/usr/include/boost/smart_ptr/make_shared_array.hpp:35:1:[m[K [01;36m[Knote: [m[Kcandidate: â€˜[01m[Ktemplate<class T> typename boost::enable_if_<boost::is_unbounded_array<T>::value, boost::shared_ptr<X> >::type boost::[01;32m[Kmake_shared[m[K(std::size_t)[m[Kâ€™
   35 | [01;36m[Kmake_shared[m[K(std::size_t size)
      | [01;36m[K^~~~~~~~~~~[m[K
[01m[K/usr/include/boost/smart_ptr/make_shared_array.hpp:35:1:[m[K [01;36m[Knote: [m[K  candidate expects 1 argument, 0 provided
[01m[K/usr/include/boost/smart_ptr/make_shared_array.hpp:43:1:[m[K [01;36m[Knote: [m[Kcandidate: â€˜[01m[Ktemplate<class T> typename boost::enable_if_<boost::is_unbounded_array<T>::value, boost::shared_ptr<X> >::type boost::[01;32m[Kmake_shared[m[K(std::size_t, const typename remove_extent<T>::type&)[m[Kâ€™
   43 | [01;36m[Kmake_shared[m[K(std::size_t size, const typename remove_extent<T>::type& value)
      | [01;36m[K^~~~~~~~~~~[m[K
[01m[K/usr/include/boost/smart_ptr/make_shared_array.hpp:43:1:[m[K [01;36m[Knote: [m[K  candidate expects 2 arguments, 0 provided
[01m[K/home/mhenkel/Documents/hi_decklink_ros2/src/decklink_camera_driver.cpp:98:28:[m[K [01;31m[Kerror: [m[Kâ€˜[01m[Kclass DeckLinkCameraDriver[m[Kâ€™ has no member named â€˜[01m[Know[m[Kâ€™
   98 |     rclcpp::Time t = this->[01;31m[Know[m[K();
      |                            [01;31m[K^~~[m[K
[01m[K/home/mhenkel/Documents/hi_decklink_ros2/src/decklink_camera_driver.cpp:102:34:[m[K [01;31m[Kerror: [m[Kâ€˜[01m[Knumeric_cast[m[Kâ€™ is not a member of â€˜[01m[Kboost[m[Kâ€™
  102 |     image_msg->height   = boost::[01;31m[Knumeric_cast[m[K<unsigned int>(frame.height());
      |                                  [01;31m[K^~~~~~~~~~~~[m[K
[01m[K/home/mhenkel/Documents/hi_decklink_ros2/src/decklink_camera_driver.cpp:102:47:[m[K [01;31m[Kerror: [m[Kexpected primary-expression before â€˜[01m[Kunsigned[m[Kâ€™
  102 |     image_msg->height   = boost::numeric_cast<[01;31m[Kunsigned[m[K int>(frame.height());
      |                                               [01;31m[K^~~~~~~~[m[K
[01m[K/home/mhenkel/Documents/hi_decklink_ros2/src/decklink_camera_driver.cpp:103:34:[m[K [01;31m[Kerror: [m[Kâ€˜[01m[Knumeric_cast[m[Kâ€™ is not a member of â€˜[01m[Kboost[m[Kâ€™
  103 |     image_msg->width    = boost::[01;31m[Knumeric_cast[m[K<unsigned int>(frame.width());
      |                                  [01;31m[K^~~~~~~~~~~~[m[K
[01m[K/home/mhenkel/Documents/hi_decklink_ros2/src/decklink_camera_driver.cpp:103:47:[m[K [01;31m[Kerror: [m[Kexpected primary-expression before â€˜[01m[Kunsigned[m[Kâ€™
  103 |     image_msg->width    = boost::numeric_cast<[01;31m[Kunsigned[m[K int>(frame.width());
      |                                               [01;31m[K^~~~~~~~[m[K
[01m[K/home/mhenkel/Documents/hi_decklink_ros2/src/decklink_camera_driver.cpp:[m[K In member function â€˜[01m[Kvoid DeckLinkCameraDriver::[01;32m[Kon_decklink_error[m[K(DeckLink::VideoInputError)[m[Kâ€™:
[01m[K/home/mhenkel/Documents/hi_decklink_ros2/src/decklink_camera_driver.cpp:139:32:[m[K [01;31m[Kerror: [m[Kâ€˜[01m[Kclass DeckLinkCameraDriver[m[Kâ€™ has no member named â€˜[01m[Kget_logger[m[Kâ€™
  139 |             RCLCPP_ERROR(this->[01;31m[Kget_logger[m[K(),
      |                                [01;31m[K^~~~~~~~~~[m[K
[01m[K/home/mhenkel/Documents/hi_decklink_ros2/src/decklink_camera_driver.cpp:139:32:[m[K [01;31m[Kerror: [m[Kâ€˜[01m[Kclass DeckLinkCameraDriver[m[Kâ€™ has no member named â€˜[01m[Kget_logger[m[Kâ€™
[01m[K/home/mhenkel/Documents/hi_decklink_ros2/src/decklink_camera_driver.cpp:139:13:[m[K [01;31m[Kerror: [m[Ktemplate argument 1 is invalid
  139 |             [01;31m[KRCLCPP_ERROR[m[K(this->get_logger(),
      |             [01;31m[K^~~~~~~~~~~~[m[K
[01m[K/home/mhenkel/Documents/hi_decklink_ros2/src/decklink_camera_driver.cpp:139:13:[m[K [01;31m[Kerror: [m[Ktemplate argument 1 is invalid
  139 |             [01;31m[KRCLCPP_ERROR[m[K(this->get_logger(),
      |             [01;31m[K^~~~~~~~~~~~[m[K
[01m[K/home/mhenkel/Documents/hi_decklink_ros2/src/decklink_camera_driver.cpp:139:13:[m[K [01;31m[Kerror: [m[Ktemplate argument 1 is invalid
  139 |             [01;31m[KRCLCPP_ERROR[m[K(this->get_logger(),
      |             [01;31m[K^~~~~~~~~~~~[m[K
[01m[K/home/mhenkel/Documents/hi_decklink_ros2/src/decklink_camera_driver.cpp:139:32:[m[K [01;31m[Kerror: [m[Kâ€˜[01m[Kclass DeckLinkCameraDriver[m[Kâ€™ has no member named â€˜[01m[Kget_logger[m[Kâ€™
  139 |             RCLCPP_ERROR(this->[01;31m[Kget_logger[m[K(),
      |                                [01;31m[K^~~~~~~~~~[m[K
[01m[K/home/mhenkel/Documents/hi_decklink_ros2/src/decklink_camera_driver.cpp:139:32:[m[K [01;31m[Kerror: [m[Kâ€˜[01m[Kclass DeckLinkCameraDriver[m[Kâ€™ has no member named â€˜[01m[Kget_logger[m[Kâ€™
  139 |             RCLCPP_ERROR(this->[01;31m[Kget_logger[m[K(),
      |                                [01;31m[K^~~~~~~~~~[m[K
[01m[K/home/mhenkel/Documents/hi_decklink_ros2/src/decklink_camera_driver.cpp:140:27:[m[K [01;31m[Kerror: [m[Kinvalid operands of types â€˜[01m[Kconst char [9][m[Kâ€™ and â€˜[01m[Kconst char*[m[Kâ€™ to binary â€˜[01m[Koperator<<[m[Kâ€™
  140 |                 [32m[K"Device <"[m[K[01;31m[K<<[m[K[34m[K_device.get_long_name().c_str()[m[K<<"> received a bad frame, Err:" << to_string(err).c_str()
      |                 [32m[K~~~~~~~~~~[m[K[01;31m[K^~[m[K[34m[K~~~~~~~~~~~~~~~~~~~~~~~~~~~~~~~[m[K
      |                 [32m[K|[m[K                                        [34m[K|[m[K
      |                 [32m[Kconst char [9][m[K                           [34m[Kconst char*[m[K
[01m[K/home/mhenkel/Documents/hi_decklink_ros2/src/decklink_camera_driver.cpp:144:32:[m[K [01;31m[Kerror: [m[Kâ€˜[01m[Kclass DeckLinkCameraDriver[m[Kâ€™ has no member named â€˜[01m[Kget_logger[m[Kâ€™
  144 |             RCLCPP_ERROR(this->[01;31m[Kget_logger[m[K(),
      |                                [01;31m[K^~~~~~~~~~[m[K
[01m[K/home/mhenkel/Documents/hi_decklink_ros2/src/decklink_camera_driver.cpp:144:32:[m[K [01;31m[Kerror: [m[Kâ€˜[01m[Kclass DeckLinkCameraDriver[m[Kâ€™ has no member named â€˜[01m[Kget_logger[m[Kâ€™
[01m[K/home/mhenkel/Documents/hi_decklink_ros2/src/decklink_camera_driver.cpp:144:13:[m[K [01;31m[Kerror: [m[Ktemplate argument 1 is invalid
  144 |             [01;31m[KRCLCPP_ERROR[m[K(this->get_logger(),
      |             [01;31m[K^~~~~~~~~~~~[m[K
[01m[K/home/mhenkel/Documents/hi_decklink_ros2/src/decklink_camera_driver.cpp:144:13:[m[K [01;31m[Kerror: [m[Ktemplate argument 1 is invalid
  144 |             [01;31m[KRCLCPP_ERROR[m[K(this->get_logger(),
      |             [01;31m[K^~~~~~~~~~~~[m[K
[01m[K/home/mhenkel/Documents/hi_decklink_ros2/src/decklink_camera_driver.cpp:144:13:[m[K [01;31m[Kerror: [m[Ktemplate argument 1 is invalid
  144 |             [01;31m[KRCLCPP_ERROR[m[K(this->get_logger(),
      |             [01;31m[K^~~~~~~~~~~~[m[K
[01m[K/home/mhenkel/Documents/hi_decklink_ros2/src/decklink_camera_driver.cpp:144:32:[m[K [01;31m[Kerror: [m[Kâ€˜[01m[Kclass DeckLinkCameraDriver[m[Kâ€™ has no member named â€˜[01m[Kget_logger[m[Kâ€™
  144 |             RCLCPP_ERROR(this->[01;31m[Kget_logger[m[K(),
      |                                [01;31m[K^~~~~~~~~~[m[K
[01m[K/home/mhenkel/Documents/hi_decklink_ros2/src/decklink_camera_driver.cpp:144:32:[m[K [01;31m[Kerror: [m[Kâ€˜[01m[Kclass DeckLinkCameraDriver[m[Kâ€™ has no member named â€˜[01m[Kget_logger[m[Kâ€™
  144 |             RCLCPP_ERROR(this->[01;31m[Kget_logger[m[K(),
      |                                [01;31m[K^~~~~~~~~~[m[K
[01m[K/home/mhenkel/Documents/hi_decklink_ros2/src/decklink_camera_driver.cpp:145:27:[m[K [01;31m[Kerror: [m[Kinvalid operands of types â€˜[01m[Kconst char [9][m[Kâ€™ and â€˜[01m[Kconst char*[m[Kâ€™ to binary â€˜[01m[Koperator<<[m[Kâ€™
  145 |                 [32m[K"Device <"[m[K[01;31m[K<<[m[K[34m[K_device.get_long_name().c_str()[m[K<<"> eceived an unknown error, Err:" << to_string(err).c_str()
      |                 [32m[K~~~~~~~~~~[m[K[01;31m[K^~[m[K[34m[K~~~~~~~~~~~~~~~~~~~~~~~~~~~~~~~[m[K
      |                 [32m[K|[m[K                                        [34m[K|[m[K
      |                 [32m[Kconst char [9][m[K                           [34m[Kconst char*[m[K
[01m[K/home/mhenkel/Documents/hi_decklink_ros2/src/decklink_camera_driver.cpp:[m[K In member function â€˜[01m[Kvoid DeckLinkCameraDriver::[01;32m[Kon_video_format_changed[m[K(DeckLink::InputFormatChangedEvent, const DeckLink::DisplayMode&, DeckLink::DetectedVideoInputFormatFlags)[m[Kâ€™:
[01m[K/home/mhenkel/Documents/hi_decklink_ros2/src/decklink_camera_driver.cpp:161:34:[m[K [01;31m[Kerror: [m[Kâ€˜[01m[Kclass DeckLinkCameraDriver[m[Kâ€™ has no member named â€˜[01m[Kget_logger[m[Kâ€™
  161 |         RCLCPP_INFO_STREAM(this->[01;31m[Kget_logger[m[K(),
      |                                  [01;31m[K^~~~~~~~~~[m[K
[01m[K/home/mhenkel/Documents/hi_decklink_ros2/src/decklink_camera_driver.cpp:161:34:[m[K [01;31m[Kerror: [m[Kâ€˜[01m[Kclass DeckLinkCameraDriver[m[Kâ€™ has no member named â€˜[01m[Kget_logger[m[Kâ€™
[01m[K/home/mhenkel/Documents/hi_decklink_ros2/src/decklink_camera_driver.cpp:161:9:[m[K [01;31m[Kerror: [m[Ktemplate argument 1 is invalid
  161 |         [01;31m[KRCLCPP_INFO_STREAM[m[K(this->get_logger(),
      |         [01;31m[K^~~~~~~~~~~~~~~~~~[m[K
[01m[K/home/mhenkel/Documents/hi_decklink_ros2/src/decklink_camera_driver.cpp:161:9:[m[K [01;31m[Kerror: [m[Ktemplate argument 1 is invalid
  161 |         [01;31m[KRCLCPP_INFO_STREAM[m[K(this->get_logger(),
      |         [01;31m[K^~~~~~~~~~~~~~~~~~[m[K
[01m[K/home/mhenkel/Documents/hi_decklink_ros2/src/decklink_camera_driver.cpp:161:9:[m[K [01;31m[Kerror: [m[Ktemplate argument 1 is invalid
  161 |         [01;31m[KRCLCPP_INFO_STREAM[m[K(this->get_logger(),
      |         [01;31m[K^~~~~~~~~~~~~~~~~~[m[K
[01m[K/home/mhenkel/Documents/hi_decklink_ros2/src/decklink_camera_driver.cpp:161:34:[m[K [01;31m[Kerror: [m[Kâ€˜[01m[Kclass DeckLinkCameraDriver[m[Kâ€™ has no member named â€˜[01m[Kget_logger[m[Kâ€™
  161 |         RCLCPP_INFO_STREAM(this->[01;31m[Kget_logger[m[K(),
      |                                  [01;31m[K^~~~~~~~~~[m[K
[01m[K/home/mhenkel/Documents/hi_decklink_ros2/src/decklink_camera_driver.cpp:161:34:[m[K [01;31m[Kerror: [m[Kâ€˜[01m[Kclass DeckLinkCameraDriver[m[Kâ€™ has no member named â€˜[01m[Kget_logger[m[Kâ€™
  161 |         RCLCPP_INFO_STREAM(this->[01;31m[Kget_logger[m[K(),
      |                                  [01;31m[K^~~~~~~~~~[m[K
[01m[K/home/mhenkel/Documents/hi_decklink_ros2/src/decklink_camera_driver.cpp:168:34:[m[K [01;31m[Kerror: [m[Kâ€˜[01m[Kclass DeckLinkCameraDriver[m[Kâ€™ has no member named â€˜[01m[Kget_logger[m[Kâ€™
  168 |         RCLCPP_INFO_STREAM(this->[01;31m[Kget_logger[m[K(),
      |                                  [01;31m[K^~~~~~~~~~[m[K
[01m[K/home/mhenkel/Documents/hi_decklink_ros2/src/decklink_camera_driver.cpp:168:34:[m[K [01;31m[Kerror: [m[Kâ€˜[01m[Kclass DeckLinkCameraDriver[m[Kâ€™ has no member named â€˜[01m[Kget_logger[m[Kâ€™
[01m[K/home/mhenkel/Documents/hi_decklink_ros2/src/decklink_camera_driver.cpp:168:9:[m[K [01;31m[Kerror: [m[Ktemplate argument 1 is invalid
  168 |         [01;31m[KRCLCPP_INFO_STREAM[m[K(this->get_logger(),
      |         [01;31m[K^~~~~~~~~~~~~~~~~~[m[K
[01m[K/home/mhenkel/Documents/hi_decklink_ros2/src/decklink_camera_driver.cpp:168:9:[m[K [01;31m[Kerror: [m[Ktemplate argument 1 is invalid
  168 |         [01;31m[KRCLCPP_INFO_STREAM[m[K(this->get_logger(),
      |         [01;31m[K^~~~~~~~~~~~~~~~~~[m[K
[01m[K/home/mhenkel/Documents/hi_decklink_ros2/src/decklink_camera_driver.cpp:168:9:[m[K [01;31m[Kerror: [m[Ktemplate argument 1 is invalid
  168 |         [01;31m[KRCLCPP_INFO_STREAM[m[K(this->get_logger(),
      |         [01;31m[K^~~~~~~~~~~~~~~~~~[m[K
[01m[K/home/mhenkel/Documents/hi_decklink_ros2/src/decklink_camera_driver.cpp:168:34:[m[K [01;31m[Kerror: [m[Kâ€˜[01m[Kclass DeckLinkCameraDriver[m[Kâ€™ has no member named â€˜[01m[Kget_logger[m[Kâ€™
  168 |         RCLCPP_INFO_STREAM(this->[01;31m[Kget_logger[m[K(),
      |                                  [01;31m[K^~~~~~~~~~[m[K
[01m[K/home/mhenkel/Documents/hi_decklink_ros2/src/decklink_camera_driver.cpp:168:34:[m[K [01;31m[Kerror: [m[Kâ€˜[01m[Kclass DeckLinkCameraDriver[m[Kâ€™ has no member named â€˜[01m[Kget_logger[m[Kâ€™
  168 |         RCLCPP_INFO_STREAM(this->[01;31m[Kget_logger[m[K(),
      |                                  [01;31m[K^~~~~~~~~~[m[K
[01m[K/home/mhenkel/Documents/hi_decklink_ros2/src/decklink_camera_driver.cpp:176:34:[m[K [01;31m[Kerror: [m[Kâ€˜[01m[Kclass DeckLinkCameraDriver[m[Kâ€™ has no member named â€˜[01m[Kget_logger[m[Kâ€™
  176 |         RCLCPP_INFO_STREAM(this->[01;31m[Kget_logger[m[K(),
      |                                  [01;31m[K^~~~~~~~~~[m[K
[01m[K/home/mhenkel/Documents/hi_decklink_ros2/src/decklink_camera_driver.cpp:176:34:[m[K [01;31m[Kerror: [m[Kâ€˜[01m[Kclass DeckLinkCameraDriver[m[Kâ€™ has no member named â€˜[01m[Kget_logger[m[Kâ€™
[01m[K/home/mhenkel/Documents/hi_decklink_ros2/src/decklink_camera_driver.cpp:176:9:[m[K [01;31m[Kerror: [m[Ktemplate argument 1 is invalid
  176 |         [01;31m[KRCLCPP_INFO_STREAM[m[K(this->get_logger(),
      |         [01;31m[K^~~~~~~~~~~~~~~~~~[m[K
[01m[K/home/mhenkel/Documents/hi_decklink_ros2/src/decklink_camera_driver.cpp:176:9:[m[K [01;31m[Kerror: [m[Ktemplate argument 1 is invalid
  176 |         [01;31m[KRCLCPP_INFO_STREAM[m[K(this->get_logger(),
      |         [01;31m[K^~~~~~~~~~~~~~~~~~[m[K
[01m[K/home/mhenkel/Documents/hi_decklink_ros2/src/decklink_camera_driver.cpp:176:9:[m[K [01;31m[Kerror: [m[Ktemplate argument 1 is invalid
  176 |         [01;31m[KRCLCPP_INFO_STREAM[m[K(this->get_logger(),
      |         [01;31m[K^~~~~~~~~~~~~~~~~~[m[K
[01m[K/home/mhenkel/Documents/hi_decklink_ros2/src/decklink_camera_driver.cpp:176:34:[m[K [01;31m[Kerror: [m[Kâ€˜[01m[Kclass DeckLinkCameraDriver[m[Kâ€™ has no member named â€˜[01m[Kget_logger[m[Kâ€™
  176 |         RCLCPP_INFO_STREAM(this->[01;31m[Kget_logger[m[K(),
      |                                  [01;31m[K^~~~~~~~~~[m[K
[01m[K/home/mhenkel/Documents/hi_decklink_ros2/src/decklink_camera_driver.cpp:176:34:[m[K [01;31m[Kerror: [m[Kâ€˜[01m[Kclass DeckLinkCameraDriver[m[Kâ€™ has no member named â€˜[01m[Kget_logger[m[Kâ€™
  176 |         RCLCPP_INFO_STREAM(this->[01;31m[Kget_logger[m[K(),
      |                                  [01;31m[K^~~~~~~~~~[m[K
/usr/include/c++/13/bits/unique_ptr.h: In instantiation of â€˜[01m[Kstd::__detail::__unique_ptr_t<_Tp> std::[01;32m[Kmake_unique[m[K(_Args&& ...) [35m[K[with _Tp = image_transport::ImageTransport; _Args = {DeckLinkCameraDriver*}; __detail::__unique_ptr_t<_Tp> = __detail::__unique_ptr_t<image_transport::ImageTransport>][m[K[m[Kâ€™:
[01m[K/home/mhenkel/Documents/hi_decklink_ros2/include/decklink_camera_driver.hpp:35:64:[m[K   required from here
[01m[K/usr/include/c++/13/bits/unique_ptr.h:1070:30:[m[K [01;31m[Kerror: [m[Kno matching function for call to â€˜[01m[Kimage_transport::ImageTransport::ImageTransport(DeckLinkCameraDriver*)[m[Kâ€™
 1070 |     { return unique_ptr<_Tp>([01;31m[Knew _Tp(std::forward<_Args>(__args)...)[m[K); }
      |                              [01;31m[K^~~~~~~~~~~~~~~~~~~~~~~~~~~~~~~~~~~~~~~[m[K
In file included from [01m[K/home/mhenkel/Documents/hi_decklink_ros2/include/decklink_camera_driver.hpp:11[m[K:
[01m[K/opt/ros/jazzy/include/image_transport/image_transport/image_transport.hpp:113:12:[m[K [01;36m[Knote: [m[Kcandidate: â€˜[01m[Kimage_transport::ImageTransport::[01;32m[KImageTransport[m[K(rclcpp::Node::SharedPtr)[m[Kâ€™
  113 |   explicit [01;36m[KImageTransport[m[K(rclcpp::Node::SharedPtr node);
      |            [01;36m[K^~~~~~~~~~~~~~[m[K
[01m[K/opt/ros/jazzy/include/image_transport/image_transport/image_transport.hpp:113:51:[m[K [01;36m[Knote: [m[K  no known conversion for argument 1 from â€˜[01m[KDeckLinkCameraDriver*[m[Kâ€™ to â€˜[01m[Krclcpp::Node::SharedPtr[m[Kâ€™ {aka â€˜[01m[Kstd::shared_ptr<rclcpp::Node>[m[Kâ€™}
  113 |   explicit ImageTransport([01;36m[Krclcpp::Node::SharedPtr node[m[K);
      |                           [01;36m[K~~~~~~~~~~~~~~~~~~~~~~~~^~~~[m[K
gmake[2]: *** [CMakeFiles/publisher.dir/build.make:76: CMakeFiles/publisher.dir/src/publisher.cpp.o] Error 1
gmake[2]: *** Waiting for unfinished jobs....
gmake[2]: *** [CMakeFiles/publisher.dir/build.make:90: CMakeFiles/publisher.dir/src/decklink_camera_driver.cpp.o] Error 1
gmake[1]: *** [CMakeFiles/Makefile2:168: CMakeFiles/publisher.dir/all] Error 2
gmake: *** [Makefile:146: all] Error 2
